<?xml version="1.0" encoding="UTF-8"?>
<robot generator="Robot 3.2.1 (Python 3.8.5 on win32)" generated="20210607 22:27:23.611" rpa="false">
<suite id="s1" name="Cadastro Cliente" source="c:\qaninja\ze-palheta\resources\cadastro_cliente.robot">
<test id="s1-t1" name="Novo cliente">
<kw name="Login Session" library="hooks" type="setup">
<kw name="Start Session" library="hooks">
<kw name="Open Browser" library="SeleniumLibrary">
<doc>Opens a new browser instance to the optional ``url``.</doc>
<arguments>
<arg>about:blank</arg>
<arg>chrome</arg>
</arguments>
<msg timestamp="20210607 22:27:24.245" level="INFO">Opening browser 'chrome' to base url 'about:blank'.</msg>
<status status="PASS" starttime="20210607 22:27:24.243" endtime="20210607 22:27:25.580"></status>
</kw>
<kw name="Maximize Browser Window" library="SeleniumLibrary">
<doc>Maximizes current browser window.</doc>
<status status="PASS" starttime="20210607 22:27:25.584" endtime="20210607 22:27:25.702"></status>
</kw>
<status status="PASS" starttime="20210607 22:27:24.242" endtime="20210607 22:27:25.703"></status>
</kw>
<kw name="Go To" library="SeleniumLibrary">
<doc>Navigates the current browser window to the provided ``url``.</doc>
<arguments>
<arg>${base_url}</arg>
</arguments>
<msg timestamp="20210607 22:27:25.705" level="INFO">Opening url 'http://zepalheta-web:3000'</msg>
<status status="PASS" starttime="20210607 22:27:25.704" endtime="20210607 22:27:27.353"></status>
</kw>
<kw name="Login With" library="LoginPage">
<arguments>
<arg>${admin_user}</arg>
<arg>${admin_pass}</arg>
</arguments>
<kw name="Input Text" library="SeleniumLibrary">
<doc>Types the given ``text`` into the text field identified by ``locator``.</doc>
<arguments>
<arg>id:txtEmail</arg>
<arg>${email}</arg>
</arguments>
<msg timestamp="20210607 22:27:27.360" level="INFO">Typing text 'admin@zepalheta.com.br' into text field 'id:txtEmail'.</msg>
<status status="PASS" starttime="20210607 22:27:27.359" endtime="20210607 22:27:27.731"></status>
</kw>
<kw name="Input Text" library="SeleniumLibrary">
<doc>Types the given ``text`` into the text field identified by ``locator``.</doc>
<arguments>
<arg>css:input[placeholder=Senha]</arg>
<arg>${password}</arg>
</arguments>
<msg timestamp="20210607 22:27:27.733" level="INFO">Typing text 'pwd123' into text field 'css:input[placeholder=Senha]'.</msg>
<status status="PASS" starttime="20210607 22:27:27.732" endtime="20210607 22:27:27.833"></status>
</kw>
<kw name="Click Element" library="SeleniumLibrary">
<doc>Click the element identified by ``locator``.</doc>
<arguments>
<arg>xpath://button[text()='Entrar']</arg>
</arguments>
<msg timestamp="20210607 22:27:27.835" level="INFO">Clicking element 'xpath://button[text()='Entrar']'.</msg>
<status status="PASS" starttime="20210607 22:27:27.834" endtime="20210607 22:27:27.888"></status>
</kw>
<status status="PASS" starttime="20210607 22:27:27.355" endtime="20210607 22:27:27.889"></status>
</kw>
<status status="PASS" starttime="20210607 22:27:24.240" endtime="20210607 22:27:27.890"></status>
</kw>
<kw name="Dado que acesso o formulário do cadastro de clientes" library="kws">
<kw name="Wait Until Element Is Visible" library="SeleniumLibrary">
<doc>Waits until the element ``locator`` is visible.</doc>
<arguments>
<arg>${NAV_CUSTOMERS}</arg>
<arg>5</arg>
</arguments>
<status status="PASS" starttime="20210607 22:27:27.893" endtime="20210607 22:27:28.127"></status>
</kw>
<kw name="Click Element" library="SeleniumLibrary">
<doc>Click the element identified by ``locator``.</doc>
<arguments>
<arg>${NAV_CUSTOMERS}</arg>
</arguments>
<msg timestamp="20210607 22:27:28.129" level="INFO">Clicking element 'css:a[href$=customers]'.</msg>
<status status="PASS" starttime="20210607 22:27:28.128" endtime="20210607 22:27:28.170"></status>
</kw>
<kw name="Wait Until Element Is Visible" library="SeleniumLibrary">
<doc>Waits until the element ``locator`` is visible.</doc>
<arguments>
<arg>${CUSTOMER_FORM}</arg>
<arg>5</arg>
</arguments>
<status status="PASS" starttime="20210607 22:27:28.171" endtime="20210607 22:27:28.203"></status>
</kw>
<kw name="Click Element" library="SeleniumLibrary">
<doc>Click the element identified by ``locator``.</doc>
<arguments>
<arg>${CUSTOMER_FORM}</arg>
</arguments>
<msg timestamp="20210607 22:27:28.205" level="INFO">Clicking element 'css:a[href$=register]'.</msg>
<status status="PASS" starttime="20210607 22:27:28.204" endtime="20210607 22:27:28.257"></status>
</kw>
<status status="PASS" starttime="20210607 22:27:27.891" endtime="20210607 22:27:28.258"></status>
</kw>
<kw name="Quando faço a inclusão deste cliente:" library="kws">
<arguments>
<arg>Bon Jovi</arg>
<arg>00000001406</arg>
<arg>Rua dos Bugs, 1000</arg>
<arg>51999999999</arg>
</arguments>
<kw name="Register New Customer" library="CustomersPage">
<arguments>
<arg>${name}</arg>
<arg>${cpf}</arg>
<arg>${address}</arg>
<arg>${phone_number}</arg>
</arguments>
<kw name="Input Text" library="SeleniumLibrary">
<doc>Types the given ``text`` into the text field identified by ``locator``.</doc>
<arguments>
<arg>id:name</arg>
<arg>${name}</arg>
</arguments>
<msg timestamp="20210607 22:27:28.265" level="INFO">Typing text 'Bon Jovi' into text field 'id:name'.</msg>
<status status="PASS" starttime="20210607 22:27:28.264" endtime="20210607 22:27:28.334"></status>
</kw>
<kw name="Input Text" library="SeleniumLibrary">
<doc>Types the given ``text`` into the text field identified by ``locator``.</doc>
<arguments>
<arg>id:cpf</arg>
<arg>${cpf}</arg>
</arguments>
<msg timestamp="20210607 22:27:28.336" level="INFO">Typing text '00000001406' into text field 'id:cpf'.</msg>
<status status="PASS" starttime="20210607 22:27:28.335" endtime="20210607 22:27:28.430"></status>
</kw>
<kw name="Input Text" library="SeleniumLibrary">
<doc>Types the given ``text`` into the text field identified by ``locator``.</doc>
<arguments>
<arg>id:address</arg>
<arg>${address}</arg>
</arguments>
<msg timestamp="20210607 22:27:28.432" level="INFO">Typing text 'Rua dos Bugs, 1000' into text field 'id:address'.</msg>
<status status="PASS" starttime="20210607 22:27:28.431" endtime="20210607 22:27:28.522"></status>
</kw>
<kw name="Input Text" library="SeleniumLibrary">
<doc>Types the given ``text`` into the text field identified by ``locator``.</doc>
<arguments>
<arg>id:phone_number</arg>
<arg>${phone_number}</arg>
</arguments>
<msg timestamp="20210607 22:27:28.525" level="INFO">Typing text '51999999999' into text field 'id:phone_number'.</msg>
<status status="PASS" starttime="20210607 22:27:28.523" endtime="20210607 22:27:28.601"></status>
</kw>
<kw name="Click Element" library="SeleniumLibrary">
<doc>Click the element identified by ``locator``.</doc>
<arguments>
<arg>xpath://button[text()='CADASTRAR']</arg>
</arguments>
<msg timestamp="20210607 22:27:28.603" level="INFO">Clicking element 'xpath://button[text()='CADASTRAR']'.</msg>
<status status="PASS" starttime="20210607 22:27:28.602" endtime="20210607 22:27:28.657"></status>
</kw>
<status status="PASS" starttime="20210607 22:27:28.261" endtime="20210607 22:27:28.658"></status>
</kw>
<status status="PASS" starttime="20210607 22:27:28.259" endtime="20210607 22:27:28.659"></status>
</kw>
<kw name="Então devo ver a notificação:" library="kws">
<arguments>
<arg>Cliente cadastrado com sucesso!</arg>
</arguments>
<kw name="Wait Until Element Contains" library="SeleniumLibrary">
<doc>Waits until the element ``locator`` contains ``text``.</doc>
<arguments>
<arg>${TOASTER_SUCCESS}</arg>
<arg>${expect_notice}</arg>
<arg>5</arg>
</arguments>
<kw name="Capture Page Screenshot" library="SeleniumLibrary">
<doc>Takes a screenshot of the current page and embeds it into a log file.</doc>
<msg timestamp="20210607 22:27:33.993" level="INFO" html="yes">&lt;/td&gt;&lt;/tr&gt;&lt;tr&gt;&lt;td colspan="3"&gt;&lt;a href="selenium-screenshot-6.png"&gt;&lt;img src="selenium-screenshot-6.png" width="800px"&gt;&lt;/a&gt;</msg>
<status status="PASS" starttime="20210607 22:27:33.867" endtime="20210607 22:27:33.993"></status>
</kw>
<msg timestamp="20210607 22:27:34.013" level="FAIL">Element with locator 'css:div[type=sucess] strong' not found.</msg>
<status status="FAIL" starttime="20210607 22:27:28.662" endtime="20210607 22:27:34.013"></status>
</kw>
<status status="FAIL" starttime="20210607 22:27:28.660" endtime="20210607 22:27:34.015"></status>
</kw>
<kw name="Finish Session" library="hooks" type="teardown">
<kw name="Close Browser" library="SeleniumLibrary">
<doc>Closes the current browser.</doc>
<status status="PASS" starttime="20210607 22:27:34.019" endtime="20210607 22:27:36.197"></status>
</kw>
<status status="PASS" starttime="20210607 22:27:34.017" endtime="20210607 22:27:36.198"></status>
</kw>
<status status="FAIL" starttime="20210607 22:27:24.237" endtime="20210607 22:27:36.199" critical="yes">Element with locator 'css:div[type=sucess] strong' not found.</status>
</test>
<test id="s1-t2" name="Campos Obrigatórios">
<kw name="Login Session" library="hooks" type="setup">
<kw name="Start Session" library="hooks">
<kw name="Open Browser" library="SeleniumLibrary">
<doc>Opens a new browser instance to the optional ``url``.</doc>
<arguments>
<arg>about:blank</arg>
<arg>chrome</arg>
</arguments>
<msg timestamp="20210607 22:27:36.207" level="INFO">Opening browser 'chrome' to base url 'about:blank'.</msg>
<status status="PASS" starttime="20210607 22:27:36.206" endtime="20210607 22:27:37.471"></status>
</kw>
<kw name="Maximize Browser Window" library="SeleniumLibrary">
<doc>Maximizes current browser window.</doc>
<status status="PASS" starttime="20210607 22:27:37.473" endtime="20210607 22:27:37.601"></status>
</kw>
<status status="PASS" starttime="20210607 22:27:36.205" endtime="20210607 22:27:37.606"></status>
</kw>
<kw name="Go To" library="SeleniumLibrary">
<doc>Navigates the current browser window to the provided ``url``.</doc>
<arguments>
<arg>${base_url}</arg>
</arguments>
<msg timestamp="20210607 22:27:37.615" level="INFO">Opening url 'http://zepalheta-web:3000'</msg>
<status status="PASS" starttime="20210607 22:27:37.610" endtime="20210607 22:27:39.458"></status>
</kw>
<kw name="Login With" library="LoginPage">
<arguments>
<arg>${admin_user}</arg>
<arg>${admin_pass}</arg>
</arguments>
<kw name="Input Text" library="SeleniumLibrary">
<doc>Types the given ``text`` into the text field identified by ``locator``.</doc>
<arguments>
<arg>id:txtEmail</arg>
<arg>${email}</arg>
</arguments>
<msg timestamp="20210607 22:27:39.464" level="INFO">Typing text 'admin@zepalheta.com.br' into text field 'id:txtEmail'.</msg>
<status status="PASS" starttime="20210607 22:27:39.462" endtime="20210607 22:27:39.829"></status>
</kw>
<kw name="Input Text" library="SeleniumLibrary">
<doc>Types the given ``text`` into the text field identified by ``locator``.</doc>
<arguments>
<arg>css:input[placeholder=Senha]</arg>
<arg>${password}</arg>
</arguments>
<msg timestamp="20210607 22:27:39.831" level="INFO">Typing text 'pwd123' into text field 'css:input[placeholder=Senha]'.</msg>
<status status="PASS" starttime="20210607 22:27:39.829" endtime="20210607 22:27:39.927"></status>
</kw>
<kw name="Click Element" library="SeleniumLibrary">
<doc>Click the element identified by ``locator``.</doc>
<arguments>
<arg>xpath://button[text()='Entrar']</arg>
</arguments>
<msg timestamp="20210607 22:27:39.928" level="INFO">Clicking element 'xpath://button[text()='Entrar']'.</msg>
<status status="PASS" starttime="20210607 22:27:39.928" endtime="20210607 22:27:39.990"></status>
</kw>
<status status="PASS" starttime="20210607 22:27:39.459" endtime="20210607 22:27:39.991"></status>
</kw>
<status status="PASS" starttime="20210607 22:27:36.204" endtime="20210607 22:27:39.992"></status>
</kw>
<kw name="Dado que acesso o formulário do cadastro de clientes" library="kws">
<kw name="Wait Until Element Is Visible" library="SeleniumLibrary">
<doc>Waits until the element ``locator`` is visible.</doc>
<arguments>
<arg>${NAV_CUSTOMERS}</arg>
<arg>5</arg>
</arguments>
<status status="PASS" starttime="20210607 22:27:39.996" endtime="20210607 22:27:40.230"></status>
</kw>
<kw name="Click Element" library="SeleniumLibrary">
<doc>Click the element identified by ``locator``.</doc>
<arguments>
<arg>${NAV_CUSTOMERS}</arg>
</arguments>
<msg timestamp="20210607 22:27:40.232" level="INFO">Clicking element 'css:a[href$=customers]'.</msg>
<status status="PASS" starttime="20210607 22:27:40.231" endtime="20210607 22:27:40.275"></status>
</kw>
<kw name="Wait Until Element Is Visible" library="SeleniumLibrary">
<doc>Waits until the element ``locator`` is visible.</doc>
<arguments>
<arg>${CUSTOMER_FORM}</arg>
<arg>5</arg>
</arguments>
<status status="PASS" starttime="20210607 22:27:40.276" endtime="20210607 22:27:40.309"></status>
</kw>
<kw name="Click Element" library="SeleniumLibrary">
<doc>Click the element identified by ``locator``.</doc>
<arguments>
<arg>${CUSTOMER_FORM}</arg>
</arguments>
<msg timestamp="20210607 22:27:40.311" level="INFO">Clicking element 'css:a[href$=register]'.</msg>
<status status="PASS" starttime="20210607 22:27:40.310" endtime="20210607 22:27:40.365"></status>
</kw>
<status status="PASS" starttime="20210607 22:27:39.993" endtime="20210607 22:27:40.367"></status>
</kw>
<kw name="Quando faço a inclusão desse cliente:">
<arguments>
<arg>${EMPTY}</arg>
<arg>${EMPTY}</arg>
<arg>${EMPTY}</arg>
<arg>${EMPTY}</arg>
</arguments>
<msg timestamp="20210607 22:27:40.399" level="FAIL">No keyword with name 'Quando faço a inclusão desse cliente:' found. Did you mean:
    kws.Quando Faço A Inclusão Deste Cliente:</msg>
<status status="FAIL" starttime="20210607 22:27:40.399" endtime="20210607 22:27:40.399"></status>
</kw>
<kw name="Finish Session" library="hooks" type="teardown">
<kw name="Close Browser" library="SeleniumLibrary">
<doc>Closes the current browser.</doc>
<status status="PASS" starttime="20210607 22:27:40.402" endtime="20210607 22:27:42.665"></status>
</kw>
<status status="PASS" starttime="20210607 22:27:40.401" endtime="20210607 22:27:42.668"></status>
</kw>
<status status="FAIL" starttime="20210607 22:27:36.201" endtime="20210607 22:27:42.668" critical="yes">No keyword with name 'Quando faço a inclusão desse cliente:' found. Did you mean:
    kws.Quando Faço A Inclusão Deste Cliente:</status>
</test>
<doc>Cadastro de clientes</doc>
<status status="FAIL" starttime="20210607 22:27:23.618" endtime="20210607 22:27:42.671"></status>
</suite>
<statistics>
<total>
<stat pass="0" fail="2">Critical Tests</stat>
<stat pass="0" fail="2">All Tests</stat>
</total>
<tag>
</tag>
<suite>
<stat pass="0" fail="2" id="s1" name="Cadastro Cliente">Cadastro Cliente</stat>
</suite>
</statistics>
<errors>
</errors>
</robot>
