<?xml version="1.0" encoding="UTF-8"?>
<robot generator="Robot 3.2.1 (Python 3.8.5 on win32)" generated="20210715 23:36:07.872" rpa="false">
<suite id="s1" name="Customers" source="c:\qaninja\ze-palheta\tests\api\customers.robot">
<test id="s1-t1" name="New Customer">
<kw name="Create Session" library="RequestsLibrary">
<doc>Create Session: create a HTTP session to a server</doc>
<arguments>
<arg>zp-api</arg>
<arg>${base_url_api}</arg>
</arguments>
<msg timestamp="20210715 23:36:08.218" level="INFO">Creating Session using : alias=zp-api, url=http://zepalheta-api:3333, headers={},                     cookies={}, auth=None, timeout=None, proxies=None, verify=False,                     debug=0 </msg>
<status status="PASS" starttime="20210715 23:36:08.216" endtime="20210715 23:36:08.219"></status>
</kw>
<kw name="Create Dictionary" library="BuiltIn">
<doc>Creates and returns a dictionary based on the given ``items``.</doc>
<arguments>
<arg>name=Flea</arg>
<arg>cpf=777.777.777-77</arg>
<arg>address=Rua dos Bugs, 1000</arg>
<arg>phone_number=5199988663344</arg>
</arguments>
<assign>
<var>&amp;{payload}</var>
</assign>
<msg timestamp="20210715 23:36:08.223" level="INFO">&amp;{payload} = { name=Flea | cpf=777.777.777-77 | address=Rua dos Bugs, 1000 | phone_number=5199988663344 }</msg>
<status status="PASS" starttime="20210715 23:36:08.220" endtime="20210715 23:36:08.223"></status>
</kw>
<kw name="Create Dictionary" library="BuiltIn">
<doc>Creates and returns a dictionary based on the given ``items``.</doc>
<arguments>
<arg>content-type=application/jason</arg>
<arg>authorization=Bearer eyJhbGciOiJIUzI1NiIsInR5cCI6IkpXVCJ9.eyJpYXQiOjE2MjYzOTk3MzYsImV4cCI6MTYyNjQ4NjEzNiwic3ViIjoiODUyNGE2MWUtZWY0Ny00NWJjLTgxMDUtMjZkMjIyNTYwNGZhIn0.25fKAlGxR1XTo90sN55pNN6lpaxBRsHu-KGOCOPD8VM</arg>
</arguments>
<assign>
<var>&amp;{headers}</var>
</assign>
<msg timestamp="20210715 23:36:08.226" level="INFO">&amp;{headers} = { content-type=application/jason | authorization=Bearer eyJhbGciOiJIUzI1NiIsInR5cCI6IkpXVCJ9.eyJpYXQiOjE2MjYzOTk3MzYsImV4cCI6MTYyNjQ4NjEzNiwic3ViIjoiODUyNGE2MWUtZWY0Ny00NWJjLTgxMDUtMjZkMjIyNTYwNGZhIn0...</msg>
<status status="PASS" starttime="20210715 23:36:08.224" endtime="20210715 23:36:08.226"></status>
</kw>
<kw name="Delete Request" library="RequestsLibrary">
<doc>Send a DELETE request on the session object found using the
given `alias`</doc>
<arguments>
<arg>zp-api</arg>
<arg>/customers/${payload['cpf']}</arg>
<arg>headers=${headers}</arg>
</arguments>
<msg timestamp="20210715 23:36:08.257" level="INFO">DELETE Request : url=http://zepalheta-api:3333/customers/777.777.777-77 
 path_url=/customers/777.777.777-77 
 headers={'User-Agent': 'python-requests/2.24.0', 'Accept-Encoding': 'gzip, deflate', 'Accept': '*/*', 'Connection': 'keep-alive', 'content-type': 'application/jason', 'authorization': 'Bearer eyJhbGciOiJIUzI1NiIsInR5cCI6IkpXVCJ9.eyJpYXQiOjE2MjYzOTk3MzYsImV4cCI6MTYyNjQ4NjEzNiwic3ViIjoiODUyNGE2MWUtZWY0Ny00NWJjLTgxMDUtMjZkMjIyNTYwNGZhIn0.25fKAlGxR1XTo90sN55pNN6lpaxBRsHu-KGOCOPD8VM', 'Content-Length': '0'} 
 body=None 
 </msg>
<msg timestamp="20210715 23:36:08.257" level="INFO">DELETE Response : url=http://zepalheta-api:3333/customers/777.777.777-77 
 status=400, reason=Bad Request 
 body={"status":"error","message":"Customer not found"} 
 </msg>
<status status="PASS" starttime="20210715 23:36:08.226" endtime="20210715 23:36:08.257"></status>
</kw>
<kw name="Post Request" library="RequestsLibrary">
<doc>Send a POST request on the session object found using the
given `alias`</doc>
<arguments>
<arg>zp-api</arg>
<arg>/customers</arg>
<arg>data=${payload}</arg>
<arg>headers=${headers}</arg>
</arguments>
<assign>
<var>&amp;{resp}</var>
</assign>
<msg timestamp="20210715 23:36:08.274" level="INFO">POST Request : url=http://zepalheta-api:3333/customers 
 path_url=/customers 
 headers={'User-Agent': 'python-requests/2.24.0', 'Accept-Encoding': 'gzip, deflate', 'Accept': '*/*', 'Connection': 'keep-alive', 'content-type': 'application/jason', 'authorization': 'Bearer eyJhbGciOiJIUzI1NiIsInR5cCI6IkpXVCJ9.eyJpYXQiOjE2MjYzOTk3MzYsImV4cCI6MTYyNjQ4NjEzNiwic3ViIjoiODUyNGE2MWUtZWY0Ny00NWJjLTgxMDUtMjZkMjIyNTYwNGZhIn0.25fKAlGxR1XTo90sN55pNN6lpaxBRsHu-KGOCOPD8VM', 'Content-Length': '84'} 
 body=name=Flea&amp;cpf=777.777.777-77&amp;address=Rua+dos+Bugs%2C+1000&amp;phone_number=5199988663344 
 </msg>
<msg timestamp="20210715 23:36:08.274" level="INFO">POST Response : url=http://zepalheta-api:3333/customers 
 status=400, reason=Bad Request 
 body={"statusCode":400,"error":"Bad Request","message":"\"name\" is required","validation":{"source":"body","keys":["name"]}} 
 </msg>
<msg timestamp="20210715 23:36:08.275" level="FAIL">Cannot set variable '&amp;{resp}': Expected dictionary-like value, got Response.</msg>
<status status="FAIL" starttime="20210715 23:36:08.258" endtime="20210715 23:36:08.275"></status>
</kw>
<status status="FAIL" starttime="20210715 23:36:08.212" endtime="20210715 23:36:08.276" critical="yes">Cannot set variable '&amp;{resp}': Expected dictionary-like value, got Response.</status>
</test>
<status status="FAIL" starttime="20210715 23:36:07.877" endtime="20210715 23:36:08.279"></status>
</suite>
<statistics>
<total>
<stat pass="0" fail="1">Critical Tests</stat>
<stat pass="0" fail="1">All Tests</stat>
</total>
<tag>
</tag>
<suite>
<stat pass="0" fail="1" id="s1" name="Customers">Customers</stat>
</suite>
</statistics>
<errors>
</errors>
</robot>
