<?xml version="1.0" encoding="UTF-8"?>
<robot generator="Robot 3.2.1 (Python 3.8.5 on win32)" generated="20200814 09:26:37.566" rpa="false">
<suite id="s1" name="Login" source="C:\qaninja\ze-palheta\login.robot">
<test id="s1-t1" name="Login do Administrador">
<kw name="Acesso a página Login">
<kw name="Open Browser" library="SeleniumLibrary">
<doc>Opens a new browser instance to the optional ``url``.</doc>
<arguments>
<arg>http://zepalheta-web:3000/</arg>
<arg>chrome</arg>
</arguments>
<msg timestamp="20200814 09:26:37.780" level="INFO">Opening browser 'chrome' to base url 'http://zepalheta-web:3000/'.</msg>
<status status="PASS" starttime="20200814 09:26:37.780" endtime="20200814 09:26:41.849"></status>
</kw>
<kw name="Maximize Browser Window" library="SeleniumLibrary">
<doc>Maximizes current browser window.</doc>
<status status="PASS" starttime="20200814 09:26:41.850" endtime="20200814 09:26:43.981"></status>
</kw>
<status status="PASS" starttime="20200814 09:26:37.780" endtime="20200814 09:26:43.982"></status>
</kw>
<kw name="Submeto minhas credenciais">
<arguments>
<arg>admin@zepalheta.com.br</arg>
<arg>pwd123</arg>
</arguments>
<kw name="Input Text" library="SeleniumLibrary">
<doc>Types the given ``text`` into the text field identified by ``locator``.</doc>
<arguments>
<arg>id:txtEmail</arg>
<arg>${email}</arg>
</arguments>
<msg timestamp="20200814 09:26:43.982" level="INFO">Typing text 'admin@zepalheta.com.br' into text field 'id:txtEmail'.</msg>
<status status="PASS" starttime="20200814 09:26:43.982" endtime="20200814 09:26:44.071"></status>
</kw>
<kw name="Input Text" library="SeleniumLibrary">
<doc>Types the given ``text`` into the text field identified by ``locator``.</doc>
<arguments>
<arg>css:input[placeholder=Senha]</arg>
<arg>${password}</arg>
</arguments>
<msg timestamp="20200814 09:26:44.071" level="INFO">Typing text 'pwd123' into text field 'css:input[placeholder=Senha]'.</msg>
<status status="PASS" starttime="20200814 09:26:44.071" endtime="20200814 09:26:44.159"></status>
</kw>
<kw name="Click Element" library="SeleniumLibrary">
<doc>Click the element identified by ``locator``.</doc>
<arguments>
<arg>xpath://button[text()='Entrar']</arg>
</arguments>
<msg timestamp="20200814 09:26:44.160" level="INFO">Clicking element 'xpath://button[text()='Entrar']'.</msg>
<status status="PASS" starttime="20200814 09:26:44.160" endtime="20200814 09:26:44.213"></status>
</kw>
<status status="PASS" starttime="20200814 09:26:43.982" endtime="20200814 09:26:44.213"></status>
</kw>
<kw name="Devo ver a área logada">
<kw name="Wait Until Page Contains" library="SeleniumLibrary">
<doc>Waits until ``text`` appears on the current page.</doc>
<arguments>
<arg>Aluguéis</arg>
<arg>5</arg>
</arguments>
<status status="PASS" starttime="20200814 09:26:44.214" endtime="20200814 09:26:44.445"></status>
</kw>
<kw name="Close Browser" library="SeleniumLibrary">
<doc>Closes the current browser.</doc>
<status status="PASS" starttime="20200814 09:26:44.445" endtime="20200814 09:26:46.613"></status>
</kw>
<status status="PASS" starttime="20200814 09:26:44.213" endtime="20200814 09:26:46.613"></status>
</kw>
<status status="PASS" starttime="20200814 09:26:37.779" endtime="20200814 09:26:46.614" critical="yes"></status>
</test>
<doc>Login</doc>
<status status="PASS" starttime="20200814 09:26:37.568" endtime="20200814 09:26:46.617"></status>
</suite>
<statistics>
<total>
<stat pass="1" fail="0">Critical Tests</stat>
<stat pass="1" fail="0">All Tests</stat>
</total>
<tag>
</tag>
<suite>
<stat pass="1" fail="0" id="s1" name="Login">Login</stat>
</suite>
</statistics>
<errors>
</errors>
</robot>
