<?xml version="1.0" encoding="UTF-8"?>
<robot generator="Robot 3.2.1 (Python 3.8.5 on win32)" generated="20200819 09:51:13.721" rpa="false">
<suite id="s1" name="Login" source="C:\qaninja\ze-palheta\tests\login.robot">
<test id="s1-t1" name="Login do Administrador">
<kw name="Acesso a página Login" library="kws">
<kw name="Open Browser" library="SeleniumLibrary">
<doc>Opens a new browser instance to the optional ``url``.</doc>
<arguments>
<arg>http://zepalheta-web:3000/</arg>
<arg>chrome</arg>
</arguments>
<msg timestamp="20200819 09:51:14.639" level="INFO">Opening browser 'chrome' to base url 'http://zepalheta-web:3000/'.</msg>
<status status="PASS" starttime="20200819 09:51:14.639" endtime="20200819 09:51:18.775"></status>
</kw>
<kw name="Maximize Browser Window" library="SeleniumLibrary">
<doc>Maximizes current browser window.</doc>
<status status="PASS" starttime="20200819 09:51:18.776" endtime="20200819 09:51:20.908"></status>
</kw>
<status status="PASS" starttime="20200819 09:51:14.639" endtime="20200819 09:51:20.909"></status>
</kw>
<kw name="Submeto minhas credenciais" library="kws">
<arguments>
<arg>admin@zepalheta.com.br</arg>
<arg>pwd123</arg>
</arguments>
<kw name="Input Text" library="SeleniumLibrary">
<doc>Types the given ``text`` into the text field identified by ``locator``.</doc>
<arguments>
<arg>id:txtEmail</arg>
<arg>${email}</arg>
</arguments>
<msg timestamp="20200819 09:51:20.910" level="INFO">Typing text 'admin@zepalheta.com.br' into text field 'id:txtEmail'.</msg>
<status status="PASS" starttime="20200819 09:51:20.910" endtime="20200819 09:51:21.003"></status>
</kw>
<kw name="Input Text" library="SeleniumLibrary">
<doc>Types the given ``text`` into the text field identified by ``locator``.</doc>
<arguments>
<arg>css:input[placeholder=Senha]</arg>
<arg>${password}</arg>
</arguments>
<msg timestamp="20200819 09:51:21.004" level="INFO">Typing text 'pwd123' into text field 'css:input[placeholder=Senha]'.</msg>
<status status="PASS" starttime="20200819 09:51:21.003" endtime="20200819 09:51:21.087"></status>
</kw>
<kw name="Click Element" library="SeleniumLibrary">
<doc>Click the element identified by ``locator``.</doc>
<arguments>
<arg>xpath://button[text()='Entrar']</arg>
</arguments>
<msg timestamp="20200819 09:51:21.087" level="INFO">Clicking element 'xpath://button[text()='Entrar']'.</msg>
<status status="PASS" starttime="20200819 09:51:21.087" endtime="20200819 09:51:21.245"></status>
</kw>
<status status="PASS" starttime="20200819 09:51:20.909" endtime="20200819 09:51:21.245"></status>
</kw>
<kw name="Devo ver a área logada" library="kws">
<kw name="Wait Until Page Contains" library="SeleniumLibrary">
<doc>Waits until ``text`` appears on the current page.</doc>
<arguments>
<arg>Aluguéis</arg>
<arg>5</arg>
</arguments>
<status status="PASS" starttime="20200819 09:51:21.246" endtime="20200819 09:51:22.092"></status>
</kw>
<kw name="Close Browser" library="SeleniumLibrary">
<doc>Closes the current browser.</doc>
<status status="PASS" starttime="20200819 09:51:22.093" endtime="20200819 09:51:24.267"></status>
</kw>
<status status="PASS" starttime="20200819 09:51:21.246" endtime="20200819 09:51:24.267"></status>
</kw>
<status status="PASS" starttime="20200819 09:51:14.638" endtime="20200819 09:51:24.269" critical="yes"></status>
</test>
<doc>Login</doc>
<status status="PASS" starttime="20200819 09:51:13.724" endtime="20200819 09:51:24.274"></status>
</suite>
<statistics>
<total>
<stat pass="1" fail="0">Critical Tests</stat>
<stat pass="1" fail="0">All Tests</stat>
</total>
<tag>
</tag>
<suite>
<stat pass="1" fail="0" id="s1" name="Login">Login</stat>
</suite>
</statistics>
<errors>
</errors>
</robot>
