<?xml version="1.0" encoding="UTF-8"?>
<robot generator="Robot 3.2.1 (Python 3.8.5 on win32)" generated="20201028 17:54:42.498" rpa="false">
<suite id="s1" name="Cadastro Cliente" source="C:\qaninja\ze-palheta\tests\cadastro_cliente.robot">
<test id="s1-t1" name="Novo cliente">
<kw name="Login Session" library="hooks" type="setup">
<kw name="Start Session" library="hooks">
<kw name="Open Browser" library="SeleniumLibrary">
<doc>Opens a new browser instance to the optional ``url``.</doc>
<arguments>
<arg>about:blank</arg>
<arg>chrome</arg>
</arguments>
<msg timestamp="20201028 17:54:42.739" level="INFO">Opening browser 'chrome' to base url 'about:blank'.</msg>
<status status="PASS" starttime="20201028 17:54:42.739" endtime="20201028 17:54:46.158"></status>
</kw>
<kw name="Maximize Browser Window" library="SeleniumLibrary">
<doc>Maximizes current browser window.</doc>
<status status="PASS" starttime="20201028 17:54:46.158" endtime="20201028 17:54:48.290"></status>
</kw>
<status status="PASS" starttime="20201028 17:54:42.739" endtime="20201028 17:54:48.290"></status>
</kw>
<kw name="Go To" library="SeleniumLibrary">
<doc>Navigates the current browser window to the provided ``url``.</doc>
<arguments>
<arg>http://zepalheta-web:3000</arg>
</arguments>
<msg timestamp="20201028 17:54:48.290" level="INFO">Opening url 'http://zepalheta-web:3000'</msg>
<status status="PASS" starttime="20201028 17:54:48.290" endtime="20201028 17:54:48.812"></status>
</kw>
<kw name="Login With" library="LoginPage">
<arguments>
<arg>admin@zepalheta.com.br</arg>
<arg>pwd123</arg>
</arguments>
<kw name="Input Text" library="SeleniumLibrary">
<doc>Types the given ``text`` into the text field identified by ``locator``.</doc>
<arguments>
<arg>id:txtEmail</arg>
<arg>${email}</arg>
</arguments>
<msg timestamp="20201028 17:54:48.813" level="INFO">Typing text 'admin@zepalheta.com.br' into text field 'id:txtEmail'.</msg>
<status status="PASS" starttime="20201028 17:54:48.813" endtime="20201028 17:54:49.206"></status>
</kw>
<kw name="Input Text" library="SeleniumLibrary">
<doc>Types the given ``text`` into the text field identified by ``locator``.</doc>
<arguments>
<arg>css:input[placeholder=Senha]</arg>
<arg>${password}</arg>
</arguments>
<msg timestamp="20201028 17:54:49.206" level="INFO">Typing text 'pwd123' into text field 'css:input[placeholder=Senha]'.</msg>
<status status="PASS" starttime="20201028 17:54:49.206" endtime="20201028 17:54:49.282"></status>
</kw>
<kw name="Click Element" library="SeleniumLibrary">
<doc>Click the element identified by ``locator``.</doc>
<arguments>
<arg>xpath://button[text()='Entrar']</arg>
</arguments>
<msg timestamp="20201028 17:54:49.282" level="INFO">Clicking element 'xpath://button[text()='Entrar']'.</msg>
<status status="PASS" starttime="20201028 17:54:49.282" endtime="20201028 17:54:49.330"></status>
</kw>
<status status="PASS" starttime="20201028 17:54:48.812" endtime="20201028 17:54:49.331"></status>
</kw>
<status status="PASS" starttime="20201028 17:54:42.738" endtime="20201028 17:54:49.331"></status>
</kw>
<kw name="Dado que acesso o formulário do cadastro de clientes" library="kws">
<kw name="Wait Until Element Is Visible" library="SeleniumLibrary">
<doc>Waits until the element ``locator`` is visible.</doc>
<arguments>
<arg>${NAV_CUSTOMERS}</arg>
<arg>5</arg>
</arguments>
<status status="PASS" starttime="20201028 17:54:49.333" endtime="20201028 17:54:49.562"></status>
</kw>
<kw name="Click Element" library="SeleniumLibrary">
<doc>Click the element identified by ``locator``.</doc>
<arguments>
<arg>${NAV_CUSTOMERS}</arg>
</arguments>
<msg timestamp="20201028 17:54:49.562" level="INFO">Clicking element 'css:a[href$=customers]'.</msg>
<status status="PASS" starttime="20201028 17:54:49.562" endtime="20201028 17:54:49.604"></status>
</kw>
<kw name="Wait Until Element Is Visible" library="SeleniumLibrary">
<doc>Waits until the element ``locator`` is visible.</doc>
<arguments>
<arg>${CUSTOMER_FORM}</arg>
<arg>5</arg>
</arguments>
<status status="PASS" starttime="20201028 17:54:49.605" endtime="20201028 17:54:49.628"></status>
</kw>
<kw name="Click Element" library="SeleniumLibrary">
<doc>Click the element identified by ``locator``.</doc>
<arguments>
<arg>${CUSTOMER_FORM}</arg>
</arguments>
<msg timestamp="20201028 17:54:49.628" level="INFO">Clicking element 'css:a[href$=register]'.</msg>
<status status="PASS" starttime="20201028 17:54:49.628" endtime="20201028 17:54:49.679"></status>
</kw>
<status status="PASS" starttime="20201028 17:54:49.332" endtime="20201028 17:54:49.679"></status>
</kw>
<kw name="Quando faço a inclusão deste cliente:" library="kws">
<arguments>
<arg>Bon Jovi</arg>
<arg>00000001406</arg>
<arg>Rua dos Bugs, 1000</arg>
<arg>51999999999</arg>
</arguments>
<kw name="Register New Customer" library="CustomersPage">
<arguments>
<arg>${name}</arg>
<arg>${cpf}</arg>
<arg>${address}</arg>
<arg>${phone_number}</arg>
</arguments>
<kw name="Input Text" library="SeleniumLibrary">
<doc>Types the given ``text`` into the text field identified by ``locator``.</doc>
<arguments>
<arg>id:name</arg>
<arg>${name}</arg>
</arguments>
<msg timestamp="20201028 17:54:49.682" level="INFO">Typing text 'Bon Jovi' into text field 'id:name'.</msg>
<status status="PASS" starttime="20201028 17:54:49.682" endtime="20201028 17:54:49.747"></status>
</kw>
<kw name="Input Text" library="SeleniumLibrary">
<doc>Types the given ``text`` into the text field identified by ``locator``.</doc>
<arguments>
<arg>id:cpf</arg>
<arg>${cpf}</arg>
</arguments>
<msg timestamp="20201028 17:54:49.748" level="INFO">Typing text '00000001406' into text field 'id:cpf'.</msg>
<status status="PASS" starttime="20201028 17:54:49.747" endtime="20201028 17:54:49.826"></status>
</kw>
<kw name="Input Text" library="SeleniumLibrary">
<doc>Types the given ``text`` into the text field identified by ``locator``.</doc>
<arguments>
<arg>id:address</arg>
<arg>${address}</arg>
</arguments>
<msg timestamp="20201028 17:54:49.826" level="INFO">Typing text 'Rua dos Bugs, 1000' into text field 'id:address'.</msg>
<status status="PASS" starttime="20201028 17:54:49.826" endtime="20201028 17:54:49.905"></status>
</kw>
<kw name="Input Text" library="SeleniumLibrary">
<doc>Types the given ``text`` into the text field identified by ``locator``.</doc>
<arguments>
<arg>id:phone_number</arg>
<arg>${phone_number}</arg>
</arguments>
<msg timestamp="20201028 17:54:49.905" level="INFO">Typing text '51999999999' into text field 'id:phone_number'.</msg>
<status status="PASS" starttime="20201028 17:54:49.905" endtime="20201028 17:54:49.983"></status>
</kw>
<kw name="Click Element" library="SeleniumLibrary">
<doc>Click the element identified by ``locator``.</doc>
<arguments>
<arg>xpath://button[text()='CADASTRAR']</arg>
</arguments>
<msg timestamp="20201028 17:54:49.983" level="INFO">Clicking element 'xpath://button[text()='CADASTRAR']'.</msg>
<status status="PASS" starttime="20201028 17:54:49.983" endtime="20201028 17:54:50.034"></status>
</kw>
<status status="PASS" starttime="20201028 17:54:49.680" endtime="20201028 17:54:50.034"></status>
</kw>
<status status="PASS" starttime="20201028 17:54:49.680" endtime="20201028 17:54:50.035"></status>
</kw>
<kw name="Então devo ver a notificação:" library="kws">
<arguments>
<arg>Cliente cadastrado com sucesso!</arg>
</arguments>
<kw name="Wait Until Element Contains" library="SeleniumLibrary">
<doc>Waits until the element ``locator`` contains ``text``.</doc>
<arguments>
<arg>${TOASTER_SUCCESS}</arg>
<arg>${expect_notice}</arg>
<arg>5</arg>
</arguments>
<kw name="Capture Page Screenshot" library="SeleniumLibrary">
<doc>Takes a screenshot of the current page and embeds it into a log file.</doc>
<msg timestamp="20201028 17:54:55.421" level="INFO" html="yes">&lt;/td&gt;&lt;/tr&gt;&lt;tr&gt;&lt;td colspan="3"&gt;&lt;a href="selenium-screenshot-51.png"&gt;&lt;img src="selenium-screenshot-51.png" width="800px"&gt;&lt;/a&gt;</msg>
<status status="PASS" starttime="20201028 17:54:55.146" endtime="20201028 17:54:55.422"></status>
</kw>
<msg timestamp="20201028 17:54:55.423" level="FAIL">Element with locator 'css:div[type=sucess] strong' not found.</msg>
<status status="FAIL" starttime="20201028 17:54:50.036" endtime="20201028 17:54:55.423"></status>
</kw>
<status status="FAIL" starttime="20201028 17:54:50.036" endtime="20201028 17:54:55.423"></status>
</kw>
<kw name="Finish Session" library="hooks" type="teardown">
<kw name="Close Browser" library="SeleniumLibrary">
<doc>Closes the current browser.</doc>
<status status="PASS" starttime="20201028 17:54:55.424" endtime="20201028 17:54:57.547"></status>
</kw>
<status status="PASS" starttime="20201028 17:54:55.424" endtime="20201028 17:54:57.547"></status>
</kw>
<status status="FAIL" starttime="20201028 17:54:42.737" endtime="20201028 17:54:57.548" critical="yes">Element with locator 'css:div[type=sucess] strong' not found.</status>
</test>
<doc>Cadastro de clientes</doc>
<status status="FAIL" starttime="20201028 17:54:42.500" endtime="20201028 17:54:57.550"></status>
</suite>
<statistics>
<total>
<stat pass="0" fail="1">Critical Tests</stat>
<stat pass="0" fail="1">All Tests</stat>
</total>
<tag>
</tag>
<suite>
<stat pass="0" fail="1" id="s1" name="Cadastro Cliente">Cadastro Cliente</stat>
</suite>
</statistics>
<errors>
</errors>
</robot>
