<?xml version="1.0" encoding="UTF-8"?>
<robot generator="Robot 3.2.1 (Python 3.8.5 on win32)" generated="20210616 19:39:58.745" rpa="false">
<suite id="s1" name="Cadastro Cliente" source="C:\qaninja\ze-palheta\tests\cadastro_cliente.robot">
<kw name="Login Session" library="hooks" type="setup">
<kw name="Start Session" library="hooks">
<kw name="Open Browser" library="SeleniumLibrary">
<doc>Opens a new browser instance to the optional ``url``.</doc>
<arguments>
<arg>about:blank</arg>
<arg>chrome</arg>
</arguments>
<msg timestamp="20210616 19:39:58.969" level="INFO">Opening browser 'chrome' to base url 'about:blank'.</msg>
<status status="PASS" starttime="20210616 19:39:58.969" endtime="20210616 19:40:00.254"></status>
</kw>
<kw name="Maximize Browser Window" library="SeleniumLibrary">
<doc>Maximizes current browser window.</doc>
<status status="PASS" starttime="20210616 19:40:00.254" endtime="20210616 19:40:00.366"></status>
</kw>
<status status="PASS" starttime="20210616 19:39:58.969" endtime="20210616 19:40:00.366"></status>
</kw>
<kw name="Go To" library="SeleniumLibrary">
<doc>Navigates the current browser window to the provided ``url``.</doc>
<arguments>
<arg>${base_url}</arg>
</arguments>
<msg timestamp="20210616 19:40:00.367" level="INFO">Opening url 'http://zepalheta-web:3000'</msg>
<status status="PASS" starttime="20210616 19:40:00.367" endtime="20210616 19:40:01.976"></status>
</kw>
<kw name="Login With" library="LoginPage">
<arguments>
<arg>${admin_user}</arg>
<arg>${admin_pass}</arg>
</arguments>
<kw name="Input Text" library="SeleniumLibrary">
<doc>Types the given ``text`` into the text field identified by ``locator``.</doc>
<arguments>
<arg>id:txtEmail</arg>
<arg>${email}</arg>
</arguments>
<msg timestamp="20210616 19:40:01.977" level="INFO">Typing text 'admin@zepalheta.com.br' into text field 'id:txtEmail'.</msg>
<status status="PASS" starttime="20210616 19:40:01.977" endtime="20210616 19:40:02.354"></status>
</kw>
<kw name="Input Text" library="SeleniumLibrary">
<doc>Types the given ``text`` into the text field identified by ``locator``.</doc>
<arguments>
<arg>css:input[placeholder=Senha]</arg>
<arg>${password}</arg>
</arguments>
<msg timestamp="20210616 19:40:02.354" level="INFO">Typing text 'pwd123' into text field 'css:input[placeholder=Senha]'.</msg>
<status status="PASS" starttime="20210616 19:40:02.354" endtime="20210616 19:40:02.445"></status>
</kw>
<kw name="Click Element" library="SeleniumLibrary">
<doc>Click the element identified by ``locator``.</doc>
<arguments>
<arg>xpath://button[text()='Entrar']</arg>
</arguments>
<msg timestamp="20210616 19:40:02.445" level="INFO">Clicking element 'xpath://button[text()='Entrar']'.</msg>
<status status="PASS" starttime="20210616 19:40:02.445" endtime="20210616 19:40:02.499"></status>
</kw>
<status status="PASS" starttime="20210616 19:40:01.977" endtime="20210616 19:40:02.499"></status>
</kw>
<status status="PASS" starttime="20210616 19:39:58.968" endtime="20210616 19:40:02.499"></status>
</kw>
<test id="s1-t1" name="Novo cliente">
<kw name="Dado que acesso o formulário do cadastro de clientes" library="kws">
<kw name="Wait Until Element Is Visible" library="SeleniumLibrary">
<doc>Waits until the element ``locator`` is visible.</doc>
<arguments>
<arg>${NAV_CUSTOMERS}</arg>
<arg>5</arg>
</arguments>
<status status="PASS" starttime="20210616 19:40:02.502" endtime="20210616 19:40:02.729"></status>
</kw>
<kw name="Click Element" library="SeleniumLibrary">
<doc>Click the element identified by ``locator``.</doc>
<arguments>
<arg>${NAV_CUSTOMERS}</arg>
</arguments>
<msg timestamp="20210616 19:40:02.729" level="INFO">Clicking element 'css:a[href$=customers]'.</msg>
<status status="PASS" starttime="20210616 19:40:02.729" endtime="20210616 19:40:02.772"></status>
</kw>
<kw name="Wait Until Element Is Visible" library="SeleniumLibrary">
<doc>Waits until the element ``locator`` is visible.</doc>
<arguments>
<arg>${CUSTOMER_FORM}</arg>
<arg>5</arg>
</arguments>
<status status="PASS" starttime="20210616 19:40:02.773" endtime="20210616 19:40:02.807"></status>
</kw>
<kw name="Click Element" library="SeleniumLibrary">
<doc>Click the element identified by ``locator``.</doc>
<arguments>
<arg>${CUSTOMER_FORM}</arg>
</arguments>
<msg timestamp="20210616 19:40:02.808" level="INFO">Clicking element 'css:a[href$=register]'.</msg>
<status status="PASS" starttime="20210616 19:40:02.807" endtime="20210616 19:40:02.858"></status>
</kw>
<status status="PASS" starttime="20210616 19:40:02.501" endtime="20210616 19:40:02.859"></status>
</kw>
<kw name="Quando Faço A Inclusão Deste Cliente:" library="kws">
<arguments>
<arg>Bon Jovi</arg>
<arg>00000001406</arg>
<arg>Rua dos Bugs, 1000</arg>
<arg>51999999999</arg>
</arguments>
<kw name="Register New Customer" library="CustomersPage">
<arguments>
<arg>${name}</arg>
<arg>${cpf}</arg>
<arg>${address}</arg>
<arg>${phone_number}</arg>
</arguments>
<kw name="Input Text" library="SeleniumLibrary">
<doc>Types the given ``text`` into the text field identified by ``locator``.</doc>
<arguments>
<arg>id:name</arg>
<arg>${name}</arg>
</arguments>
<msg timestamp="20210616 19:40:02.862" level="INFO">Typing text 'Bon Jovi' into text field 'id:name'.</msg>
<status status="PASS" starttime="20210616 19:40:02.861" endtime="20210616 19:40:02.930"></status>
</kw>
<kw name="Input Text" library="SeleniumLibrary">
<doc>Types the given ``text`` into the text field identified by ``locator``.</doc>
<arguments>
<arg>id:cpf</arg>
<arg>${cpf}</arg>
</arguments>
<msg timestamp="20210616 19:40:02.930" level="INFO">Typing text '00000001406' into text field 'id:cpf'.</msg>
<status status="PASS" starttime="20210616 19:40:02.930" endtime="20210616 19:40:03.012"></status>
</kw>
<kw name="Input Text" library="SeleniumLibrary">
<doc>Types the given ``text`` into the text field identified by ``locator``.</doc>
<arguments>
<arg>id:address</arg>
<arg>${address}</arg>
</arguments>
<msg timestamp="20210616 19:40:03.012" level="INFO">Typing text 'Rua dos Bugs, 1000' into text field 'id:address'.</msg>
<status status="PASS" starttime="20210616 19:40:03.012" endtime="20210616 19:40:03.123"></status>
</kw>
<kw name="Input Text" library="SeleniumLibrary">
<doc>Types the given ``text`` into the text field identified by ``locator``.</doc>
<arguments>
<arg>id:phone_number</arg>
<arg>${phone_number}</arg>
</arguments>
<msg timestamp="20210616 19:40:03.123" level="INFO">Typing text '51999999999' into text field 'id:phone_number'.</msg>
<status status="PASS" starttime="20210616 19:40:03.123" endtime="20210616 19:40:03.222"></status>
</kw>
<kw name="Click Element" library="SeleniumLibrary">
<doc>Click the element identified by ``locator``.</doc>
<arguments>
<arg>xpath://button[text()='CADASTRAR']</arg>
</arguments>
<msg timestamp="20210616 19:40:03.223" level="INFO">Clicking element 'xpath://button[text()='CADASTRAR']'.</msg>
<status status="PASS" starttime="20210616 19:40:03.223" endtime="20210616 19:40:03.273"></status>
</kw>
<status status="PASS" starttime="20210616 19:40:02.860" endtime="20210616 19:40:03.273"></status>
</kw>
<status status="PASS" starttime="20210616 19:40:02.859" endtime="20210616 19:40:03.273"></status>
</kw>
<kw name="Então devo ver a notificação:" library="kws">
<arguments>
<arg>Cliente cadastrado com sucesso!</arg>
</arguments>
<kw name="Wait Until Element Contains" library="SeleniumLibrary">
<doc>Waits until the element ``locator`` contains ``text``.</doc>
<arguments>
<arg>${TOASTER_SUCCESS}</arg>
<arg>${expect_notice}</arg>
<arg>5</arg>
</arguments>
<status status="PASS" starttime="20210616 19:40:03.276" endtime="20210616 19:40:03.515"></status>
</kw>
<status status="PASS" starttime="20210616 19:40:03.276" endtime="20210616 19:40:03.515"></status>
</kw>
<status status="PASS" starttime="20210616 19:40:02.499" endtime="20210616 19:40:03.516" critical="yes"></status>
</test>
<test id="s1-t2" name="Campos Obrigatórios">
<kw name="Dado que acesso o formulário do cadastro de clientes" library="kws">
<kw name="Wait Until Element Is Visible" library="SeleniumLibrary">
<doc>Waits until the element ``locator`` is visible.</doc>
<arguments>
<arg>${NAV_CUSTOMERS}</arg>
<arg>5</arg>
</arguments>
<status status="PASS" starttime="20210616 19:40:03.520" endtime="20210616 19:40:03.535"></status>
</kw>
<kw name="Click Element" library="SeleniumLibrary">
<doc>Click the element identified by ``locator``.</doc>
<arguments>
<arg>${NAV_CUSTOMERS}</arg>
</arguments>
<msg timestamp="20210616 19:40:03.536" level="INFO">Clicking element 'css:a[href$=customers]'.</msg>
<status status="PASS" starttime="20210616 19:40:03.535" endtime="20210616 19:40:03.564"></status>
</kw>
<kw name="Wait Until Element Is Visible" library="SeleniumLibrary">
<doc>Waits until the element ``locator`` is visible.</doc>
<arguments>
<arg>${CUSTOMER_FORM}</arg>
<arg>5</arg>
</arguments>
<status status="PASS" starttime="20210616 19:40:03.564" endtime="20210616 19:40:03.590"></status>
</kw>
<kw name="Click Element" library="SeleniumLibrary">
<doc>Click the element identified by ``locator``.</doc>
<arguments>
<arg>${CUSTOMER_FORM}</arg>
</arguments>
<msg timestamp="20210616 19:40:03.590" level="INFO">Clicking element 'css:a[href$=register]'.</msg>
<status status="PASS" starttime="20210616 19:40:03.590" endtime="20210616 19:40:03.628"></status>
</kw>
<status status="PASS" starttime="20210616 19:40:03.520" endtime="20210616 19:40:03.628"></status>
</kw>
<kw name="Quando Faço A Inclusão Deste Cliente:" library="kws">
<arguments>
<arg>${EMPTY}</arg>
<arg>${EMPTY}</arg>
<arg>${EMPTY}</arg>
<arg>${EMPTY}</arg>
</arguments>
<kw name="Register New Customer" library="CustomersPage">
<arguments>
<arg>${name}</arg>
<arg>${cpf}</arg>
<arg>${address}</arg>
<arg>${phone_number}</arg>
</arguments>
<kw name="Input Text" library="SeleniumLibrary">
<doc>Types the given ``text`` into the text field identified by ``locator``.</doc>
<arguments>
<arg>id:name</arg>
<arg>${name}</arg>
</arguments>
<msg timestamp="20210616 19:40:03.630" level="INFO">Typing text '' into text field 'id:name'.</msg>
<status status="PASS" starttime="20210616 19:40:03.630" endtime="20210616 19:40:03.687"></status>
</kw>
<kw name="Input Text" library="SeleniumLibrary">
<doc>Types the given ``text`` into the text field identified by ``locator``.</doc>
<arguments>
<arg>id:cpf</arg>
<arg>${cpf}</arg>
</arguments>
<msg timestamp="20210616 19:40:03.688" level="INFO">Typing text '' into text field 'id:cpf'.</msg>
<status status="PASS" starttime="20210616 19:40:03.688" endtime="20210616 19:40:03.754"></status>
</kw>
<kw name="Input Text" library="SeleniumLibrary">
<doc>Types the given ``text`` into the text field identified by ``locator``.</doc>
<arguments>
<arg>id:address</arg>
<arg>${address}</arg>
</arguments>
<msg timestamp="20210616 19:40:03.754" level="INFO">Typing text '' into text field 'id:address'.</msg>
<status status="PASS" starttime="20210616 19:40:03.754" endtime="20210616 19:40:03.823"></status>
</kw>
<kw name="Input Text" library="SeleniumLibrary">
<doc>Types the given ``text`` into the text field identified by ``locator``.</doc>
<arguments>
<arg>id:phone_number</arg>
<arg>${phone_number}</arg>
</arguments>
<msg timestamp="20210616 19:40:03.823" level="INFO">Typing text '' into text field 'id:phone_number'.</msg>
<status status="PASS" starttime="20210616 19:40:03.823" endtime="20210616 19:40:03.890"></status>
</kw>
<kw name="Click Element" library="SeleniumLibrary">
<doc>Click the element identified by ``locator``.</doc>
<arguments>
<arg>xpath://button[text()='CADASTRAR']</arg>
</arguments>
<msg timestamp="20210616 19:40:03.891" level="INFO">Clicking element 'xpath://button[text()='CADASTRAR']'.</msg>
<status status="PASS" starttime="20210616 19:40:03.890" endtime="20210616 19:40:03.937"></status>
</kw>
<status status="PASS" starttime="20210616 19:40:03.629" endtime="20210616 19:40:03.937"></status>
</kw>
<status status="PASS" starttime="20210616 19:40:03.628" endtime="20210616 19:40:03.937"></status>
</kw>
<kw name="Então devo ver mensagens informando que os campos do cadastro de clientes são obrigatórios" library="kws">
<kw name="Wait Until Page Contains" library="SeleniumLibrary">
<doc>Waits until ``text`` appears on the current page.</doc>
<arguments>
<arg>Nome é obrigatório</arg>
<arg>5</arg>
</arguments>
<status status="PASS" starttime="20210616 19:40:03.938" endtime="20210616 19:40:03.947"></status>
</kw>
<kw name="Wait Until Page Contains" library="SeleniumLibrary">
<doc>Waits until ``text`` appears on the current page.</doc>
<arguments>
<arg>CPF é obrigatório</arg>
<arg>5</arg>
</arguments>
<status status="PASS" starttime="20210616 19:40:03.947" endtime="20210616 19:40:03.960"></status>
</kw>
<kw name="Wait Until Page Contains" library="SeleniumLibrary">
<doc>Waits until ``text`` appears on the current page.</doc>
<arguments>
<arg>Endereço é obrigatório</arg>
<arg>5</arg>
</arguments>
<status status="PASS" starttime="20210616 19:40:03.960" endtime="20210616 19:40:03.972"></status>
</kw>
<kw name="Wait Until Page Contains" library="SeleniumLibrary">
<doc>Waits until ``text`` appears on the current page.</doc>
<arguments>
<arg>Telefone é obrigatório</arg>
<arg>5</arg>
</arguments>
<status status="PASS" starttime="20210616 19:40:03.973" endtime="20210616 19:40:03.981"></status>
</kw>
<status status="PASS" starttime="20210616 19:40:03.938" endtime="20210616 19:40:03.981"></status>
</kw>
<status status="PASS" starttime="20210616 19:40:03.519" endtime="20210616 19:40:03.982" critical="yes"></status>
</test>
<test id="s1-t3" name="Nome é Obrigatório">
<kw name="Validação de Campos">
<arguments>
<arg>${EMPTY}</arg>
<arg>53695887087</arg>
<arg>Rua dos Bugs, 1000</arg>
<arg>11999999999</arg>
<arg>Nome é obrigatório</arg>
</arguments>
<kw name="Dado que acesso o formulário do cadastro de clientes" library="kws">
<kw name="Wait Until Element Is Visible" library="SeleniumLibrary">
<doc>Waits until the element ``locator`` is visible.</doc>
<arguments>
<arg>${NAV_CUSTOMERS}</arg>
<arg>5</arg>
</arguments>
<status status="PASS" starttime="20210616 19:40:03.987" endtime="20210616 19:40:04.005"></status>
</kw>
<kw name="Click Element" library="SeleniumLibrary">
<doc>Click the element identified by ``locator``.</doc>
<arguments>
<arg>${NAV_CUSTOMERS}</arg>
</arguments>
<msg timestamp="20210616 19:40:04.006" level="INFO">Clicking element 'css:a[href$=customers]'.</msg>
<status status="PASS" starttime="20210616 19:40:04.005" endtime="20210616 19:40:04.041"></status>
</kw>
<kw name="Wait Until Element Is Visible" library="SeleniumLibrary">
<doc>Waits until the element ``locator`` is visible.</doc>
<arguments>
<arg>${CUSTOMER_FORM}</arg>
<arg>5</arg>
</arguments>
<status status="PASS" starttime="20210616 19:40:04.041" endtime="20210616 19:40:04.062"></status>
</kw>
<kw name="Click Element" library="SeleniumLibrary">
<doc>Click the element identified by ``locator``.</doc>
<arguments>
<arg>${CUSTOMER_FORM}</arg>
</arguments>
<msg timestamp="20210616 19:40:04.063" level="INFO">Clicking element 'css:a[href$=register]'.</msg>
<status status="PASS" starttime="20210616 19:40:04.062" endtime="20210616 19:40:04.106"></status>
</kw>
<status status="PASS" starttime="20210616 19:40:03.987" endtime="20210616 19:40:04.106"></status>
</kw>
<kw name="Quando Faço A Inclusão Deste Cliente:" library="kws">
<arguments>
<arg>${nome}</arg>
<arg>${cpf}</arg>
<arg>${endereco}</arg>
<arg>${telefone}</arg>
</arguments>
<kw name="Register New Customer" library="CustomersPage">
<arguments>
<arg>${name}</arg>
<arg>${cpf}</arg>
<arg>${address}</arg>
<arg>${phone_number}</arg>
</arguments>
<kw name="Input Text" library="SeleniumLibrary">
<doc>Types the given ``text`` into the text field identified by ``locator``.</doc>
<arguments>
<arg>id:name</arg>
<arg>${name}</arg>
</arguments>
<msg timestamp="20210616 19:40:04.108" level="INFO">Typing text '' into text field 'id:name'.</msg>
<status status="PASS" starttime="20210616 19:40:04.108" endtime="20210616 19:40:04.159"></status>
</kw>
<kw name="Input Text" library="SeleniumLibrary">
<doc>Types the given ``text`` into the text field identified by ``locator``.</doc>
<arguments>
<arg>id:cpf</arg>
<arg>${cpf}</arg>
</arguments>
<msg timestamp="20210616 19:40:04.159" level="INFO">Typing text '53695887087' into text field 'id:cpf'.</msg>
<status status="PASS" starttime="20210616 19:40:04.159" endtime="20210616 19:40:04.232"></status>
</kw>
<kw name="Input Text" library="SeleniumLibrary">
<doc>Types the given ``text`` into the text field identified by ``locator``.</doc>
<arguments>
<arg>id:address</arg>
<arg>${address}</arg>
</arguments>
<msg timestamp="20210616 19:40:04.232" level="INFO">Typing text 'Rua dos Bugs, 1000' into text field 'id:address'.</msg>
<status status="PASS" starttime="20210616 19:40:04.232" endtime="20210616 19:40:04.304"></status>
</kw>
<kw name="Input Text" library="SeleniumLibrary">
<doc>Types the given ``text`` into the text field identified by ``locator``.</doc>
<arguments>
<arg>id:phone_number</arg>
<arg>${phone_number}</arg>
</arguments>
<msg timestamp="20210616 19:40:04.305" level="INFO">Typing text '11999999999' into text field 'id:phone_number'.</msg>
<status status="PASS" starttime="20210616 19:40:04.305" endtime="20210616 19:40:04.373"></status>
</kw>
<kw name="Click Element" library="SeleniumLibrary">
<doc>Click the element identified by ``locator``.</doc>
<arguments>
<arg>xpath://button[text()='CADASTRAR']</arg>
</arguments>
<msg timestamp="20210616 19:40:04.373" level="INFO">Clicking element 'xpath://button[text()='CADASTRAR']'.</msg>
<status status="PASS" starttime="20210616 19:40:04.373" endtime="20210616 19:40:04.407"></status>
</kw>
<status status="PASS" starttime="20210616 19:40:04.107" endtime="20210616 19:40:04.408"></status>
</kw>
<status status="PASS" starttime="20210616 19:40:04.106" endtime="20210616 19:40:04.408"></status>
</kw>
<kw name="Então Devo Ver O Texto:" library="kws">
<arguments>
<arg>${saida}</arg>
</arguments>
<msg timestamp="20210616 19:40:04.408" level="FAIL">User keyword 'Então Devo Ver O Texto:' contains no keywords.</msg>
<status status="FAIL" starttime="20210616 19:40:04.408" endtime="20210616 19:40:04.408"></status>
</kw>
<status status="FAIL" starttime="20210616 19:40:03.986" endtime="20210616 19:40:04.408"></status>
</kw>
<tags>
<tag>required</tag>
</tags>
<status status="FAIL" starttime="20210616 19:40:03.984" endtime="20210616 19:40:04.409" critical="yes">User keyword 'Então Devo Ver O Texto:' contains no keywords.</status>
</test>
<test id="s1-t4" name="CPF é Obrigatório">
<kw name="Validação de Campos">
<arguments>
<arg>Calebe Gael</arg>
<arg>${EMPTY}</arg>
<arg>Rua dos Bugs, 1000</arg>
<arg>11999999999</arg>
<arg>CPF é obrigatório</arg>
</arguments>
<kw name="Dado que acesso o formulário do cadastro de clientes" library="kws">
<kw name="Wait Until Element Is Visible" library="SeleniumLibrary">
<doc>Waits until the element ``locator`` is visible.</doc>
<arguments>
<arg>${NAV_CUSTOMERS}</arg>
<arg>5</arg>
</arguments>
<status status="PASS" starttime="20210616 19:40:04.412" endtime="20210616 19:40:04.424"></status>
</kw>
<kw name="Click Element" library="SeleniumLibrary">
<doc>Click the element identified by ``locator``.</doc>
<arguments>
<arg>${NAV_CUSTOMERS}</arg>
</arguments>
<msg timestamp="20210616 19:40:04.425" level="INFO">Clicking element 'css:a[href$=customers]'.</msg>
<status status="PASS" starttime="20210616 19:40:04.424" endtime="20210616 19:40:04.449"></status>
</kw>
<kw name="Wait Until Element Is Visible" library="SeleniumLibrary">
<doc>Waits until the element ``locator`` is visible.</doc>
<arguments>
<arg>${CUSTOMER_FORM}</arg>
<arg>5</arg>
</arguments>
<status status="PASS" starttime="20210616 19:40:04.450" endtime="20210616 19:40:04.469"></status>
</kw>
<kw name="Click Element" library="SeleniumLibrary">
<doc>Click the element identified by ``locator``.</doc>
<arguments>
<arg>${CUSTOMER_FORM}</arg>
</arguments>
<msg timestamp="20210616 19:40:04.470" level="INFO">Clicking element 'css:a[href$=register]'.</msg>
<status status="PASS" starttime="20210616 19:40:04.470" endtime="20210616 19:40:04.506"></status>
</kw>
<status status="PASS" starttime="20210616 19:40:04.412" endtime="20210616 19:40:04.507"></status>
</kw>
<kw name="Quando Faço A Inclusão Deste Cliente:" library="kws">
<arguments>
<arg>${nome}</arg>
<arg>${cpf}</arg>
<arg>${endereco}</arg>
<arg>${telefone}</arg>
</arguments>
<kw name="Register New Customer" library="CustomersPage">
<arguments>
<arg>${name}</arg>
<arg>${cpf}</arg>
<arg>${address}</arg>
<arg>${phone_number}</arg>
</arguments>
<kw name="Input Text" library="SeleniumLibrary">
<doc>Types the given ``text`` into the text field identified by ``locator``.</doc>
<arguments>
<arg>id:name</arg>
<arg>${name}</arg>
</arguments>
<msg timestamp="20210616 19:40:04.508" level="INFO">Typing text 'Calebe Gael' into text field 'id:name'.</msg>
<status status="PASS" starttime="20210616 19:40:04.508" endtime="20210616 19:40:04.564"></status>
</kw>
<kw name="Input Text" library="SeleniumLibrary">
<doc>Types the given ``text`` into the text field identified by ``locator``.</doc>
<arguments>
<arg>id:cpf</arg>
<arg>${cpf}</arg>
</arguments>
<msg timestamp="20210616 19:40:04.564" level="INFO">Typing text '' into text field 'id:cpf'.</msg>
<status status="PASS" starttime="20210616 19:40:04.564" endtime="20210616 19:40:04.621"></status>
</kw>
<kw name="Input Text" library="SeleniumLibrary">
<doc>Types the given ``text`` into the text field identified by ``locator``.</doc>
<arguments>
<arg>id:address</arg>
<arg>${address}</arg>
</arguments>
<msg timestamp="20210616 19:40:04.621" level="INFO">Typing text 'Rua dos Bugs, 1000' into text field 'id:address'.</msg>
<status status="PASS" starttime="20210616 19:40:04.621" endtime="20210616 19:40:04.690"></status>
</kw>
<kw name="Input Text" library="SeleniumLibrary">
<doc>Types the given ``text`` into the text field identified by ``locator``.</doc>
<arguments>
<arg>id:phone_number</arg>
<arg>${phone_number}</arg>
</arguments>
<msg timestamp="20210616 19:40:04.690" level="INFO">Typing text '11999999999' into text field 'id:phone_number'.</msg>
<status status="PASS" starttime="20210616 19:40:04.690" endtime="20210616 19:40:04.757"></status>
</kw>
<kw name="Click Element" library="SeleniumLibrary">
<doc>Click the element identified by ``locator``.</doc>
<arguments>
<arg>xpath://button[text()='CADASTRAR']</arg>
</arguments>
<msg timestamp="20210616 19:40:04.757" level="INFO">Clicking element 'xpath://button[text()='CADASTRAR']'.</msg>
<status status="PASS" starttime="20210616 19:40:04.757" endtime="20210616 19:40:04.794"></status>
</kw>
<status status="PASS" starttime="20210616 19:40:04.507" endtime="20210616 19:40:04.794"></status>
</kw>
<status status="PASS" starttime="20210616 19:40:04.507" endtime="20210616 19:40:04.794"></status>
</kw>
<kw name="Então Devo Ver O Texto:" library="kws">
<arguments>
<arg>${saida}</arg>
</arguments>
<msg timestamp="20210616 19:40:04.795" level="FAIL">User keyword 'Então Devo Ver O Texto:' contains no keywords.</msg>
<status status="FAIL" starttime="20210616 19:40:04.794" endtime="20210616 19:40:04.795"></status>
</kw>
<status status="FAIL" starttime="20210616 19:40:04.411" endtime="20210616 19:40:04.795"></status>
</kw>
<tags>
<tag>required</tag>
</tags>
<status status="FAIL" starttime="20210616 19:40:04.411" endtime="20210616 19:40:04.796" critical="yes">User keyword 'Então Devo Ver O Texto:' contains no keywords.</status>
</test>
<test id="s1-t5" name="Endereço é Obrigatório">
<kw name="Validação de Campos">
<arguments>
<arg>Calebe Gael</arg>
<arg>53695887087</arg>
<arg>${EMPTY}</arg>
<arg>11999999999</arg>
<arg>Endereço é obrigatório</arg>
</arguments>
<kw name="Dado que acesso o formulário do cadastro de clientes" library="kws">
<kw name="Wait Until Element Is Visible" library="SeleniumLibrary">
<doc>Waits until the element ``locator`` is visible.</doc>
<arguments>
<arg>${NAV_CUSTOMERS}</arg>
<arg>5</arg>
</arguments>
<status status="PASS" starttime="20210616 19:40:04.800" endtime="20210616 19:40:04.813"></status>
</kw>
<kw name="Click Element" library="SeleniumLibrary">
<doc>Click the element identified by ``locator``.</doc>
<arguments>
<arg>${NAV_CUSTOMERS}</arg>
</arguments>
<msg timestamp="20210616 19:40:04.813" level="INFO">Clicking element 'css:a[href$=customers]'.</msg>
<status status="PASS" starttime="20210616 19:40:04.813" endtime="20210616 19:40:04.842"></status>
</kw>
<kw name="Wait Until Element Is Visible" library="SeleniumLibrary">
<doc>Waits until the element ``locator`` is visible.</doc>
<arguments>
<arg>${CUSTOMER_FORM}</arg>
<arg>5</arg>
</arguments>
<status status="PASS" starttime="20210616 19:40:04.842" endtime="20210616 19:40:04.866"></status>
</kw>
<kw name="Click Element" library="SeleniumLibrary">
<doc>Click the element identified by ``locator``.</doc>
<arguments>
<arg>${CUSTOMER_FORM}</arg>
</arguments>
<msg timestamp="20210616 19:40:04.868" level="INFO">Clicking element 'css:a[href$=register]'.</msg>
<status status="PASS" starttime="20210616 19:40:04.867" endtime="20210616 19:40:04.905"></status>
</kw>
<status status="PASS" starttime="20210616 19:40:04.799" endtime="20210616 19:40:04.905"></status>
</kw>
<kw name="Quando Faço A Inclusão Deste Cliente:" library="kws">
<arguments>
<arg>${nome}</arg>
<arg>${cpf}</arg>
<arg>${endereco}</arg>
<arg>${telefone}</arg>
</arguments>
<kw name="Register New Customer" library="CustomersPage">
<arguments>
<arg>${name}</arg>
<arg>${cpf}</arg>
<arg>${address}</arg>
<arg>${phone_number}</arg>
</arguments>
<kw name="Input Text" library="SeleniumLibrary">
<doc>Types the given ``text`` into the text field identified by ``locator``.</doc>
<arguments>
<arg>id:name</arg>
<arg>${name}</arg>
</arguments>
<msg timestamp="20210616 19:40:04.908" level="INFO">Typing text 'Calebe Gael' into text field 'id:name'.</msg>
<status status="PASS" starttime="20210616 19:40:04.908" endtime="20210616 19:40:04.964"></status>
</kw>
<kw name="Input Text" library="SeleniumLibrary">
<doc>Types the given ``text`` into the text field identified by ``locator``.</doc>
<arguments>
<arg>id:cpf</arg>
<arg>${cpf}</arg>
</arguments>
<msg timestamp="20210616 19:40:04.964" level="INFO">Typing text '53695887087' into text field 'id:cpf'.</msg>
<status status="PASS" starttime="20210616 19:40:04.964" endtime="20210616 19:40:05.037"></status>
</kw>
<kw name="Input Text" library="SeleniumLibrary">
<doc>Types the given ``text`` into the text field identified by ``locator``.</doc>
<arguments>
<arg>id:address</arg>
<arg>${address}</arg>
</arguments>
<msg timestamp="20210616 19:40:05.037" level="INFO">Typing text '' into text field 'id:address'.</msg>
<status status="PASS" starttime="20210616 19:40:05.037" endtime="20210616 19:40:05.101"></status>
</kw>
<kw name="Input Text" library="SeleniumLibrary">
<doc>Types the given ``text`` into the text field identified by ``locator``.</doc>
<arguments>
<arg>id:phone_number</arg>
<arg>${phone_number}</arg>
</arguments>
<msg timestamp="20210616 19:40:05.101" level="INFO">Typing text '11999999999' into text field 'id:phone_number'.</msg>
<status status="PASS" starttime="20210616 19:40:05.101" endtime="20210616 19:40:05.174"></status>
</kw>
<kw name="Click Element" library="SeleniumLibrary">
<doc>Click the element identified by ``locator``.</doc>
<arguments>
<arg>xpath://button[text()='CADASTRAR']</arg>
</arguments>
<msg timestamp="20210616 19:40:05.175" level="INFO">Clicking element 'xpath://button[text()='CADASTRAR']'.</msg>
<status status="PASS" starttime="20210616 19:40:05.175" endtime="20210616 19:40:05.211"></status>
</kw>
<status status="PASS" starttime="20210616 19:40:04.906" endtime="20210616 19:40:05.211"></status>
</kw>
<status status="PASS" starttime="20210616 19:40:04.905" endtime="20210616 19:40:05.211"></status>
</kw>
<kw name="Então Devo Ver O Texto:" library="kws">
<arguments>
<arg>${saida}</arg>
</arguments>
<msg timestamp="20210616 19:40:05.212" level="FAIL">User keyword 'Então Devo Ver O Texto:' contains no keywords.</msg>
<status status="FAIL" starttime="20210616 19:40:05.212" endtime="20210616 19:40:05.212"></status>
</kw>
<status status="FAIL" starttime="20210616 19:40:04.799" endtime="20210616 19:40:05.212"></status>
</kw>
<tags>
<tag>required</tag>
</tags>
<status status="FAIL" starttime="20210616 19:40:04.798" endtime="20210616 19:40:05.213" critical="yes">User keyword 'Então Devo Ver O Texto:' contains no keywords.</status>
</test>
<test id="s1-t6" name="Telefone incorreto">
<kw name="Validação de Campos">
<arguments>
<arg>João da Silva</arg>
<arg>0000001406</arg>
<arg>Rua dos Bugs, 1000</arg>
<arg>119999999</arg>
<arg>Telefone inválido</arg>
</arguments>
<kw name="Dado que acesso o formulário do cadastro de clientes" library="kws">
<kw name="Wait Until Element Is Visible" library="SeleniumLibrary">
<doc>Waits until the element ``locator`` is visible.</doc>
<arguments>
<arg>${NAV_CUSTOMERS}</arg>
<arg>5</arg>
</arguments>
<status status="PASS" starttime="20210616 19:40:05.216" endtime="20210616 19:40:05.229"></status>
</kw>
<kw name="Click Element" library="SeleniumLibrary">
<doc>Click the element identified by ``locator``.</doc>
<arguments>
<arg>${NAV_CUSTOMERS}</arg>
</arguments>
<msg timestamp="20210616 19:40:05.230" level="INFO">Clicking element 'css:a[href$=customers]'.</msg>
<status status="PASS" starttime="20210616 19:40:05.230" endtime="20210616 19:40:05.257"></status>
</kw>
<kw name="Wait Until Element Is Visible" library="SeleniumLibrary">
<doc>Waits until the element ``locator`` is visible.</doc>
<arguments>
<arg>${CUSTOMER_FORM}</arg>
<arg>5</arg>
</arguments>
<status status="PASS" starttime="20210616 19:40:05.258" endtime="20210616 19:40:05.279"></status>
</kw>
<kw name="Click Element" library="SeleniumLibrary">
<doc>Click the element identified by ``locator``.</doc>
<arguments>
<arg>${CUSTOMER_FORM}</arg>
</arguments>
<msg timestamp="20210616 19:40:05.280" level="INFO">Clicking element 'css:a[href$=register]'.</msg>
<status status="PASS" starttime="20210616 19:40:05.280" endtime="20210616 19:40:05.321"></status>
</kw>
<status status="PASS" starttime="20210616 19:40:05.216" endtime="20210616 19:40:05.321"></status>
</kw>
<kw name="Quando Faço A Inclusão Deste Cliente:" library="kws">
<arguments>
<arg>${nome}</arg>
<arg>${cpf}</arg>
<arg>${endereco}</arg>
<arg>${telefone}</arg>
</arguments>
<kw name="Register New Customer" library="CustomersPage">
<arguments>
<arg>${name}</arg>
<arg>${cpf}</arg>
<arg>${address}</arg>
<arg>${phone_number}</arg>
</arguments>
<kw name="Input Text" library="SeleniumLibrary">
<doc>Types the given ``text`` into the text field identified by ``locator``.</doc>
<arguments>
<arg>id:name</arg>
<arg>${name}</arg>
</arguments>
<msg timestamp="20210616 19:40:05.323" level="INFO">Typing text 'João da Silva' into text field 'id:name'.</msg>
<status status="PASS" starttime="20210616 19:40:05.323" endtime="20210616 19:40:05.386"></status>
</kw>
<kw name="Input Text" library="SeleniumLibrary">
<doc>Types the given ``text`` into the text field identified by ``locator``.</doc>
<arguments>
<arg>id:cpf</arg>
<arg>${cpf}</arg>
</arguments>
<msg timestamp="20210616 19:40:05.386" level="INFO">Typing text '0000001406' into text field 'id:cpf'.</msg>
<status status="PASS" starttime="20210616 19:40:05.386" endtime="20210616 19:40:05.451"></status>
</kw>
<kw name="Input Text" library="SeleniumLibrary">
<doc>Types the given ``text`` into the text field identified by ``locator``.</doc>
<arguments>
<arg>id:address</arg>
<arg>${address}</arg>
</arguments>
<msg timestamp="20210616 19:40:05.451" level="INFO">Typing text 'Rua dos Bugs, 1000' into text field 'id:address'.</msg>
<status status="PASS" starttime="20210616 19:40:05.451" endtime="20210616 19:40:05.524"></status>
</kw>
<kw name="Input Text" library="SeleniumLibrary">
<doc>Types the given ``text`` into the text field identified by ``locator``.</doc>
<arguments>
<arg>id:phone_number</arg>
<arg>${phone_number}</arg>
</arguments>
<msg timestamp="20210616 19:40:05.525" level="INFO">Typing text '119999999' into text field 'id:phone_number'.</msg>
<status status="PASS" starttime="20210616 19:40:05.525" endtime="20210616 19:40:05.590"></status>
</kw>
<kw name="Click Element" library="SeleniumLibrary">
<doc>Click the element identified by ``locator``.</doc>
<arguments>
<arg>xpath://button[text()='CADASTRAR']</arg>
</arguments>
<msg timestamp="20210616 19:40:05.590" level="INFO">Clicking element 'xpath://button[text()='CADASTRAR']'.</msg>
<status status="PASS" starttime="20210616 19:40:05.590" endtime="20210616 19:40:05.624"></status>
</kw>
<status status="PASS" starttime="20210616 19:40:05.323" endtime="20210616 19:40:05.624"></status>
</kw>
<status status="PASS" starttime="20210616 19:40:05.322" endtime="20210616 19:40:05.625"></status>
</kw>
<kw name="Então Devo Ver O Texto:" library="kws">
<arguments>
<arg>${saida}</arg>
</arguments>
<msg timestamp="20210616 19:40:05.625" level="FAIL">User keyword 'Então Devo Ver O Texto:' contains no keywords.</msg>
<status status="FAIL" starttime="20210616 19:40:05.625" endtime="20210616 19:40:05.625"></status>
</kw>
<status status="FAIL" starttime="20210616 19:40:05.215" endtime="20210616 19:40:05.625"></status>
</kw>
<status status="FAIL" starttime="20210616 19:40:05.214" endtime="20210616 19:40:05.626" critical="yes">User keyword 'Então Devo Ver O Texto:' contains no keywords.</status>
</test>
<test id="s1-t7" name="Telefone é Obrigatório">
<kw name="Validação de Campos">
<arguments>
<arg>Calebe Gael</arg>
<arg>53695887087</arg>
<arg>Rua dos Bugs, 1000</arg>
<arg>${EMPTY}</arg>
<arg>Telefone é obrigatório</arg>
</arguments>
<kw name="Dado que acesso o formulário do cadastro de clientes" library="kws">
<kw name="Wait Until Element Is Visible" library="SeleniumLibrary">
<doc>Waits until the element ``locator`` is visible.</doc>
<arguments>
<arg>${NAV_CUSTOMERS}</arg>
<arg>5</arg>
</arguments>
<status status="PASS" starttime="20210616 19:40:05.629" endtime="20210616 19:40:05.641"></status>
</kw>
<kw name="Click Element" library="SeleniumLibrary">
<doc>Click the element identified by ``locator``.</doc>
<arguments>
<arg>${NAV_CUSTOMERS}</arg>
</arguments>
<msg timestamp="20210616 19:40:05.642" level="INFO">Clicking element 'css:a[href$=customers]'.</msg>
<status status="PASS" starttime="20210616 19:40:05.642" endtime="20210616 19:40:05.669"></status>
</kw>
<kw name="Wait Until Element Is Visible" library="SeleniumLibrary">
<doc>Waits until the element ``locator`` is visible.</doc>
<arguments>
<arg>${CUSTOMER_FORM}</arg>
<arg>5</arg>
</arguments>
<status status="PASS" starttime="20210616 19:40:05.669" endtime="20210616 19:40:05.689"></status>
</kw>
<kw name="Click Element" library="SeleniumLibrary">
<doc>Click the element identified by ``locator``.</doc>
<arguments>
<arg>${CUSTOMER_FORM}</arg>
</arguments>
<msg timestamp="20210616 19:40:05.689" level="INFO">Clicking element 'css:a[href$=register]'.</msg>
<status status="PASS" starttime="20210616 19:40:05.689" endtime="20210616 19:40:05.726"></status>
</kw>
<status status="PASS" starttime="20210616 19:40:05.628" endtime="20210616 19:40:05.726"></status>
</kw>
<kw name="Quando Faço A Inclusão Deste Cliente:" library="kws">
<arguments>
<arg>${nome}</arg>
<arg>${cpf}</arg>
<arg>${endereco}</arg>
<arg>${telefone}</arg>
</arguments>
<kw name="Register New Customer" library="CustomersPage">
<arguments>
<arg>${name}</arg>
<arg>${cpf}</arg>
<arg>${address}</arg>
<arg>${phone_number}</arg>
</arguments>
<kw name="Input Text" library="SeleniumLibrary">
<doc>Types the given ``text`` into the text field identified by ``locator``.</doc>
<arguments>
<arg>id:name</arg>
<arg>${name}</arg>
</arguments>
<msg timestamp="20210616 19:40:05.728" level="INFO">Typing text 'Calebe Gael' into text field 'id:name'.</msg>
<status status="PASS" starttime="20210616 19:40:05.728" endtime="20210616 19:40:05.794"></status>
</kw>
<kw name="Input Text" library="SeleniumLibrary">
<doc>Types the given ``text`` into the text field identified by ``locator``.</doc>
<arguments>
<arg>id:cpf</arg>
<arg>${cpf}</arg>
</arguments>
<msg timestamp="20210616 19:40:05.795" level="INFO">Typing text '53695887087' into text field 'id:cpf'.</msg>
<status status="PASS" starttime="20210616 19:40:05.795" endtime="20210616 19:40:05.860"></status>
</kw>
<kw name="Input Text" library="SeleniumLibrary">
<doc>Types the given ``text`` into the text field identified by ``locator``.</doc>
<arguments>
<arg>id:address</arg>
<arg>${address}</arg>
</arguments>
<msg timestamp="20210616 19:40:05.861" level="INFO">Typing text 'Rua dos Bugs, 1000' into text field 'id:address'.</msg>
<status status="PASS" starttime="20210616 19:40:05.861" endtime="20210616 19:40:05.935"></status>
</kw>
<kw name="Input Text" library="SeleniumLibrary">
<doc>Types the given ``text`` into the text field identified by ``locator``.</doc>
<arguments>
<arg>id:phone_number</arg>
<arg>${phone_number}</arg>
</arguments>
<msg timestamp="20210616 19:40:05.935" level="INFO">Typing text '' into text field 'id:phone_number'.</msg>
<status status="PASS" starttime="20210616 19:40:05.935" endtime="20210616 19:40:05.991"></status>
</kw>
<kw name="Click Element" library="SeleniumLibrary">
<doc>Click the element identified by ``locator``.</doc>
<arguments>
<arg>xpath://button[text()='CADASTRAR']</arg>
</arguments>
<msg timestamp="20210616 19:40:05.991" level="INFO">Clicking element 'xpath://button[text()='CADASTRAR']'.</msg>
<status status="PASS" starttime="20210616 19:40:05.991" endtime="20210616 19:40:06.024"></status>
</kw>
<status status="PASS" starttime="20210616 19:40:05.727" endtime="20210616 19:40:06.024"></status>
</kw>
<status status="PASS" starttime="20210616 19:40:05.726" endtime="20210616 19:40:06.024"></status>
</kw>
<kw name="Então Devo Ver O Texto:" library="kws">
<arguments>
<arg>${saida}</arg>
</arguments>
<msg timestamp="20210616 19:40:06.024" level="FAIL">User keyword 'Então Devo Ver O Texto:' contains no keywords.</msg>
<status status="FAIL" starttime="20210616 19:40:06.024" endtime="20210616 19:40:06.024"></status>
</kw>
<status status="FAIL" starttime="20210616 19:40:05.628" endtime="20210616 19:40:06.024"></status>
</kw>
<tags>
<tag>required</tag>
</tags>
<status status="FAIL" starttime="20210616 19:40:05.627" endtime="20210616 19:40:06.025" critical="yes">User keyword 'Então Devo Ver O Texto:' contains no keywords.</status>
</test>
<kw name="Finish Session" library="hooks" type="teardown">
<kw name="Close Browser" library="SeleniumLibrary">
<doc>Closes the current browser.</doc>
<status status="PASS" starttime="20210616 19:40:06.028" endtime="20210616 19:40:08.214"></status>
</kw>
<status status="PASS" starttime="20210616 19:40:06.027" endtime="20210616 19:40:08.214"></status>
</kw>
<doc>Cadastro de clientes</doc>
<status status="FAIL" starttime="20210616 19:39:58.747" endtime="20210616 19:40:08.214"></status>
</suite>
<statistics>
<total>
<stat pass="2" fail="5">Critical Tests</stat>
<stat pass="2" fail="5">All Tests</stat>
</total>
<tag>
<stat pass="0" fail="4">required</stat>
</tag>
<suite>
<stat pass="2" fail="5" id="s1" name="Cadastro Cliente">Cadastro Cliente</stat>
</suite>
</statistics>
<errors>
</errors>
</robot>
