<?xml version="1.0" encoding="UTF-8"?>
<robot generator="Robot 3.2.1 (Python 3.8.5 on win32)" generated="20200907 19:27:12.183" rpa="false">
<suite id="s1" name="Tests" source="C:\qaninja\ze-palheta\tests">
<suite id="s1-s1" name="Login" source="C:\qaninja\ze-palheta\tests\login.robot">
<test id="s1-s1-t1" name="Login do Administrador">
<kw name="Start Session" library="hooks" type="setup">
<kw name="Open Browser" library="SeleniumLibrary">
<doc>Opens a new browser instance to the optional ``url``.</doc>
<arguments>
<arg>about:blank</arg>
<arg>chrome</arg>
</arguments>
<msg timestamp="20200907 19:27:12.411" level="INFO">Opening browser 'chrome' to base url 'about:blank'.</msg>
<status status="PASS" starttime="20200907 19:27:12.411" endtime="20200907 19:27:15.567"></status>
</kw>
<kw name="Maximize Browser Window" library="SeleniumLibrary">
<doc>Maximizes current browser window.</doc>
<status status="PASS" starttime="20200907 19:27:15.567" endtime="20200907 19:27:17.680"></status>
</kw>
<status status="PASS" starttime="20200907 19:27:12.410" endtime="20200907 19:27:17.680"></status>
</kw>
<kw name="Acesso a página Login" library="kws">
<kw name="Go To" library="SeleniumLibrary">
<doc>Navigates the current browser window to the provided ``url``.</doc>
<arguments>
<arg>http://zepalheta-web:3000</arg>
</arguments>
<msg timestamp="20200907 19:27:17.682" level="INFO">Opening url 'http://zepalheta-web:3000'</msg>
<status status="PASS" starttime="20200907 19:27:17.681" endtime="20200907 19:27:23.289"></status>
</kw>
<status status="PASS" starttime="20200907 19:27:17.681" endtime="20200907 19:27:23.289"></status>
</kw>
<kw name="Submeto minhas credenciais" library="kws">
<arguments>
<arg>admin@zepalheta.com.br</arg>
<arg>pwd123</arg>
</arguments>
<kw name="Input Text" library="SeleniumLibrary">
<doc>Types the given ``text`` into the text field identified by ``locator``.</doc>
<arguments>
<arg>id:txtEmail</arg>
<arg>${email}</arg>
</arguments>
<msg timestamp="20200907 19:27:23.292" level="INFO">Typing text 'admin@zepalheta.com.br' into text field 'id:txtEmail'.</msg>
<status status="PASS" starttime="20200907 19:27:23.291" endtime="20200907 19:27:23.379"></status>
</kw>
<kw name="Input Text" library="SeleniumLibrary">
<doc>Types the given ``text`` into the text field identified by ``locator``.</doc>
<arguments>
<arg>css:input[placeholder=Senha]</arg>
<arg>${password}</arg>
</arguments>
<msg timestamp="20200907 19:27:23.380" level="INFO">Typing text 'pwd123' into text field 'css:input[placeholder=Senha]'.</msg>
<status status="PASS" starttime="20200907 19:27:23.379" endtime="20200907 19:27:23.450"></status>
</kw>
<kw name="Click Element" library="SeleniumLibrary">
<doc>Click the element identified by ``locator``.</doc>
<arguments>
<arg>xpath://button[text()='Entrar']</arg>
</arguments>
<msg timestamp="20200907 19:27:23.451" level="INFO">Clicking element 'xpath://button[text()='Entrar']'.</msg>
<status status="PASS" starttime="20200907 19:27:23.451" endtime="20200907 19:27:23.499"></status>
</kw>
<status status="PASS" starttime="20200907 19:27:23.290" endtime="20200907 19:27:23.499"></status>
</kw>
<kw name="Devo ver a área logada" library="kws">
<kw name="Wait Until Page Contains" library="SeleniumLibrary">
<doc>Waits until ``text`` appears on the current page.</doc>
<arguments>
<arg>Aluguéis</arg>
<arg>5</arg>
</arguments>
<status status="PASS" starttime="20200907 19:27:23.500" endtime="20200907 19:27:23.721"></status>
</kw>
<status status="PASS" starttime="20200907 19:27:23.499" endtime="20200907 19:27:23.721"></status>
</kw>
<kw name="Finish Session" library="hooks" type="teardown">
<kw name="Close Browser" library="SeleniumLibrary">
<doc>Closes the current browser.</doc>
<status status="PASS" starttime="20200907 19:27:23.723" endtime="20200907 19:27:25.838"></status>
</kw>
<status status="PASS" starttime="20200907 19:27:23.723" endtime="20200907 19:27:25.838"></status>
</kw>
<status status="PASS" starttime="20200907 19:27:12.410" endtime="20200907 19:27:25.839" critical="yes"></status>
</test>
<doc>Login</doc>
<status status="PASS" starttime="20200907 19:27:12.209" endtime="20200907 19:27:25.841"></status>
</suite>
<suite id="s1-s2" name="Login Tentativa" source="C:\qaninja\ze-palheta\tests\login_tentativa.robot">
<test id="s1-s2-t1" name="Senha incorreta">
<kw name="Start Session" library="hooks" type="setup">
<kw name="Open Browser" library="SeleniumLibrary">
<doc>Opens a new browser instance to the optional ``url``.</doc>
<arguments>
<arg>about:blank</arg>
<arg>chrome</arg>
</arguments>
<msg timestamp="20200907 19:27:25.853" level="INFO">Opening browser 'chrome' to base url 'about:blank'.</msg>
<status status="PASS" starttime="20200907 19:27:25.853" endtime="20200907 19:27:29.009"></status>
</kw>
<kw name="Maximize Browser Window" library="SeleniumLibrary">
<doc>Maximizes current browser window.</doc>
<status status="PASS" starttime="20200907 19:27:29.009" endtime="20200907 19:27:31.140"></status>
</kw>
<status status="PASS" starttime="20200907 19:27:25.852" endtime="20200907 19:27:31.140"></status>
</kw>
<kw name="Tentativa de login">
<arguments>
<arg>admin@zepalheta.com.br</arg>
<arg>abc123</arg>
<arg>Ocorreu um erro ao fazer login, cheque as credenciais.</arg>
</arguments>
<kw name="Acesso a página Login" library="kws">
<kw name="Go To" library="SeleniumLibrary">
<doc>Navigates the current browser window to the provided ``url``.</doc>
<arguments>
<arg>http://zepalheta-web:3000</arg>
</arguments>
<msg timestamp="20200907 19:27:31.143" level="INFO">Opening url 'http://zepalheta-web:3000'</msg>
<status status="PASS" starttime="20200907 19:27:31.142" endtime="20200907 19:27:36.740"></status>
</kw>
<status status="PASS" starttime="20200907 19:27:31.142" endtime="20200907 19:27:36.740"></status>
</kw>
<kw name="Submeto minhas credenciais" library="kws">
<arguments>
<arg>${input_email}</arg>
<arg>${input_senha}</arg>
</arguments>
<kw name="Input Text" library="SeleniumLibrary">
<doc>Types the given ``text`` into the text field identified by ``locator``.</doc>
<arguments>
<arg>id:txtEmail</arg>
<arg>${email}</arg>
</arguments>
<msg timestamp="20200907 19:27:36.742" level="INFO">Typing text 'admin@zepalheta.com.br' into text field 'id:txtEmail'.</msg>
<status status="PASS" starttime="20200907 19:27:36.742" endtime="20200907 19:27:37.956"></status>
</kw>
<kw name="Input Text" library="SeleniumLibrary">
<doc>Types the given ``text`` into the text field identified by ``locator``.</doc>
<arguments>
<arg>css:input[placeholder=Senha]</arg>
<arg>${password}</arg>
</arguments>
<msg timestamp="20200907 19:27:37.957" level="INFO">Typing text 'abc123' into text field 'css:input[placeholder=Senha]'.</msg>
<status status="PASS" starttime="20200907 19:27:37.956" endtime="20200907 19:27:38.030"></status>
</kw>
<kw name="Click Element" library="SeleniumLibrary">
<doc>Click the element identified by ``locator``.</doc>
<arguments>
<arg>xpath://button[text()='Entrar']</arg>
</arguments>
<msg timestamp="20200907 19:27:38.031" level="INFO">Clicking element 'xpath://button[text()='Entrar']'.</msg>
<status status="PASS" starttime="20200907 19:27:38.031" endtime="20200907 19:27:38.077"></status>
</kw>
<status status="PASS" starttime="20200907 19:27:36.741" endtime="20200907 19:27:38.077"></status>
</kw>
<kw name="Devo ver um toaster com a mensagem" library="kws">
<arguments>
<arg>${output_mensagem}</arg>
</arguments>
<kw name="Wait Until Element Contains" library="SeleniumLibrary">
<doc>Waits until the element ``locator`` contains ``text``.</doc>
<arguments>
<arg>css:div[type=error] p</arg>
<arg>${expect_message}</arg>
</arguments>
<status status="PASS" starttime="20200907 19:27:38.078" endtime="20200907 19:27:45.010"></status>
</kw>
<status status="PASS" starttime="20200907 19:27:38.077" endtime="20200907 19:27:45.010"></status>
</kw>
<status status="PASS" starttime="20200907 19:27:31.142" endtime="20200907 19:27:45.010"></status>
</kw>
<kw name="Finish Session" library="hooks" type="teardown">
<kw name="Close Browser" library="SeleniumLibrary">
<doc>Closes the current browser.</doc>
<status status="PASS" starttime="20200907 19:27:45.011" endtime="20200907 19:27:47.131"></status>
</kw>
<status status="PASS" starttime="20200907 19:27:45.011" endtime="20200907 19:27:47.131"></status>
</kw>
<status status="PASS" starttime="20200907 19:27:25.851" endtime="20200907 19:27:47.132" critical="yes"></status>
</test>
<test id="s1-s2-t2" name="Senha em branco">
<kw name="Start Session" library="hooks" type="setup">
<kw name="Open Browser" library="SeleniumLibrary">
<doc>Opens a new browser instance to the optional ``url``.</doc>
<arguments>
<arg>about:blank</arg>
<arg>chrome</arg>
</arguments>
<msg timestamp="20200907 19:27:47.136" level="INFO">Opening browser 'chrome' to base url 'about:blank'.</msg>
<status status="PASS" starttime="20200907 19:27:47.136" endtime="20200907 19:27:50.265"></status>
</kw>
<kw name="Maximize Browser Window" library="SeleniumLibrary">
<doc>Maximizes current browser window.</doc>
<status status="PASS" starttime="20200907 19:27:50.265" endtime="20200907 19:27:52.394"></status>
</kw>
<status status="PASS" starttime="20200907 19:27:47.135" endtime="20200907 19:27:52.394"></status>
</kw>
<kw name="Tentativa de login">
<arguments>
<arg>joao@gmail.com</arg>
<arg>${EMPTY}</arg>
<arg>O campo senha é obrigatório!</arg>
</arguments>
<kw name="Acesso a página Login" library="kws">
<kw name="Go To" library="SeleniumLibrary">
<doc>Navigates the current browser window to the provided ``url``.</doc>
<arguments>
<arg>http://zepalheta-web:3000</arg>
</arguments>
<msg timestamp="20200907 19:27:52.396" level="INFO">Opening url 'http://zepalheta-web:3000'</msg>
<status status="PASS" starttime="20200907 19:27:52.396" endtime="20200907 19:27:58.078"></status>
</kw>
<status status="PASS" starttime="20200907 19:27:52.395" endtime="20200907 19:27:58.078"></status>
</kw>
<kw name="Submeto minhas credenciais" library="kws">
<arguments>
<arg>${input_email}</arg>
<arg>${input_senha}</arg>
</arguments>
<kw name="Input Text" library="SeleniumLibrary">
<doc>Types the given ``text`` into the text field identified by ``locator``.</doc>
<arguments>
<arg>id:txtEmail</arg>
<arg>${email}</arg>
</arguments>
<msg timestamp="20200907 19:27:58.080" level="INFO">Typing text 'joao@gmail.com' into text field 'id:txtEmail'.</msg>
<status status="PASS" starttime="20200907 19:27:58.080" endtime="20200907 19:27:58.150"></status>
</kw>
<kw name="Input Text" library="SeleniumLibrary">
<doc>Types the given ``text`` into the text field identified by ``locator``.</doc>
<arguments>
<arg>css:input[placeholder=Senha]</arg>
<arg>${password}</arg>
</arguments>
<msg timestamp="20200907 19:27:58.151" level="INFO">Typing text '' into text field 'css:input[placeholder=Senha]'.</msg>
<status status="PASS" starttime="20200907 19:27:58.151" endtime="20200907 19:27:58.213"></status>
</kw>
<kw name="Click Element" library="SeleniumLibrary">
<doc>Click the element identified by ``locator``.</doc>
<arguments>
<arg>xpath://button[text()='Entrar']</arg>
</arguments>
<msg timestamp="20200907 19:27:58.213" level="INFO">Clicking element 'xpath://button[text()='Entrar']'.</msg>
<status status="PASS" starttime="20200907 19:27:58.213" endtime="20200907 19:27:58.266"></status>
</kw>
<status status="PASS" starttime="20200907 19:27:58.079" endtime="20200907 19:27:58.267"></status>
</kw>
<kw name="Devo ver um toaster com a mensagem" library="kws">
<arguments>
<arg>${output_mensagem}</arg>
</arguments>
<kw name="Wait Until Element Contains" library="SeleniumLibrary">
<doc>Waits until the element ``locator`` contains ``text``.</doc>
<arguments>
<arg>css:div[type=error] p</arg>
<arg>${expect_message}</arg>
</arguments>
<kw name="Capture Page Screenshot" library="SeleniumLibrary">
<doc>Takes a screenshot of the current page and embeds it into a log file.</doc>
<msg timestamp="20200907 19:28:17.495" level="INFO" html="yes">&lt;/td&gt;&lt;/tr&gt;&lt;tr&gt;&lt;td colspan="3"&gt;&lt;a href="selenium-screenshot-14.png"&gt;&lt;img src="selenium-screenshot-14.png" width="800px"&gt;&lt;/a&gt;</msg>
<status status="PASS" starttime="20200907 19:28:03.718" endtime="20200907 19:28:17.496"></status>
</kw>
<msg timestamp="20200907 19:28:17.497" level="FAIL">Element 'css:div[type=error] p' did not get text 'O campo senha é obrigatório!' in 5 seconds.</msg>
<status status="FAIL" starttime="20200907 19:27:58.267" endtime="20200907 19:28:17.497"></status>
</kw>
<status status="FAIL" starttime="20200907 19:27:58.267" endtime="20200907 19:28:17.497"></status>
</kw>
<status status="FAIL" starttime="20200907 19:27:52.395" endtime="20200907 19:28:17.498"></status>
</kw>
<kw name="Finish Session" library="hooks" type="teardown">
<kw name="Close Browser" library="SeleniumLibrary">
<doc>Closes the current browser.</doc>
<status status="PASS" starttime="20200907 19:28:17.499" endtime="20200907 19:28:19.642"></status>
</kw>
<status status="PASS" starttime="20200907 19:28:17.498" endtime="20200907 19:28:19.642"></status>
</kw>
<status status="FAIL" starttime="20200907 19:27:47.135" endtime="20200907 19:28:19.643" critical="yes">Element 'css:div[type=error] p' did not get text 'O campo senha é obrigatório!' in 5 seconds.</status>
</test>
<test id="s1-s2-t3" name="Email em branco">
<kw name="Start Session" library="hooks" type="setup">
<kw name="Open Browser" library="SeleniumLibrary">
<doc>Opens a new browser instance to the optional ``url``.</doc>
<arguments>
<arg>about:blank</arg>
<arg>chrome</arg>
</arguments>
<msg timestamp="20200907 19:28:19.646" level="INFO">Opening browser 'chrome' to base url 'about:blank'.</msg>
<status status="PASS" starttime="20200907 19:28:19.645" endtime="20200907 19:28:22.758"></status>
</kw>
<kw name="Maximize Browser Window" library="SeleniumLibrary">
<doc>Maximizes current browser window.</doc>
<status status="PASS" starttime="20200907 19:28:22.759" endtime="20200907 19:28:24.887"></status>
</kw>
<status status="PASS" starttime="20200907 19:28:19.645" endtime="20200907 19:28:24.887"></status>
</kw>
<kw name="Tentativa de login">
<arguments>
<arg>${EMPTY}</arg>
<arg>123456</arg>
<arg>O campo email é obrigatório!</arg>
</arguments>
<kw name="Acesso a página Login" library="kws">
<kw name="Go To" library="SeleniumLibrary">
<doc>Navigates the current browser window to the provided ``url``.</doc>
<arguments>
<arg>http://zepalheta-web:3000</arg>
</arguments>
<msg timestamp="20200907 19:28:24.890" level="INFO">Opening url 'http://zepalheta-web:3000'</msg>
<status status="PASS" starttime="20200907 19:28:24.890" endtime="20200907 19:28:25.416"></status>
</kw>
<status status="PASS" starttime="20200907 19:28:24.889" endtime="20200907 19:28:25.416"></status>
</kw>
<kw name="Submeto minhas credenciais" library="kws">
<arguments>
<arg>${input_email}</arg>
<arg>${input_senha}</arg>
</arguments>
<kw name="Input Text" library="SeleniumLibrary">
<doc>Types the given ``text`` into the text field identified by ``locator``.</doc>
<arguments>
<arg>id:txtEmail</arg>
<arg>${email}</arg>
</arguments>
<msg timestamp="20200907 19:28:25.417" level="INFO">Typing text '' into text field 'id:txtEmail'.</msg>
<status status="PASS" starttime="20200907 19:28:25.416" endtime="20200907 19:28:25.469"></status>
</kw>
<kw name="Input Text" library="SeleniumLibrary">
<doc>Types the given ``text`` into the text field identified by ``locator``.</doc>
<arguments>
<arg>css:input[placeholder=Senha]</arg>
<arg>${password}</arg>
</arguments>
<msg timestamp="20200907 19:28:25.470" level="INFO">Typing text '123456' into text field 'css:input[placeholder=Senha]'.</msg>
<status status="PASS" starttime="20200907 19:28:25.469" endtime="20200907 19:28:25.545"></status>
</kw>
<kw name="Click Element" library="SeleniumLibrary">
<doc>Click the element identified by ``locator``.</doc>
<arguments>
<arg>xpath://button[text()='Entrar']</arg>
</arguments>
<msg timestamp="20200907 19:28:25.546" level="INFO">Clicking element 'xpath://button[text()='Entrar']'.</msg>
<status status="PASS" starttime="20200907 19:28:25.545" endtime="20200907 19:28:25.598"></status>
</kw>
<status status="PASS" starttime="20200907 19:28:25.416" endtime="20200907 19:28:25.599"></status>
</kw>
<kw name="Devo ver um toaster com a mensagem" library="kws">
<arguments>
<arg>${output_mensagem}</arg>
</arguments>
<kw name="Wait Until Element Contains" library="SeleniumLibrary">
<doc>Waits until the element ``locator`` contains ``text``.</doc>
<arguments>
<arg>css:div[type=error] p</arg>
<arg>${expect_message}</arg>
</arguments>
<kw name="Capture Page Screenshot" library="SeleniumLibrary">
<doc>Takes a screenshot of the current page and embeds it into a log file.</doc>
<msg timestamp="20200907 19:28:36.370" level="INFO" html="yes">&lt;/td&gt;&lt;/tr&gt;&lt;tr&gt;&lt;td colspan="3"&gt;&lt;a href="selenium-screenshot-15.png"&gt;&lt;img src="selenium-screenshot-15.png" width="800px"&gt;&lt;/a&gt;</msg>
<status status="PASS" starttime="20200907 19:28:30.952" endtime="20200907 19:28:36.370"></status>
</kw>
<msg timestamp="20200907 19:28:36.370" level="FAIL">Element 'css:div[type=error] p' did not get text 'O campo email é obrigatório!' in 5 seconds.</msg>
<status status="FAIL" starttime="20200907 19:28:25.599" endtime="20200907 19:28:36.370"></status>
</kw>
<status status="FAIL" starttime="20200907 19:28:25.599" endtime="20200907 19:28:36.371"></status>
</kw>
<status status="FAIL" starttime="20200907 19:28:24.889" endtime="20200907 19:28:36.371"></status>
</kw>
<kw name="Finish Session" library="hooks" type="teardown">
<kw name="Close Browser" library="SeleniumLibrary">
<doc>Closes the current browser.</doc>
<status status="PASS" starttime="20200907 19:28:36.372" endtime="20200907 19:28:38.477"></status>
</kw>
<status status="PASS" starttime="20200907 19:28:36.372" endtime="20200907 19:28:38.477"></status>
</kw>
<status status="FAIL" starttime="20200907 19:28:19.645" endtime="20200907 19:28:38.478" critical="yes">Element 'css:div[type=error] p' did not get text 'O campo email é obrigatório!' in 5 seconds.</status>
</test>
<test id="s1-s2-t4" name="Email e senha em branco">
<kw name="Start Session" library="hooks" type="setup">
<kw name="Open Browser" library="SeleniumLibrary">
<doc>Opens a new browser instance to the optional ``url``.</doc>
<arguments>
<arg>about:blank</arg>
<arg>chrome</arg>
</arguments>
<msg timestamp="20200907 19:28:38.481" level="INFO">Opening browser 'chrome' to base url 'about:blank'.</msg>
<status status="PASS" starttime="20200907 19:28:38.481" endtime="20200907 19:28:41.626"></status>
</kw>
<kw name="Maximize Browser Window" library="SeleniumLibrary">
<doc>Maximizes current browser window.</doc>
<status status="PASS" starttime="20200907 19:28:41.627" endtime="20200907 19:28:43.757"></status>
</kw>
<status status="PASS" starttime="20200907 19:28:38.481" endtime="20200907 19:28:43.757"></status>
</kw>
<kw name="Tentativa de login">
<arguments>
<arg>${EMPTY}</arg>
<arg>${EMPTY}</arg>
<arg>Os campos email e senha não foram preenchidos!</arg>
</arguments>
<kw name="Acesso a página Login" library="kws">
<kw name="Go To" library="SeleniumLibrary">
<doc>Navigates the current browser window to the provided ``url``.</doc>
<arguments>
<arg>http://zepalheta-web:3000</arg>
</arguments>
<msg timestamp="20200907 19:28:43.759" level="INFO">Opening url 'http://zepalheta-web:3000'</msg>
<status status="PASS" starttime="20200907 19:28:43.759" endtime="20200907 19:28:49.337"></status>
</kw>
<status status="PASS" starttime="20200907 19:28:43.758" endtime="20200907 19:28:49.337"></status>
</kw>
<kw name="Submeto minhas credenciais" library="kws">
<arguments>
<arg>${input_email}</arg>
<arg>${input_senha}</arg>
</arguments>
<kw name="Input Text" library="SeleniumLibrary">
<doc>Types the given ``text`` into the text field identified by ``locator``.</doc>
<arguments>
<arg>id:txtEmail</arg>
<arg>${email}</arg>
</arguments>
<msg timestamp="20200907 19:28:49.338" level="INFO">Typing text '' into text field 'id:txtEmail'.</msg>
<status status="PASS" starttime="20200907 19:28:49.338" endtime="20200907 19:28:49.404"></status>
</kw>
<kw name="Input Text" library="SeleniumLibrary">
<doc>Types the given ``text`` into the text field identified by ``locator``.</doc>
<arguments>
<arg>css:input[placeholder=Senha]</arg>
<arg>${password}</arg>
</arguments>
<msg timestamp="20200907 19:28:49.404" level="INFO">Typing text '' into text field 'css:input[placeholder=Senha]'.</msg>
<status status="PASS" starttime="20200907 19:28:49.404" endtime="20200907 19:28:49.472"></status>
</kw>
<kw name="Click Element" library="SeleniumLibrary">
<doc>Click the element identified by ``locator``.</doc>
<arguments>
<arg>xpath://button[text()='Entrar']</arg>
</arguments>
<msg timestamp="20200907 19:28:49.472" level="INFO">Clicking element 'xpath://button[text()='Entrar']'.</msg>
<status status="PASS" starttime="20200907 19:28:49.472" endtime="20200907 19:28:49.526"></status>
</kw>
<status status="PASS" starttime="20200907 19:28:49.337" endtime="20200907 19:28:49.527"></status>
</kw>
<kw name="Devo ver um toaster com a mensagem" library="kws">
<arguments>
<arg>${output_mensagem}</arg>
</arguments>
<kw name="Wait Until Element Contains" library="SeleniumLibrary">
<doc>Waits until the element ``locator`` contains ``text``.</doc>
<arguments>
<arg>css:div[type=error] p</arg>
<arg>${expect_message}</arg>
</arguments>
<kw name="Capture Page Screenshot" library="SeleniumLibrary">
<doc>Takes a screenshot of the current page and embeds it into a log file.</doc>
<msg timestamp="20200907 19:28:57.894" level="INFO" html="yes">&lt;/td&gt;&lt;/tr&gt;&lt;tr&gt;&lt;td colspan="3"&gt;&lt;a href="selenium-screenshot-16.png"&gt;&lt;img src="selenium-screenshot-16.png" width="800px"&gt;&lt;/a&gt;</msg>
<status status="PASS" starttime="20200907 19:28:54.706" endtime="20200907 19:28:57.894"></status>
</kw>
<msg timestamp="20200907 19:28:57.895" level="FAIL">Element 'css:div[type=error] p' did not get text 'Os campos email e senha não foram preenchidos!' in 5 seconds.</msg>
<status status="FAIL" starttime="20200907 19:28:49.527" endtime="20200907 19:28:57.895"></status>
</kw>
<status status="FAIL" starttime="20200907 19:28:49.527" endtime="20200907 19:28:57.895"></status>
</kw>
<status status="FAIL" starttime="20200907 19:28:43.758" endtime="20200907 19:28:57.895"></status>
</kw>
<kw name="Finish Session" library="hooks" type="teardown">
<kw name="Close Browser" library="SeleniumLibrary">
<doc>Closes the current browser.</doc>
<status status="PASS" starttime="20200907 19:28:57.897" endtime="20200907 19:29:00.039"></status>
</kw>
<status status="PASS" starttime="20200907 19:28:57.897" endtime="20200907 19:29:00.039"></status>
</kw>
<status status="FAIL" starttime="20200907 19:28:38.480" endtime="20200907 19:29:00.040" critical="yes">Element 'css:div[type=error] p' did not get text 'Os campos email e senha não foram preenchidos!' in 5 seconds.</status>
</test>
<test id="s1-s2-t5" name="Login incorreto">
<kw name="Start Session" library="hooks" type="setup">
<kw name="Open Browser" library="SeleniumLibrary">
<doc>Opens a new browser instance to the optional ``url``.</doc>
<arguments>
<arg>about:blank</arg>
<arg>chrome</arg>
</arguments>
<msg timestamp="20200907 19:29:00.044" level="INFO">Opening browser 'chrome' to base url 'about:blank'.</msg>
<status status="PASS" starttime="20200907 19:29:00.044" endtime="20200907 19:29:03.236"></status>
</kw>
<kw name="Maximize Browser Window" library="SeleniumLibrary">
<doc>Maximizes current browser window.</doc>
<status status="PASS" starttime="20200907 19:29:03.236" endtime="20200907 19:29:05.365"></status>
</kw>
<status status="PASS" starttime="20200907 19:29:00.043" endtime="20200907 19:29:05.365"></status>
</kw>
<kw name="Tentativa de login">
<arguments>
<arg>admin&amp;gmail.com</arg>
<arg>abc123</arg>
<arg>Ocorreu um erro ao fazer login, cheque as credenciais.</arg>
</arguments>
<kw name="Acesso a página Login" library="kws">
<kw name="Go To" library="SeleniumLibrary">
<doc>Navigates the current browser window to the provided ``url``.</doc>
<arguments>
<arg>http://zepalheta-web:3000</arg>
</arguments>
<msg timestamp="20200907 19:29:05.368" level="INFO">Opening url 'http://zepalheta-web:3000'</msg>
<status status="PASS" starttime="20200907 19:29:05.367" endtime="20200907 19:29:10.957"></status>
</kw>
<status status="PASS" starttime="20200907 19:29:05.366" endtime="20200907 19:29:10.957"></status>
</kw>
<kw name="Submeto minhas credenciais" library="kws">
<arguments>
<arg>${input_email}</arg>
<arg>${input_senha}</arg>
</arguments>
<kw name="Input Text" library="SeleniumLibrary">
<doc>Types the given ``text`` into the text field identified by ``locator``.</doc>
<arguments>
<arg>id:txtEmail</arg>
<arg>${email}</arg>
</arguments>
<msg timestamp="20200907 19:29:10.959" level="INFO">Typing text 'admin&amp;gmail.com' into text field 'id:txtEmail'.</msg>
<status status="PASS" starttime="20200907 19:29:10.959" endtime="20200907 19:29:11.029"></status>
</kw>
<kw name="Input Text" library="SeleniumLibrary">
<doc>Types the given ``text`` into the text field identified by ``locator``.</doc>
<arguments>
<arg>css:input[placeholder=Senha]</arg>
<arg>${password}</arg>
</arguments>
<msg timestamp="20200907 19:29:11.030" level="INFO">Typing text 'abc123' into text field 'css:input[placeholder=Senha]'.</msg>
<status status="PASS" starttime="20200907 19:29:11.030" endtime="20200907 19:29:11.099"></status>
</kw>
<kw name="Click Element" library="SeleniumLibrary">
<doc>Click the element identified by ``locator``.</doc>
<arguments>
<arg>xpath://button[text()='Entrar']</arg>
</arguments>
<msg timestamp="20200907 19:29:11.099" level="INFO">Clicking element 'xpath://button[text()='Entrar']'.</msg>
<status status="PASS" starttime="20200907 19:29:11.099" endtime="20200907 19:29:11.144"></status>
</kw>
<status status="PASS" starttime="20200907 19:29:10.958" endtime="20200907 19:29:11.144"></status>
</kw>
<kw name="Devo ver um toaster com a mensagem" library="kws">
<arguments>
<arg>${output_mensagem}</arg>
</arguments>
<kw name="Wait Until Element Contains" library="SeleniumLibrary">
<doc>Waits until the element ``locator`` contains ``text``.</doc>
<arguments>
<arg>css:div[type=error] p</arg>
<arg>${expect_message}</arg>
</arguments>
<kw name="Capture Page Screenshot" library="SeleniumLibrary">
<doc>Takes a screenshot of the current page and embeds it into a log file.</doc>
<msg timestamp="20200907 19:29:19.505" level="INFO" html="yes">&lt;/td&gt;&lt;/tr&gt;&lt;tr&gt;&lt;td colspan="3"&gt;&lt;a href="selenium-screenshot-17.png"&gt;&lt;img src="selenium-screenshot-17.png" width="800px"&gt;&lt;/a&gt;</msg>
<status status="PASS" starttime="20200907 19:29:16.167" endtime="20200907 19:29:19.505"></status>
</kw>
<msg timestamp="20200907 19:29:19.505" level="FAIL">Element 'css:div[type=error] p' did not get text 'Ocorreu um erro ao fazer login, cheque as credenciais.' in 5 seconds.</msg>
<status status="FAIL" starttime="20200907 19:29:11.145" endtime="20200907 19:29:19.505"></status>
</kw>
<status status="FAIL" starttime="20200907 19:29:11.144" endtime="20200907 19:29:19.506"></status>
</kw>
<status status="FAIL" starttime="20200907 19:29:05.366" endtime="20200907 19:29:19.506"></status>
</kw>
<kw name="Finish Session" library="hooks" type="teardown">
<kw name="Close Browser" library="SeleniumLibrary">
<doc>Closes the current browser.</doc>
<status status="PASS" starttime="20200907 19:29:19.507" endtime="20200907 19:29:21.649"></status>
</kw>
<status status="PASS" starttime="20200907 19:29:19.507" endtime="20200907 19:29:21.649"></status>
</kw>
<status status="FAIL" starttime="20200907 19:29:00.043" endtime="20200907 19:29:21.649" critical="yes">Element 'css:div[type=error] p' did not get text 'Ocorreu um erro ao fazer login, cheque as credenciais.' in 5 seconds.</status>
</test>
<doc>Login Tentativa</doc>
<status status="FAIL" starttime="20200907 19:27:25.844" endtime="20200907 19:29:21.652"></status>
</suite>
<status status="FAIL" starttime="20200907 19:27:12.184" endtime="20200907 19:29:21.656"></status>
</suite>
<statistics>
<total>
<stat pass="2" fail="4">Critical Tests</stat>
<stat pass="2" fail="4">All Tests</stat>
</total>
<tag>
</tag>
<suite>
<stat pass="2" fail="4" id="s1" name="Tests">Tests</stat>
<stat pass="1" fail="0" id="s1-s1" name="Login">Tests.Login</stat>
<stat pass="1" fail="4" id="s1-s2" name="Login Tentativa">Tests.Login Tentativa</stat>
</suite>
</statistics>
<errors>
</errors>
</robot>
