<?xml version="1.0" encoding="UTF-8"?>
<robot generator="Robot 3.2.1 (Python 3.8.5 on win32)" generated="20200821 19:01:22.004" rpa="false">
<suite id="s1" name="Tests" source="c:\qaninja\ze-palheta\tests">
<suite id="s1-s1" name="Login" source="c:\qaninja\ze-palheta\tests\login.robot">
<test id="s1-s1-t1" name="Login do Administrador">
<kw name="Start Session" library="hooks" type="setup">
<kw name="Open Browser" library="SeleniumLibrary">
<doc>Opens a new browser instance to the optional ``url``.</doc>
<arguments>
<arg>about:blank</arg>
<arg>chrome</arg>
</arguments>
<msg timestamp="20200821 19:01:22.235" level="INFO">Opening browser 'chrome' to base url 'about:blank'.</msg>
<status status="PASS" starttime="20200821 19:01:22.235" endtime="20200821 19:01:25.420"></status>
</kw>
<kw name="Maximize Browser Window" library="SeleniumLibrary">
<doc>Maximizes current browser window.</doc>
<status status="PASS" starttime="20200821 19:01:25.421" endtime="20200821 19:01:27.541"></status>
</kw>
<status status="PASS" starttime="20200821 19:01:22.235" endtime="20200821 19:01:27.541"></status>
</kw>
<kw name="Acesso a página Login" library="kws">
<kw name="Go To" library="SeleniumLibrary">
<doc>Navigates the current browser window to the provided ``url``.</doc>
<arguments>
<arg>http://zepalheta-web:3000</arg>
</arguments>
<msg timestamp="20200821 19:01:27.542" level="INFO">Opening url 'http://zepalheta-web:3000'</msg>
<status status="PASS" starttime="20200821 19:01:27.542" endtime="20200821 19:01:28.315"></status>
</kw>
<status status="PASS" starttime="20200821 19:01:27.541" endtime="20200821 19:01:28.316"></status>
</kw>
<kw name="Submeto minhas credenciais" library="kws">
<arguments>
<arg>admin@zepalheta.com.br</arg>
<arg>pwd123</arg>
</arguments>
<kw name="Input Text" library="SeleniumLibrary">
<doc>Types the given ``text`` into the text field identified by ``locator``.</doc>
<arguments>
<arg>id:txtEmail</arg>
<arg>${email}</arg>
</arguments>
<msg timestamp="20200821 19:01:28.319" level="INFO">Typing text 'admin@zepalheta.com.br' into text field 'id:txtEmail'.</msg>
<status status="PASS" starttime="20200821 19:01:28.319" endtime="20200821 19:01:28.704"></status>
</kw>
<kw name="Input Text" library="SeleniumLibrary">
<doc>Types the given ``text`` into the text field identified by ``locator``.</doc>
<arguments>
<arg>css:input[placeholder=Senha]</arg>
<arg>${password}</arg>
</arguments>
<msg timestamp="20200821 19:01:28.705" level="INFO">Typing text 'pwd123' into text field 'css:input[placeholder=Senha]'.</msg>
<status status="PASS" starttime="20200821 19:01:28.704" endtime="20200821 19:01:28.790"></status>
</kw>
<kw name="Click Element" library="SeleniumLibrary">
<doc>Click the element identified by ``locator``.</doc>
<arguments>
<arg>xpath://button[text()='Entrar']</arg>
</arguments>
<msg timestamp="20200821 19:01:28.790" level="INFO">Clicking element 'xpath://button[text()='Entrar']'.</msg>
<status status="PASS" starttime="20200821 19:01:28.790" endtime="20200821 19:01:28.840"></status>
</kw>
<status status="PASS" starttime="20200821 19:01:28.317" endtime="20200821 19:01:28.840"></status>
</kw>
<kw name="Devo ver a área logada" library="kws">
<kw name="Wait Until Page Contains" library="SeleniumLibrary">
<doc>Waits until ``text`` appears on the current page.</doc>
<arguments>
<arg>Aluguéis</arg>
<arg>5</arg>
</arguments>
<status status="PASS" starttime="20200821 19:01:28.842" endtime="20200821 19:01:29.062"></status>
</kw>
<status status="PASS" starttime="20200821 19:01:28.841" endtime="20200821 19:01:29.062"></status>
</kw>
<kw name="Finish Session" library="hooks" type="teardown">
<kw name="Close Browser" library="SeleniumLibrary">
<doc>Closes the current browser.</doc>
<status status="PASS" starttime="20200821 19:01:29.063" endtime="20200821 19:01:31.308"></status>
</kw>
<status status="PASS" starttime="20200821 19:01:29.063" endtime="20200821 19:01:31.308"></status>
</kw>
<status status="PASS" starttime="20200821 19:01:22.234" endtime="20200821 19:01:31.309" critical="yes"></status>
</test>
<doc>Login</doc>
<status status="PASS" starttime="20200821 19:01:22.031" endtime="20200821 19:01:31.312"></status>
</suite>
<suite id="s1-s2" name="Login Tentativa" source="c:\qaninja\ze-palheta\tests\login_tentativa.robot">
<test id="s1-s2-t1" name="Senha incorreta">
<kw name="Start Session" library="hooks" type="setup">
<kw name="Open Browser" library="SeleniumLibrary">
<doc>Opens a new browser instance to the optional ``url``.</doc>
<arguments>
<arg>about:blank</arg>
<arg>chrome</arg>
</arguments>
<msg timestamp="20200821 19:01:31.323" level="INFO">Opening browser 'chrome' to base url 'about:blank'.</msg>
<status status="PASS" starttime="20200821 19:01:31.322" endtime="20200821 19:01:34.484"></status>
</kw>
<kw name="Maximize Browser Window" library="SeleniumLibrary">
<doc>Maximizes current browser window.</doc>
<status status="PASS" starttime="20200821 19:01:34.484" endtime="20200821 19:01:36.602"></status>
</kw>
<status status="PASS" starttime="20200821 19:01:31.322" endtime="20200821 19:01:36.603"></status>
</kw>
<kw name="Tentativa de login">
<arguments>
<arg>admin@zepalheta.com.br</arg>
<arg>abc123</arg>
<arg>Ocorreu um erro ao fazer login, cheque as credenciais.</arg>
</arguments>
<kw name="Acesso a página Login" library="kws">
<kw name="Go To" library="SeleniumLibrary">
<doc>Navigates the current browser window to the provided ``url``.</doc>
<arguments>
<arg>http://zepalheta-web:3000</arg>
</arguments>
<msg timestamp="20200821 19:01:36.604" level="INFO">Opening url 'http://zepalheta-web:3000'</msg>
<status status="PASS" starttime="20200821 19:01:36.604" endtime="20200821 19:01:37.291"></status>
</kw>
<status status="PASS" starttime="20200821 19:01:36.604" endtime="20200821 19:01:37.291"></status>
</kw>
<kw name="Submeto minhas credenciais" library="kws">
<arguments>
<arg>${input_email}</arg>
<arg>${input_senha}</arg>
</arguments>
<kw name="Input Text" library="SeleniumLibrary">
<doc>Types the given ``text`` into the text field identified by ``locator``.</doc>
<arguments>
<arg>id:txtEmail</arg>
<arg>${email}</arg>
</arguments>
<msg timestamp="20200821 19:01:37.293" level="INFO">Typing text 'admin@zepalheta.com.br' into text field 'id:txtEmail'.</msg>
<status status="PASS" starttime="20200821 19:01:37.293" endtime="20200821 19:01:37.665"></status>
</kw>
<kw name="Input Text" library="SeleniumLibrary">
<doc>Types the given ``text`` into the text field identified by ``locator``.</doc>
<arguments>
<arg>css:input[placeholder=Senha]</arg>
<arg>${password}</arg>
</arguments>
<msg timestamp="20200821 19:01:37.667" level="INFO">Typing text 'abc123' into text field 'css:input[placeholder=Senha]'.</msg>
<status status="PASS" starttime="20200821 19:01:37.666" endtime="20200821 19:01:37.751"></status>
</kw>
<kw name="Click Element" library="SeleniumLibrary">
<doc>Click the element identified by ``locator``.</doc>
<arguments>
<arg>xpath://button[text()='Entrar']</arg>
</arguments>
<msg timestamp="20200821 19:01:37.751" level="INFO">Clicking element 'xpath://button[text()='Entrar']'.</msg>
<status status="PASS" starttime="20200821 19:01:37.751" endtime="20200821 19:01:37.802"></status>
</kw>
<status status="PASS" starttime="20200821 19:01:37.291" endtime="20200821 19:01:37.802"></status>
</kw>
<kw name="Devo ver um toaster com a mensagem" library="kws">
<arguments>
<arg>${output_mensagem}</arg>
</arguments>
<kw name="Wait Until Element Contains" library="SeleniumLibrary">
<doc>Waits until the element ``locator`` contains ``text``.</doc>
<arguments>
<arg>css:div[type=error] p</arg>
<arg>${expect_message}</arg>
</arguments>
<status status="PASS" starttime="20200821 19:01:37.803" endtime="20200821 19:01:38.246"></status>
</kw>
<status status="PASS" starttime="20200821 19:01:37.803" endtime="20200821 19:01:38.247"></status>
</kw>
<status status="PASS" starttime="20200821 19:01:36.603" endtime="20200821 19:01:38.247"></status>
</kw>
<kw name="Finish Session" library="hooks" type="teardown">
<kw name="Close Browser" library="SeleniumLibrary">
<doc>Closes the current browser.</doc>
<status status="PASS" starttime="20200821 19:01:38.248" endtime="20200821 19:01:40.416"></status>
</kw>
<status status="PASS" starttime="20200821 19:01:38.247" endtime="20200821 19:01:40.416"></status>
</kw>
<status status="PASS" starttime="20200821 19:01:31.321" endtime="20200821 19:01:40.417" critical="yes"></status>
</test>
<test id="s1-s2-t2" name="Senha em branco">
<kw name="Start Session" library="hooks" type="setup">
<kw name="Open Browser" library="SeleniumLibrary">
<doc>Opens a new browser instance to the optional ``url``.</doc>
<arguments>
<arg>about:blank</arg>
<arg>chrome</arg>
</arguments>
<msg timestamp="20200821 19:01:40.421" level="INFO">Opening browser 'chrome' to base url 'about:blank'.</msg>
<status status="PASS" starttime="20200821 19:01:40.420" endtime="20200821 19:01:43.672"></status>
</kw>
<kw name="Maximize Browser Window" library="SeleniumLibrary">
<doc>Maximizes current browser window.</doc>
<status status="PASS" starttime="20200821 19:01:43.672" endtime="20200821 19:01:45.792"></status>
</kw>
<status status="PASS" starttime="20200821 19:01:40.420" endtime="20200821 19:01:45.792"></status>
</kw>
<kw name="Tentativa de login">
<arguments>
<arg>joao@gmail.com</arg>
<arg>${EMPTY}</arg>
<arg>O campo senha é obrigatório!</arg>
</arguments>
<kw name="Acesso a página Login" library="kws">
<kw name="Go To" library="SeleniumLibrary">
<doc>Navigates the current browser window to the provided ``url``.</doc>
<arguments>
<arg>http://zepalheta-web:3000</arg>
</arguments>
<msg timestamp="20200821 19:01:45.794" level="INFO">Opening url 'http://zepalheta-web:3000'</msg>
<status status="PASS" starttime="20200821 19:01:45.794" endtime="20200821 19:01:46.495"></status>
</kw>
<status status="PASS" starttime="20200821 19:01:45.793" endtime="20200821 19:01:46.496"></status>
</kw>
<kw name="Submeto minhas credenciais" library="kws">
<arguments>
<arg>${input_email}</arg>
<arg>${input_senha}</arg>
</arguments>
<kw name="Input Text" library="SeleniumLibrary">
<doc>Types the given ``text`` into the text field identified by ``locator``.</doc>
<arguments>
<arg>id:txtEmail</arg>
<arg>${email}</arg>
</arguments>
<msg timestamp="20200821 19:01:46.498" level="INFO">Typing text 'joao@gmail.com' into text field 'id:txtEmail'.</msg>
<status status="PASS" starttime="20200821 19:01:46.497" endtime="20200821 19:01:46.906"></status>
</kw>
<kw name="Input Text" library="SeleniumLibrary">
<doc>Types the given ``text`` into the text field identified by ``locator``.</doc>
<arguments>
<arg>css:input[placeholder=Senha]</arg>
<arg>${password}</arg>
</arguments>
<msg timestamp="20200821 19:01:46.906" level="INFO">Typing text '' into text field 'css:input[placeholder=Senha]'.</msg>
<status status="PASS" starttime="20200821 19:01:46.906" endtime="20200821 19:01:46.983"></status>
</kw>
<kw name="Click Element" library="SeleniumLibrary">
<doc>Click the element identified by ``locator``.</doc>
<arguments>
<arg>xpath://button[text()='Entrar']</arg>
</arguments>
<msg timestamp="20200821 19:01:46.984" level="INFO">Clicking element 'xpath://button[text()='Entrar']'.</msg>
<status status="PASS" starttime="20200821 19:01:46.983" endtime="20200821 19:01:47.040"></status>
</kw>
<status status="PASS" starttime="20200821 19:01:46.496" endtime="20200821 19:01:47.040"></status>
</kw>
<kw name="Devo ver um toaster com a mensagem" library="kws">
<arguments>
<arg>${output_mensagem}</arg>
</arguments>
<kw name="Wait Until Element Contains" library="SeleniumLibrary">
<doc>Waits until the element ``locator`` contains ``text``.</doc>
<arguments>
<arg>css:div[type=error] p</arg>
<arg>${expect_message}</arg>
</arguments>
<status status="PASS" starttime="20200821 19:01:47.041" endtime="20200821 19:01:47.274"></status>
</kw>
<status status="PASS" starttime="20200821 19:01:47.040" endtime="20200821 19:01:47.274"></status>
</kw>
<status status="PASS" starttime="20200821 19:01:45.793" endtime="20200821 19:01:47.274"></status>
</kw>
<kw name="Finish Session" library="hooks" type="teardown">
<kw name="Close Browser" library="SeleniumLibrary">
<doc>Closes the current browser.</doc>
<status status="PASS" starttime="20200821 19:01:47.275" endtime="20200821 19:01:49.436"></status>
</kw>
<status status="PASS" starttime="20200821 19:01:47.274" endtime="20200821 19:01:49.436"></status>
</kw>
<status status="PASS" starttime="20200821 19:01:40.420" endtime="20200821 19:01:49.436" critical="yes"></status>
</test>
<test id="s1-s2-t3" name="Email em branco">
<kw name="Start Session" library="hooks" type="setup">
<kw name="Open Browser" library="SeleniumLibrary">
<doc>Opens a new browser instance to the optional ``url``.</doc>
<arguments>
<arg>about:blank</arg>
<arg>chrome</arg>
</arguments>
<msg timestamp="20200821 19:01:49.439" level="INFO">Opening browser 'chrome' to base url 'about:blank'.</msg>
<status status="PASS" starttime="20200821 19:01:49.439" endtime="20200821 19:01:52.670"></status>
</kw>
<kw name="Maximize Browser Window" library="SeleniumLibrary">
<doc>Maximizes current browser window.</doc>
<status status="PASS" starttime="20200821 19:01:52.670" endtime="20200821 19:01:54.797"></status>
</kw>
<status status="PASS" starttime="20200821 19:01:49.438" endtime="20200821 19:01:54.798"></status>
</kw>
<kw name="Tentativa de login">
<arguments>
<arg>${EMPTY}</arg>
<arg>123456</arg>
<arg>O campo email é obrigatório!</arg>
</arguments>
<kw name="Acesso a página Login" library="kws">
<kw name="Go To" library="SeleniumLibrary">
<doc>Navigates the current browser window to the provided ``url``.</doc>
<arguments>
<arg>http://zepalheta-web:3000</arg>
</arguments>
<msg timestamp="20200821 19:01:54.800" level="INFO">Opening url 'http://zepalheta-web:3000'</msg>
<status status="PASS" starttime="20200821 19:01:54.800" endtime="20200821 19:01:55.487"></status>
</kw>
<status status="PASS" starttime="20200821 19:01:54.799" endtime="20200821 19:01:55.487"></status>
</kw>
<kw name="Submeto minhas credenciais" library="kws">
<arguments>
<arg>${input_email}</arg>
<arg>${input_senha}</arg>
</arguments>
<kw name="Input Text" library="SeleniumLibrary">
<doc>Types the given ``text`` into the text field identified by ``locator``.</doc>
<arguments>
<arg>id:txtEmail</arg>
<arg>${email}</arg>
</arguments>
<msg timestamp="20200821 19:01:55.488" level="INFO">Typing text '' into text field 'id:txtEmail'.</msg>
<status status="PASS" starttime="20200821 19:01:55.488" endtime="20200821 19:01:55.564"></status>
</kw>
<kw name="Input Text" library="SeleniumLibrary">
<doc>Types the given ``text`` into the text field identified by ``locator``.</doc>
<arguments>
<arg>css:input[placeholder=Senha]</arg>
<arg>${password}</arg>
</arguments>
<msg timestamp="20200821 19:01:55.564" level="INFO">Typing text '123456' into text field 'css:input[placeholder=Senha]'.</msg>
<status status="PASS" starttime="20200821 19:01:55.564" endtime="20200821 19:01:55.895"></status>
</kw>
<kw name="Click Element" library="SeleniumLibrary">
<doc>Click the element identified by ``locator``.</doc>
<arguments>
<arg>xpath://button[text()='Entrar']</arg>
</arguments>
<msg timestamp="20200821 19:01:55.895" level="INFO">Clicking element 'xpath://button[text()='Entrar']'.</msg>
<status status="PASS" starttime="20200821 19:01:55.895" endtime="20200821 19:01:55.969"></status>
</kw>
<status status="PASS" starttime="20200821 19:01:55.487" endtime="20200821 19:01:55.969"></status>
</kw>
<kw name="Devo ver um toaster com a mensagem" library="kws">
<arguments>
<arg>${output_mensagem}</arg>
</arguments>
<kw name="Wait Until Element Contains" library="SeleniumLibrary">
<doc>Waits until the element ``locator`` contains ``text``.</doc>
<arguments>
<arg>css:div[type=error] p</arg>
<arg>${expect_message}</arg>
</arguments>
<status status="PASS" starttime="20200821 19:01:55.969" endtime="20200821 19:01:56.206"></status>
</kw>
<status status="PASS" starttime="20200821 19:01:55.969" endtime="20200821 19:01:56.206"></status>
</kw>
<status status="PASS" starttime="20200821 19:01:54.799" endtime="20200821 19:01:56.206"></status>
</kw>
<kw name="Finish Session" library="hooks" type="teardown">
<kw name="Close Browser" library="SeleniumLibrary">
<doc>Closes the current browser.</doc>
<status status="PASS" starttime="20200821 19:01:56.207" endtime="20200821 19:01:58.415"></status>
</kw>
<status status="PASS" starttime="20200821 19:01:56.207" endtime="20200821 19:01:58.416"></status>
</kw>
<status status="PASS" starttime="20200821 19:01:49.438" endtime="20200821 19:01:58.418" critical="yes"></status>
</test>
<test id="s1-s2-t4" name="Email e senha em branco">
<kw name="Start Session" library="hooks" type="setup">
<kw name="Open Browser" library="SeleniumLibrary">
<doc>Opens a new browser instance to the optional ``url``.</doc>
<arguments>
<arg>about:blank</arg>
<arg>chrome</arg>
</arguments>
<msg timestamp="20200821 19:01:58.428" level="INFO">Opening browser 'chrome' to base url 'about:blank'.</msg>
<status status="PASS" starttime="20200821 19:01:58.428" endtime="20200821 19:02:01.649"></status>
</kw>
<kw name="Maximize Browser Window" library="SeleniumLibrary">
<doc>Maximizes current browser window.</doc>
<status status="PASS" starttime="20200821 19:02:01.649" endtime="20200821 19:02:03.767"></status>
</kw>
<status status="PASS" starttime="20200821 19:01:58.427" endtime="20200821 19:02:03.767"></status>
</kw>
<kw name="Tentativa de login">
<arguments>
<arg>${EMPTY}</arg>
<arg>${EMPTY}</arg>
<arg>Os campos email e senha não foram preenchidos!</arg>
</arguments>
<kw name="Acesso a página Login" library="kws">
<kw name="Go To" library="SeleniumLibrary">
<doc>Navigates the current browser window to the provided ``url``.</doc>
<arguments>
<arg>http://zepalheta-web:3000</arg>
</arguments>
<msg timestamp="20200821 19:02:03.769" level="INFO">Opening url 'http://zepalheta-web:3000'</msg>
<status status="PASS" starttime="20200821 19:02:03.769" endtime="20200821 19:02:04.476"></status>
</kw>
<status status="PASS" starttime="20200821 19:02:03.768" endtime="20200821 19:02:04.477"></status>
</kw>
<kw name="Submeto minhas credenciais" library="kws">
<arguments>
<arg>${input_email}</arg>
<arg>${input_senha}</arg>
</arguments>
<kw name="Input Text" library="SeleniumLibrary">
<doc>Types the given ``text`` into the text field identified by ``locator``.</doc>
<arguments>
<arg>id:txtEmail</arg>
<arg>${email}</arg>
</arguments>
<msg timestamp="20200821 19:02:04.479" level="INFO">Typing text '' into text field 'id:txtEmail'.</msg>
<status status="PASS" starttime="20200821 19:02:04.478" endtime="20200821 19:02:04.547"></status>
</kw>
<kw name="Input Text" library="SeleniumLibrary">
<doc>Types the given ``text`` into the text field identified by ``locator``.</doc>
<arguments>
<arg>css:input[placeholder=Senha]</arg>
<arg>${password}</arg>
</arguments>
<msg timestamp="20200821 19:02:04.548" level="INFO">Typing text '' into text field 'css:input[placeholder=Senha]'.</msg>
<status status="PASS" starttime="20200821 19:02:04.547" endtime="20200821 19:02:04.856"></status>
</kw>
<kw name="Click Element" library="SeleniumLibrary">
<doc>Click the element identified by ``locator``.</doc>
<arguments>
<arg>xpath://button[text()='Entrar']</arg>
</arguments>
<msg timestamp="20200821 19:02:04.857" level="INFO">Clicking element 'xpath://button[text()='Entrar']'.</msg>
<status status="PASS" starttime="20200821 19:02:04.857" endtime="20200821 19:02:04.919"></status>
</kw>
<status status="PASS" starttime="20200821 19:02:04.477" endtime="20200821 19:02:04.919"></status>
</kw>
<kw name="Devo ver um toaster com a mensagem" library="kws">
<arguments>
<arg>${output_mensagem}</arg>
</arguments>
<kw name="Wait Until Element Contains" library="SeleniumLibrary">
<doc>Waits until the element ``locator`` contains ``text``.</doc>
<arguments>
<arg>css:div[type=error] p</arg>
<arg>${expect_message}</arg>
</arguments>
<status status="PASS" starttime="20200821 19:02:04.919" endtime="20200821 19:02:05.154"></status>
</kw>
<status status="PASS" starttime="20200821 19:02:04.919" endtime="20200821 19:02:05.155"></status>
</kw>
<status status="PASS" starttime="20200821 19:02:03.768" endtime="20200821 19:02:05.155"></status>
</kw>
<kw name="Finish Session" library="hooks" type="teardown">
<kw name="Close Browser" library="SeleniumLibrary">
<doc>Closes the current browser.</doc>
<status status="PASS" starttime="20200821 19:02:05.155" endtime="20200821 19:02:07.553"></status>
</kw>
<status status="PASS" starttime="20200821 19:02:05.155" endtime="20200821 19:02:07.554"></status>
</kw>
<status status="PASS" starttime="20200821 19:01:58.425" endtime="20200821 19:02:07.556" critical="yes"></status>
</test>
<test id="s1-s2-t5" name="Login incorreto">
<kw name="Start Session" library="hooks" type="setup">
<kw name="Open Browser" library="SeleniumLibrary">
<doc>Opens a new browser instance to the optional ``url``.</doc>
<arguments>
<arg>about:blank</arg>
<arg>chrome</arg>
</arguments>
<msg timestamp="20200821 19:02:07.567" level="INFO">Opening browser 'chrome' to base url 'about:blank'.</msg>
<status status="PASS" starttime="20200821 19:02:07.566" endtime="20200821 19:02:10.866"></status>
</kw>
<kw name="Maximize Browser Window" library="SeleniumLibrary">
<doc>Maximizes current browser window.</doc>
<status status="PASS" starttime="20200821 19:02:10.866" endtime="20200821 19:02:12.984"></status>
</kw>
<status status="PASS" starttime="20200821 19:02:07.565" endtime="20200821 19:02:12.984"></status>
</kw>
<kw name="Tentativa de login">
<arguments>
<arg>admin&amp;gmail.com</arg>
<arg>abc123</arg>
<arg>Ocorreu um erro ao fazer login, cheque as credenciais.</arg>
</arguments>
<kw name="Acesso a página Login" library="kws">
<kw name="Go To" library="SeleniumLibrary">
<doc>Navigates the current browser window to the provided ``url``.</doc>
<arguments>
<arg>http://zepalheta-web:3000</arg>
</arguments>
<msg timestamp="20200821 19:02:12.986" level="INFO">Opening url 'http://zepalheta-web:3000'</msg>
<status status="PASS" starttime="20200821 19:02:12.985" endtime="20200821 19:02:13.712"></status>
</kw>
<status status="PASS" starttime="20200821 19:02:12.985" endtime="20200821 19:02:13.712"></status>
</kw>
<kw name="Submeto minhas credenciais" library="kws">
<arguments>
<arg>${input_email}</arg>
<arg>${input_senha}</arg>
</arguments>
<kw name="Input Text" library="SeleniumLibrary">
<doc>Types the given ``text`` into the text field identified by ``locator``.</doc>
<arguments>
<arg>id:txtEmail</arg>
<arg>${email}</arg>
</arguments>
<msg timestamp="20200821 19:02:13.713" level="INFO">Typing text 'admin&amp;gmail.com' into text field 'id:txtEmail'.</msg>
<status status="PASS" starttime="20200821 19:02:13.713" endtime="20200821 19:02:14.119"></status>
</kw>
<kw name="Input Text" library="SeleniumLibrary">
<doc>Types the given ``text`` into the text field identified by ``locator``.</doc>
<arguments>
<arg>css:input[placeholder=Senha]</arg>
<arg>${password}</arg>
</arguments>
<msg timestamp="20200821 19:02:14.120" level="INFO">Typing text 'abc123' into text field 'css:input[placeholder=Senha]'.</msg>
<status status="PASS" starttime="20200821 19:02:14.119" endtime="20200821 19:02:14.203"></status>
</kw>
<kw name="Click Element" library="SeleniumLibrary">
<doc>Click the element identified by ``locator``.</doc>
<arguments>
<arg>xpath://button[text()='Entrar']</arg>
</arguments>
<msg timestamp="20200821 19:02:14.203" level="INFO">Clicking element 'xpath://button[text()='Entrar']'.</msg>
<status status="PASS" starttime="20200821 19:02:14.203" endtime="20200821 19:02:14.252"></status>
</kw>
<status status="PASS" starttime="20200821 19:02:13.712" endtime="20200821 19:02:14.252"></status>
</kw>
<kw name="Devo ver um toaster com a mensagem" library="kws">
<arguments>
<arg>${output_mensagem}</arg>
</arguments>
<kw name="Wait Until Element Contains" library="SeleniumLibrary">
<doc>Waits until the element ``locator`` contains ``text``.</doc>
<arguments>
<arg>css:div[type=error] p</arg>
<arg>${expect_message}</arg>
</arguments>
<status status="PASS" starttime="20200821 19:02:14.253" endtime="20200821 19:02:14.501"></status>
</kw>
<status status="PASS" starttime="20200821 19:02:14.252" endtime="20200821 19:02:14.501"></status>
</kw>
<status status="PASS" starttime="20200821 19:02:12.985" endtime="20200821 19:02:14.501"></status>
</kw>
<kw name="Finish Session" library="hooks" type="teardown">
<kw name="Close Browser" library="SeleniumLibrary">
<doc>Closes the current browser.</doc>
<status status="PASS" starttime="20200821 19:02:14.503" endtime="20200821 19:02:16.658"></status>
</kw>
<status status="PASS" starttime="20200821 19:02:14.502" endtime="20200821 19:02:16.658"></status>
</kw>
<status status="PASS" starttime="20200821 19:02:07.562" endtime="20200821 19:02:16.659" critical="yes"></status>
</test>
<doc>Login Tentativa</doc>
<status status="PASS" starttime="20200821 19:01:31.315" endtime="20200821 19:02:16.662"></status>
</suite>
<status status="PASS" starttime="20200821 19:01:22.006" endtime="20200821 19:02:16.667"></status>
</suite>
<statistics>
<total>
<stat pass="6" fail="0">Critical Tests</stat>
<stat pass="6" fail="0">All Tests</stat>
</total>
<tag>
</tag>
<suite>
<stat pass="6" fail="0" id="s1" name="Tests">Tests</stat>
<stat pass="1" fail="0" id="s1-s1" name="Login">Tests.Login</stat>
<stat pass="5" fail="0" id="s1-s2" name="Login Tentativa">Tests.Login Tentativa</stat>
</suite>
</statistics>
<errors>
</errors>
</robot>
