<?xml version="1.0" encoding="UTF-8"?>
<robot generator="Robot 3.2.1 (Python 3.8.5 on win32)" generated="20201013 22:50:52.471" rpa="false">
<suite id="s1" name="Cadastro Cliente" source="c:\qaninja\ze-palheta\tests\cadastro_cliente.robot">
<test id="s1-t1" name="Novo cliente">
<kw name="Start Session" library="hooks" type="setup">
<kw name="Open Browser" library="SeleniumLibrary">
<doc>Opens a new browser instance to the optional ``url``.</doc>
<arguments>
<arg>about:blank</arg>
<arg>chrome</arg>
</arguments>
<msg timestamp="20201013 22:50:52.685" level="INFO">Opening browser 'chrome' to base url 'about:blank'.</msg>
<status status="PASS" starttime="20201013 22:50:52.685" endtime="20201013 22:50:56.810"></status>
</kw>
<kw name="Maximize Browser Window" library="SeleniumLibrary">
<doc>Maximizes current browser window.</doc>
<status status="PASS" starttime="20201013 22:50:56.810" endtime="20201013 22:50:58.927"></status>
</kw>
<status status="PASS" starttime="20201013 22:50:52.684" endtime="20201013 22:50:58.927"></status>
</kw>
<kw name="Dado que acesso o formulário do cadastro de clientes">
<kw name="Click Element" library="SeleniumLibrary">
<doc>Click the element identified by ``locator``.</doc>
<arguments>
<arg>css:a[href$=customers]</arg>
</arguments>
<msg timestamp="20201013 22:50:58.929" level="INFO">Clicking element 'css:a[href$=customers]'.</msg>
<kw name="Capture Page Screenshot" library="SeleniumLibrary">
<doc>Takes a screenshot of the current page and embeds it into a log file.</doc>
<msg timestamp="20201013 22:50:59.220" level="INFO" html="yes">&lt;/td&gt;&lt;/tr&gt;&lt;tr&gt;&lt;td colspan="3"&gt;&lt;a href="selenium-screenshot-35.png"&gt;&lt;img src="selenium-screenshot-35.png" width="800px"&gt;&lt;/a&gt;</msg>
<status status="PASS" starttime="20201013 22:50:58.964" endtime="20201013 22:50:59.220"></status>
</kw>
<msg timestamp="20201013 22:50:59.222" level="FAIL">Element with locator 'css:a[href$=customers]' not found.</msg>
<status status="FAIL" starttime="20201013 22:50:58.928" endtime="20201013 22:50:59.222"></status>
</kw>
<status status="FAIL" starttime="20201013 22:50:58.928" endtime="20201013 22:50:59.223"></status>
</kw>
<kw name="Finish Session" library="hooks" type="teardown">
<kw name="Close Browser" library="SeleniumLibrary">
<doc>Closes the current browser.</doc>
<status status="PASS" starttime="20201013 22:50:59.224" endtime="20201013 22:51:01.305"></status>
</kw>
<status status="PASS" starttime="20201013 22:50:59.224" endtime="20201013 22:51:01.305"></status>
</kw>
<status status="FAIL" starttime="20201013 22:50:52.684" endtime="20201013 22:51:01.306" critical="yes">Element with locator 'css:a[href$=customers]' not found.</status>
</test>
<doc>Cadastro de clientes</doc>
<status status="FAIL" starttime="20201013 22:50:52.472" endtime="20201013 22:51:01.308"></status>
</suite>
<statistics>
<total>
<stat pass="0" fail="1">Critical Tests</stat>
<stat pass="0" fail="1">All Tests</stat>
</total>
<tag>
</tag>
<suite>
<stat pass="0" fail="1" id="s1" name="Cadastro Cliente">Cadastro Cliente</stat>
</suite>
</statistics>
<errors>
</errors>
</robot>
