<?xml version="1.0" encoding="UTF-8"?>
<robot generator="Robot 3.2.1 (Python 3.8.5 on win32)" generated="20210609 22:55:10.412" rpa="false">
<suite id="s1" name="Tests" source="C:\qaninja\ze-palheta\tests">
<suite id="s1-s1" name="Cadastro Cliente" source="C:\qaninja\ze-palheta\tests\cadastro_cliente.robot">
<kw name="Login Session" library="hooks" type="setup">
<kw name="Start Session" library="hooks">
<kw name="Open Browser" library="SeleniumLibrary">
<doc>Opens a new browser instance to the optional ``url``.</doc>
<arguments>
<arg>about:blank</arg>
<arg>chrome</arg>
</arguments>
<msg timestamp="20210609 22:55:10.689" level="INFO">Opening browser 'chrome' to base url 'about:blank'.</msg>
<status status="PASS" starttime="20210609 22:55:10.689" endtime="20210609 22:55:12.014"></status>
</kw>
<kw name="Maximize Browser Window" library="SeleniumLibrary">
<doc>Maximizes current browser window.</doc>
<status status="PASS" starttime="20210609 22:55:12.015" endtime="20210609 22:55:12.127"></status>
</kw>
<status status="PASS" starttime="20210609 22:55:10.688" endtime="20210609 22:55:12.128"></status>
</kw>
<kw name="Go To" library="SeleniumLibrary">
<doc>Navigates the current browser window to the provided ``url``.</doc>
<arguments>
<arg>${base_url}</arg>
</arguments>
<msg timestamp="20210609 22:55:12.128" level="INFO">Opening url 'http://zepalheta-web:3000'</msg>
<status status="PASS" starttime="20210609 22:55:12.128" endtime="20210609 22:55:14.527"></status>
</kw>
<kw name="Login With" library="LoginPage">
<arguments>
<arg>${admin_user}</arg>
<arg>${admin_pass}</arg>
</arguments>
<kw name="Input Text" library="SeleniumLibrary">
<doc>Types the given ``text`` into the text field identified by ``locator``.</doc>
<arguments>
<arg>id:txtEmail</arg>
<arg>${email}</arg>
</arguments>
<msg timestamp="20210609 22:55:14.528" level="INFO">Typing text 'admin@zepalheta.com.br' into text field 'id:txtEmail'.</msg>
<status status="PASS" starttime="20210609 22:55:14.528" endtime="20210609 22:55:14.626"></status>
</kw>
<kw name="Input Text" library="SeleniumLibrary">
<doc>Types the given ``text`` into the text field identified by ``locator``.</doc>
<arguments>
<arg>css:input[placeholder=Senha]</arg>
<arg>${password}</arg>
</arguments>
<msg timestamp="20210609 22:55:14.627" level="INFO">Typing text 'pwd123' into text field 'css:input[placeholder=Senha]'.</msg>
<status status="PASS" starttime="20210609 22:55:14.627" endtime="20210609 22:55:14.704"></status>
</kw>
<kw name="Click Element" library="SeleniumLibrary">
<doc>Click the element identified by ``locator``.</doc>
<arguments>
<arg>xpath://button[text()='Entrar']</arg>
</arguments>
<msg timestamp="20210609 22:55:14.704" level="INFO">Clicking element 'xpath://button[text()='Entrar']'.</msg>
<status status="PASS" starttime="20210609 22:55:14.704" endtime="20210609 22:55:14.773"></status>
</kw>
<status status="PASS" starttime="20210609 22:55:14.527" endtime="20210609 22:55:14.773"></status>
</kw>
<status status="PASS" starttime="20210609 22:55:10.688" endtime="20210609 22:55:14.773"></status>
</kw>
<test id="s1-s1-t1" name="Nome é Obrigatório">
<kw name="Validação de Campos">
<arguments>
<arg>${EMPTY}</arg>
<arg>53695887087</arg>
<arg>Rua dos Bugs, 1000</arg>
<arg>11999999999</arg>
<arg>Nome é obrigatório</arg>
</arguments>
<kw name="Dado que acesso o formulário do cadastro de clientes" library="kws">
<kw name="Wait Until Element Is Visible" library="SeleniumLibrary">
<doc>Waits until the element ``locator`` is visible.</doc>
<arguments>
<arg>${NAV_CUSTOMERS}</arg>
<arg>5</arg>
</arguments>
<status status="PASS" starttime="20210609 22:55:14.776" endtime="20210609 22:55:15.004"></status>
</kw>
<kw name="Click Element" library="SeleniumLibrary">
<doc>Click the element identified by ``locator``.</doc>
<arguments>
<arg>${NAV_CUSTOMERS}</arg>
</arguments>
<msg timestamp="20210609 22:55:15.005" level="INFO">Clicking element 'css:a[href$=customers]'.</msg>
<status status="PASS" starttime="20210609 22:55:15.004" endtime="20210609 22:55:15.043"></status>
</kw>
<kw name="Wait Until Element Is Visible" library="SeleniumLibrary">
<doc>Waits until the element ``locator`` is visible.</doc>
<arguments>
<arg>${CUSTOMER_FORM}</arg>
<arg>5</arg>
</arguments>
<status status="PASS" starttime="20210609 22:55:15.043" endtime="20210609 22:55:15.066"></status>
</kw>
<kw name="Click Element" library="SeleniumLibrary">
<doc>Click the element identified by ``locator``.</doc>
<arguments>
<arg>${CUSTOMER_FORM}</arg>
</arguments>
<msg timestamp="20210609 22:55:15.067" level="INFO">Clicking element 'css:a[href$=register]'.</msg>
<status status="PASS" starttime="20210609 22:55:15.066" endtime="20210609 22:55:15.131"></status>
</kw>
<status status="PASS" starttime="20210609 22:55:14.775" endtime="20210609 22:55:15.131"></status>
</kw>
<kw name="Quando Faço A Inclusão Deste Cliente:" library="kws">
<arguments>
<arg>${nome}</arg>
<arg>${cpf}</arg>
<arg>${endereco}</arg>
<arg>${telefone}</arg>
</arguments>
<kw name="Register New Customer" library="CustomersPage">
<arguments>
<arg>${name}</arg>
<arg>${cpf}</arg>
<arg>${address}</arg>
<arg>${phone_number}</arg>
</arguments>
<kw name="Input Text" library="SeleniumLibrary">
<doc>Types the given ``text`` into the text field identified by ``locator``.</doc>
<arguments>
<arg>id:name</arg>
<arg>${name}</arg>
</arguments>
<msg timestamp="20210609 22:55:15.134" level="INFO">Typing text '' into text field 'id:name'.</msg>
<status status="PASS" starttime="20210609 22:55:15.133" endtime="20210609 22:55:15.199"></status>
</kw>
<kw name="Input Text" library="SeleniumLibrary">
<doc>Types the given ``text`` into the text field identified by ``locator``.</doc>
<arguments>
<arg>id:cpf</arg>
<arg>${cpf}</arg>
</arguments>
<msg timestamp="20210609 22:55:15.199" level="INFO">Typing text '53695887087' into text field 'id:cpf'.</msg>
<status status="PASS" starttime="20210609 22:55:15.199" endtime="20210609 22:55:15.278"></status>
</kw>
<kw name="Input Text" library="SeleniumLibrary">
<doc>Types the given ``text`` into the text field identified by ``locator``.</doc>
<arguments>
<arg>id:address</arg>
<arg>${address}</arg>
</arguments>
<msg timestamp="20210609 22:55:15.279" level="INFO">Typing text 'Rua dos Bugs, 1000' into text field 'id:address'.</msg>
<status status="PASS" starttime="20210609 22:55:15.278" endtime="20210609 22:55:15.356"></status>
</kw>
<kw name="Input Text" library="SeleniumLibrary">
<doc>Types the given ``text`` into the text field identified by ``locator``.</doc>
<arguments>
<arg>id:phone_number</arg>
<arg>${phone_number}</arg>
</arguments>
<msg timestamp="20210609 22:55:15.356" level="INFO">Typing text '11999999999' into text field 'id:phone_number'.</msg>
<status status="PASS" starttime="20210609 22:55:15.356" endtime="20210609 22:55:15.432"></status>
</kw>
<kw name="Click Element" library="SeleniumLibrary">
<doc>Click the element identified by ``locator``.</doc>
<arguments>
<arg>xpath://button[text()='CADASTRAR']</arg>
</arguments>
<msg timestamp="20210609 22:55:15.432" level="INFO">Clicking element 'xpath://button[text()='CADASTRAR']'.</msg>
<status status="PASS" starttime="20210609 22:55:15.432" endtime="20210609 22:55:15.477"></status>
</kw>
<status status="PASS" starttime="20210609 22:55:15.132" endtime="20210609 22:55:15.477"></status>
</kw>
<status status="PASS" starttime="20210609 22:55:15.131" endtime="20210609 22:55:15.477"></status>
</kw>
<kw name="Então Devo Ver O Texto:" library="kws">
<arguments>
<arg>${saida}</arg>
</arguments>
<msg timestamp="20210609 22:55:15.477" level="FAIL">User keyword 'Então Devo Ver O Texto:' contains no keywords.</msg>
<status status="FAIL" starttime="20210609 22:55:15.477" endtime="20210609 22:55:15.477"></status>
</kw>
<status status="FAIL" starttime="20210609 22:55:14.774" endtime="20210609 22:55:15.478"></status>
</kw>
<tags>
<tag>required</tag>
</tags>
<status status="FAIL" starttime="20210609 22:55:14.773" endtime="20210609 22:55:15.479" critical="yes">User keyword 'Então Devo Ver O Texto:' contains no keywords.</status>
</test>
<test id="s1-s1-t2" name="CPF é Obrigatório">
<kw name="Validação de Campos">
<arguments>
<arg>Calebe Gael</arg>
<arg>${EMPTY}</arg>
<arg>Rua dos Bugs, 1000</arg>
<arg>11999999999</arg>
<arg>CPF é obrigatório</arg>
</arguments>
<kw name="Dado que acesso o formulário do cadastro de clientes" library="kws">
<kw name="Wait Until Element Is Visible" library="SeleniumLibrary">
<doc>Waits until the element ``locator`` is visible.</doc>
<arguments>
<arg>${NAV_CUSTOMERS}</arg>
<arg>5</arg>
</arguments>
<status status="PASS" starttime="20210609 22:55:15.483" endtime="20210609 22:55:15.497"></status>
</kw>
<kw name="Click Element" library="SeleniumLibrary">
<doc>Click the element identified by ``locator``.</doc>
<arguments>
<arg>${NAV_CUSTOMERS}</arg>
</arguments>
<msg timestamp="20210609 22:55:15.497" level="INFO">Clicking element 'css:a[href$=customers]'.</msg>
<status status="PASS" starttime="20210609 22:55:15.497" endtime="20210609 22:55:15.528"></status>
</kw>
<kw name="Wait Until Element Is Visible" library="SeleniumLibrary">
<doc>Waits until the element ``locator`` is visible.</doc>
<arguments>
<arg>${CUSTOMER_FORM}</arg>
<arg>5</arg>
</arguments>
<status status="PASS" starttime="20210609 22:55:15.528" endtime="20210609 22:55:15.547"></status>
</kw>
<kw name="Click Element" library="SeleniumLibrary">
<doc>Click the element identified by ``locator``.</doc>
<arguments>
<arg>${CUSTOMER_FORM}</arg>
</arguments>
<msg timestamp="20210609 22:55:15.548" level="INFO">Clicking element 'css:a[href$=register]'.</msg>
<status status="PASS" starttime="20210609 22:55:15.547" endtime="20210609 22:55:15.590"></status>
</kw>
<status status="PASS" starttime="20210609 22:55:15.483" endtime="20210609 22:55:15.590"></status>
</kw>
<kw name="Quando Faço A Inclusão Deste Cliente:" library="kws">
<arguments>
<arg>${nome}</arg>
<arg>${cpf}</arg>
<arg>${endereco}</arg>
<arg>${telefone}</arg>
</arguments>
<kw name="Register New Customer" library="CustomersPage">
<arguments>
<arg>${name}</arg>
<arg>${cpf}</arg>
<arg>${address}</arg>
<arg>${phone_number}</arg>
</arguments>
<kw name="Input Text" library="SeleniumLibrary">
<doc>Types the given ``text`` into the text field identified by ``locator``.</doc>
<arguments>
<arg>id:name</arg>
<arg>${name}</arg>
</arguments>
<msg timestamp="20210609 22:55:15.592" level="INFO">Typing text 'Calebe Gael' into text field 'id:name'.</msg>
<status status="PASS" starttime="20210609 22:55:15.592" endtime="20210609 22:55:15.655"></status>
</kw>
<kw name="Input Text" library="SeleniumLibrary">
<doc>Types the given ``text`` into the text field identified by ``locator``.</doc>
<arguments>
<arg>id:cpf</arg>
<arg>${cpf}</arg>
</arguments>
<msg timestamp="20210609 22:55:15.656" level="INFO">Typing text '' into text field 'id:cpf'.</msg>
<status status="PASS" starttime="20210609 22:55:15.656" endtime="20210609 22:55:15.718"></status>
</kw>
<kw name="Input Text" library="SeleniumLibrary">
<doc>Types the given ``text`` into the text field identified by ``locator``.</doc>
<arguments>
<arg>id:address</arg>
<arg>${address}</arg>
</arguments>
<msg timestamp="20210609 22:55:15.718" level="INFO">Typing text 'Rua dos Bugs, 1000' into text field 'id:address'.</msg>
<status status="PASS" starttime="20210609 22:55:15.718" endtime="20210609 22:55:15.796"></status>
</kw>
<kw name="Input Text" library="SeleniumLibrary">
<doc>Types the given ``text`` into the text field identified by ``locator``.</doc>
<arguments>
<arg>id:phone_number</arg>
<arg>${phone_number}</arg>
</arguments>
<msg timestamp="20210609 22:55:15.797" level="INFO">Typing text '11999999999' into text field 'id:phone_number'.</msg>
<status status="PASS" starttime="20210609 22:55:15.796" endtime="20210609 22:55:15.867"></status>
</kw>
<kw name="Click Element" library="SeleniumLibrary">
<doc>Click the element identified by ``locator``.</doc>
<arguments>
<arg>xpath://button[text()='CADASTRAR']</arg>
</arguments>
<msg timestamp="20210609 22:55:15.868" level="INFO">Clicking element 'xpath://button[text()='CADASTRAR']'.</msg>
<status status="PASS" starttime="20210609 22:55:15.867" endtime="20210609 22:55:15.906"></status>
</kw>
<status status="PASS" starttime="20210609 22:55:15.591" endtime="20210609 22:55:15.906"></status>
</kw>
<status status="PASS" starttime="20210609 22:55:15.591" endtime="20210609 22:55:15.906"></status>
</kw>
<kw name="Então Devo Ver O Texto:" library="kws">
<arguments>
<arg>${saida}</arg>
</arguments>
<msg timestamp="20210609 22:55:15.907" level="FAIL">User keyword 'Então Devo Ver O Texto:' contains no keywords.</msg>
<status status="FAIL" starttime="20210609 22:55:15.906" endtime="20210609 22:55:15.907"></status>
</kw>
<status status="FAIL" starttime="20210609 22:55:15.482" endtime="20210609 22:55:15.907"></status>
</kw>
<tags>
<tag>required</tag>
</tags>
<status status="FAIL" starttime="20210609 22:55:15.482" endtime="20210609 22:55:15.907" critical="yes">User keyword 'Então Devo Ver O Texto:' contains no keywords.</status>
</test>
<test id="s1-s1-t3" name="Endereço é Obrigatório">
<kw name="Validação de Campos">
<arguments>
<arg>Calebe Gael</arg>
<arg>53695887087</arg>
<arg>${EMPTY}</arg>
<arg>11999999999</arg>
<arg>Endereço é obrigatório</arg>
</arguments>
<kw name="Dado que acesso o formulário do cadastro de clientes" library="kws">
<kw name="Wait Until Element Is Visible" library="SeleniumLibrary">
<doc>Waits until the element ``locator`` is visible.</doc>
<arguments>
<arg>${NAV_CUSTOMERS}</arg>
<arg>5</arg>
</arguments>
<status status="PASS" starttime="20210609 22:55:15.910" endtime="20210609 22:55:15.923"></status>
</kw>
<kw name="Click Element" library="SeleniumLibrary">
<doc>Click the element identified by ``locator``.</doc>
<arguments>
<arg>${NAV_CUSTOMERS}</arg>
</arguments>
<msg timestamp="20210609 22:55:15.924" level="INFO">Clicking element 'css:a[href$=customers]'.</msg>
<status status="PASS" starttime="20210609 22:55:15.924" endtime="20210609 22:55:15.956"></status>
</kw>
<kw name="Wait Until Element Is Visible" library="SeleniumLibrary">
<doc>Waits until the element ``locator`` is visible.</doc>
<arguments>
<arg>${CUSTOMER_FORM}</arg>
<arg>5</arg>
</arguments>
<status status="PASS" starttime="20210609 22:55:15.957" endtime="20210609 22:55:15.978"></status>
</kw>
<kw name="Click Element" library="SeleniumLibrary">
<doc>Click the element identified by ``locator``.</doc>
<arguments>
<arg>${CUSTOMER_FORM}</arg>
</arguments>
<msg timestamp="20210609 22:55:15.979" level="INFO">Clicking element 'css:a[href$=register]'.</msg>
<status status="PASS" starttime="20210609 22:55:15.978" endtime="20210609 22:55:16.023"></status>
</kw>
<status status="PASS" starttime="20210609 22:55:15.909" endtime="20210609 22:55:16.024"></status>
</kw>
<kw name="Quando Faço A Inclusão Deste Cliente:" library="kws">
<arguments>
<arg>${nome}</arg>
<arg>${cpf}</arg>
<arg>${endereco}</arg>
<arg>${telefone}</arg>
</arguments>
<kw name="Register New Customer" library="CustomersPage">
<arguments>
<arg>${name}</arg>
<arg>${cpf}</arg>
<arg>${address}</arg>
<arg>${phone_number}</arg>
</arguments>
<kw name="Input Text" library="SeleniumLibrary">
<doc>Types the given ``text`` into the text field identified by ``locator``.</doc>
<arguments>
<arg>id:name</arg>
<arg>${name}</arg>
</arguments>
<msg timestamp="20210609 22:55:16.027" level="INFO">Typing text 'Calebe Gael' into text field 'id:name'.</msg>
<status status="PASS" starttime="20210609 22:55:16.026" endtime="20210609 22:55:16.087"></status>
</kw>
<kw name="Input Text" library="SeleniumLibrary">
<doc>Types the given ``text`` into the text field identified by ``locator``.</doc>
<arguments>
<arg>id:cpf</arg>
<arg>${cpf}</arg>
</arguments>
<msg timestamp="20210609 22:55:16.087" level="INFO">Typing text '53695887087' into text field 'id:cpf'.</msg>
<status status="PASS" starttime="20210609 22:55:16.087" endtime="20210609 22:55:16.159"></status>
</kw>
<kw name="Input Text" library="SeleniumLibrary">
<doc>Types the given ``text`` into the text field identified by ``locator``.</doc>
<arguments>
<arg>id:address</arg>
<arg>${address}</arg>
</arguments>
<msg timestamp="20210609 22:55:16.160" level="INFO">Typing text '' into text field 'id:address'.</msg>
<status status="PASS" starttime="20210609 22:55:16.159" endtime="20210609 22:55:16.218"></status>
</kw>
<kw name="Input Text" library="SeleniumLibrary">
<doc>Types the given ``text`` into the text field identified by ``locator``.</doc>
<arguments>
<arg>id:phone_number</arg>
<arg>${phone_number}</arg>
</arguments>
<msg timestamp="20210609 22:55:16.219" level="INFO">Typing text '11999999999' into text field 'id:phone_number'.</msg>
<status status="PASS" starttime="20210609 22:55:16.219" endtime="20210609 22:55:16.289"></status>
</kw>
<kw name="Click Element" library="SeleniumLibrary">
<doc>Click the element identified by ``locator``.</doc>
<arguments>
<arg>xpath://button[text()='CADASTRAR']</arg>
</arguments>
<msg timestamp="20210609 22:55:16.289" level="INFO">Clicking element 'xpath://button[text()='CADASTRAR']'.</msg>
<status status="PASS" starttime="20210609 22:55:16.289" endtime="20210609 22:55:16.324"></status>
</kw>
<status status="PASS" starttime="20210609 22:55:16.025" endtime="20210609 22:55:16.324"></status>
</kw>
<status status="PASS" starttime="20210609 22:55:16.024" endtime="20210609 22:55:16.324"></status>
</kw>
<kw name="Então Devo Ver O Texto:" library="kws">
<arguments>
<arg>${saida}</arg>
</arguments>
<msg timestamp="20210609 22:55:16.325" level="FAIL">User keyword 'Então Devo Ver O Texto:' contains no keywords.</msg>
<status status="FAIL" starttime="20210609 22:55:16.325" endtime="20210609 22:55:16.325"></status>
</kw>
<status status="FAIL" starttime="20210609 22:55:15.909" endtime="20210609 22:55:16.325"></status>
</kw>
<tags>
<tag>required</tag>
</tags>
<status status="FAIL" starttime="20210609 22:55:15.908" endtime="20210609 22:55:16.326" critical="yes">User keyword 'Então Devo Ver O Texto:' contains no keywords.</status>
</test>
<test id="s1-s1-t4" name="Telefone é Obrigatório">
<kw name="Validação de Campos">
<arguments>
<arg>Calebe Gael</arg>
<arg>53695887087</arg>
<arg>Rua dos Bugs, 1000</arg>
<arg>${EMPTY}</arg>
<arg>Telefone é obrigatório</arg>
</arguments>
<kw name="Dado que acesso o formulário do cadastro de clientes" library="kws">
<kw name="Wait Until Element Is Visible" library="SeleniumLibrary">
<doc>Waits until the element ``locator`` is visible.</doc>
<arguments>
<arg>${NAV_CUSTOMERS}</arg>
<arg>5</arg>
</arguments>
<status status="PASS" starttime="20210609 22:55:16.329" endtime="20210609 22:55:16.342"></status>
</kw>
<kw name="Click Element" library="SeleniumLibrary">
<doc>Click the element identified by ``locator``.</doc>
<arguments>
<arg>${NAV_CUSTOMERS}</arg>
</arguments>
<msg timestamp="20210609 22:55:16.343" level="INFO">Clicking element 'css:a[href$=customers]'.</msg>
<status status="PASS" starttime="20210609 22:55:16.343" endtime="20210609 22:55:16.369"></status>
</kw>
<kw name="Wait Until Element Is Visible" library="SeleniumLibrary">
<doc>Waits until the element ``locator`` is visible.</doc>
<arguments>
<arg>${CUSTOMER_FORM}</arg>
<arg>5</arg>
</arguments>
<status status="PASS" starttime="20210609 22:55:16.369" endtime="20210609 22:55:16.390"></status>
</kw>
<kw name="Click Element" library="SeleniumLibrary">
<doc>Click the element identified by ``locator``.</doc>
<arguments>
<arg>${CUSTOMER_FORM}</arg>
</arguments>
<msg timestamp="20210609 22:55:16.390" level="INFO">Clicking element 'css:a[href$=register]'.</msg>
<status status="PASS" starttime="20210609 22:55:16.390" endtime="20210609 22:55:16.429"></status>
</kw>
<status status="PASS" starttime="20210609 22:55:16.329" endtime="20210609 22:55:16.429"></status>
</kw>
<kw name="Quando Faço A Inclusão Deste Cliente:" library="kws">
<arguments>
<arg>${nome}</arg>
<arg>${cpf}</arg>
<arg>${endereco}</arg>
<arg>${telefone}</arg>
</arguments>
<kw name="Register New Customer" library="CustomersPage">
<arguments>
<arg>${name}</arg>
<arg>${cpf}</arg>
<arg>${address}</arg>
<arg>${phone_number}</arg>
</arguments>
<kw name="Input Text" library="SeleniumLibrary">
<doc>Types the given ``text`` into the text field identified by ``locator``.</doc>
<arguments>
<arg>id:name</arg>
<arg>${name}</arg>
</arguments>
<msg timestamp="20210609 22:55:16.431" level="INFO">Typing text 'Calebe Gael' into text field 'id:name'.</msg>
<status status="PASS" starttime="20210609 22:55:16.430" endtime="20210609 22:55:16.487"></status>
</kw>
<kw name="Input Text" library="SeleniumLibrary">
<doc>Types the given ``text`` into the text field identified by ``locator``.</doc>
<arguments>
<arg>id:cpf</arg>
<arg>${cpf}</arg>
</arguments>
<msg timestamp="20210609 22:55:16.488" level="INFO">Typing text '53695887087' into text field 'id:cpf'.</msg>
<status status="PASS" starttime="20210609 22:55:16.487" endtime="20210609 22:55:16.557"></status>
</kw>
<kw name="Input Text" library="SeleniumLibrary">
<doc>Types the given ``text`` into the text field identified by ``locator``.</doc>
<arguments>
<arg>id:address</arg>
<arg>${address}</arg>
</arguments>
<msg timestamp="20210609 22:55:16.557" level="INFO">Typing text 'Rua dos Bugs, 1000' into text field 'id:address'.</msg>
<status status="PASS" starttime="20210609 22:55:16.557" endtime="20210609 22:55:16.630"></status>
</kw>
<kw name="Input Text" library="SeleniumLibrary">
<doc>Types the given ``text`` into the text field identified by ``locator``.</doc>
<arguments>
<arg>id:phone_number</arg>
<arg>${phone_number}</arg>
</arguments>
<msg timestamp="20210609 22:55:16.631" level="INFO">Typing text '' into text field 'id:phone_number'.</msg>
<status status="PASS" starttime="20210609 22:55:16.630" endtime="20210609 22:55:16.690"></status>
</kw>
<kw name="Click Element" library="SeleniumLibrary">
<doc>Click the element identified by ``locator``.</doc>
<arguments>
<arg>xpath://button[text()='CADASTRAR']</arg>
</arguments>
<msg timestamp="20210609 22:55:16.691" level="INFO">Clicking element 'xpath://button[text()='CADASTRAR']'.</msg>
<status status="PASS" starttime="20210609 22:55:16.691" endtime="20210609 22:55:16.723"></status>
</kw>
<status status="PASS" starttime="20210609 22:55:16.430" endtime="20210609 22:55:16.723"></status>
</kw>
<status status="PASS" starttime="20210609 22:55:16.429" endtime="20210609 22:55:16.724"></status>
</kw>
<kw name="Então Devo Ver O Texto:" library="kws">
<arguments>
<arg>${saida}</arg>
</arguments>
<msg timestamp="20210609 22:55:16.724" level="FAIL">User keyword 'Então Devo Ver O Texto:' contains no keywords.</msg>
<status status="FAIL" starttime="20210609 22:55:16.724" endtime="20210609 22:55:16.724"></status>
</kw>
<status status="FAIL" starttime="20210609 22:55:16.328" endtime="20210609 22:55:16.724"></status>
</kw>
<tags>
<tag>required</tag>
</tags>
<status status="FAIL" starttime="20210609 22:55:16.328" endtime="20210609 22:55:16.725" critical="yes">User keyword 'Então Devo Ver O Texto:' contains no keywords.</status>
</test>
<kw name="Finish Session" library="hooks" type="teardown">
<kw name="Close Browser" library="SeleniumLibrary">
<doc>Closes the current browser.</doc>
<status status="PASS" starttime="20210609 22:55:16.728" endtime="20210609 22:55:18.969"></status>
</kw>
<status status="PASS" starttime="20210609 22:55:16.728" endtime="20210609 22:55:18.969"></status>
</kw>
<doc>Cadastro de clientes</doc>
<status status="FAIL" starttime="20210609 22:55:10.450" endtime="20210609 22:55:18.969"></status>
</suite>
<status status="FAIL" starttime="20210609 22:55:10.414" endtime="20210609 22:55:18.974"></status>
</suite>
<statistics>
<total>
<stat pass="0" fail="4">Critical Tests</stat>
<stat pass="0" fail="4">All Tests</stat>
</total>
<tag>
<stat pass="0" fail="4">required</stat>
</tag>
<suite>
<stat pass="0" fail="4" id="s1" name="Tests">Tests</stat>
<stat pass="0" fail="4" id="s1-s1" name="Cadastro Cliente">Tests.Cadastro Cliente</stat>
</suite>
</statistics>
<errors>
</errors>
</robot>
