<?xml version="1.0" encoding="UTF-8"?>
<robot generator="Robot 3.2.1 (Python 3.8.5 on win32)" generated="20201005 21:51:06.551" rpa="false">
<suite id="s1" name="Tests" source="c:\qaninja\ze-palheta\tests">
<suite id="s1-s1" name="Login" source="c:\qaninja\ze-palheta\tests\login.robot">
<test id="s1-s1-t1" name="Login do Administrador">
<kw name="Start Session" library="hooks" type="setup">
<kw name="Open Browser" library="SeleniumLibrary">
<doc>Opens a new browser instance to the optional ``url``.</doc>
<arguments>
<arg>about:blank</arg>
<arg>chrome</arg>
</arguments>
<msg timestamp="20201005 21:51:06.825" level="INFO">Opening browser 'chrome' to base url 'about:blank'.</msg>
<status status="PASS" starttime="20201005 21:51:06.825" endtime="20201005 21:51:10.002"></status>
</kw>
<kw name="Maximize Browser Window" library="SeleniumLibrary">
<doc>Maximizes current browser window.</doc>
<status status="PASS" starttime="20201005 21:51:10.002" endtime="20201005 21:51:12.129"></status>
</kw>
<status status="PASS" starttime="20201005 21:51:06.825" endtime="20201005 21:51:12.129"></status>
</kw>
<kw name="Acesso a página Login" library="kws">
<kw name="Go To" library="SeleniumLibrary">
<doc>Navigates the current browser window to the provided ``url``.</doc>
<arguments>
<arg>http://zepalheta-web:3000</arg>
</arguments>
<msg timestamp="20201005 21:51:12.130" level="INFO">Opening url 'http://zepalheta-web:3000'</msg>
<status status="PASS" starttime="20201005 21:51:12.130" endtime="20201005 21:51:12.824"></status>
</kw>
<status status="PASS" starttime="20201005 21:51:12.130" endtime="20201005 21:51:12.824"></status>
</kw>
<kw name="Submeto minhas credenciais" library="kws">
<arguments>
<arg>admin@zepalheta.com.br</arg>
<arg>pwd123</arg>
</arguments>
<kw name="Input Text" library="SeleniumLibrary">
<doc>Types the given ``text`` into the text field identified by ``locator``.</doc>
<arguments>
<arg>id:txtEmail</arg>
<arg>${email}</arg>
</arguments>
<msg timestamp="20201005 21:51:12.829" level="INFO">Typing text 'admin@zepalheta.com.br' into text field 'id:txtEmail'.</msg>
<status status="PASS" starttime="20201005 21:51:12.827" endtime="20201005 21:51:13.232"></status>
</kw>
<kw name="Input Text" library="SeleniumLibrary">
<doc>Types the given ``text`` into the text field identified by ``locator``.</doc>
<arguments>
<arg>css:input[placeholder=Senha]</arg>
<arg>${password}</arg>
</arguments>
<msg timestamp="20201005 21:51:13.233" level="INFO">Typing text 'pwd123' into text field 'css:input[placeholder=Senha]'.</msg>
<status status="PASS" starttime="20201005 21:51:13.233" endtime="20201005 21:51:13.314"></status>
</kw>
<kw name="Click Element" library="SeleniumLibrary">
<doc>Click the element identified by ``locator``.</doc>
<arguments>
<arg>xpath://button[text()='Entrar']</arg>
</arguments>
<msg timestamp="20201005 21:51:13.315" level="INFO">Clicking element 'xpath://button[text()='Entrar']'.</msg>
<status status="PASS" starttime="20201005 21:51:13.315" endtime="20201005 21:51:13.362"></status>
</kw>
<status status="PASS" starttime="20201005 21:51:12.825" endtime="20201005 21:51:13.362"></status>
</kw>
<kw name="Devo ver a área logada" library="kws">
<kw name="Wait Until Page Contains" library="SeleniumLibrary">
<doc>Waits until ``text`` appears on the current page.</doc>
<arguments>
<arg>Aluguéis</arg>
<arg>10</arg>
</arguments>
<status status="PASS" starttime="20201005 21:51:13.363" endtime="20201005 21:51:14.427"></status>
</kw>
<status status="PASS" starttime="20201005 21:51:13.363" endtime="20201005 21:51:14.427"></status>
</kw>
<kw name="Finish Session" library="hooks" type="teardown">
<kw name="Close Browser" library="SeleniumLibrary">
<doc>Closes the current browser.</doc>
<status status="PASS" starttime="20201005 21:51:14.428" endtime="20201005 21:51:16.608"></status>
</kw>
<status status="PASS" starttime="20201005 21:51:14.428" endtime="20201005 21:51:16.608"></status>
</kw>
<status status="PASS" starttime="20201005 21:51:06.824" endtime="20201005 21:51:16.609" critical="yes"></status>
</test>
<doc>Login</doc>
<status status="PASS" starttime="20201005 21:51:06.578" endtime="20201005 21:51:16.634"></status>
</suite>
<suite id="s1-s2" name="Login Tentativa" source="c:\qaninja\ze-palheta\tests\login_tentativa.robot">
<test id="s1-s2-t1" name="Senha incorreta">
<kw name="Start Session" library="hooks" type="setup">
<kw name="Open Browser" library="SeleniumLibrary">
<doc>Opens a new browser instance to the optional ``url``.</doc>
<arguments>
<arg>about:blank</arg>
<arg>chrome</arg>
</arguments>
<msg timestamp="20201005 21:51:16.643" level="INFO">Opening browser 'chrome' to base url 'about:blank'.</msg>
<status status="PASS" starttime="20201005 21:51:16.643" endtime="20201005 21:51:19.789"></status>
</kw>
<kw name="Maximize Browser Window" library="SeleniumLibrary">
<doc>Maximizes current browser window.</doc>
<status status="PASS" starttime="20201005 21:51:19.789" endtime="20201005 21:51:21.911"></status>
</kw>
<status status="PASS" starttime="20201005 21:51:16.643" endtime="20201005 21:51:21.911"></status>
</kw>
<kw name="Tentativa de login">
<arguments>
<arg>admin@zepalheta.com.br</arg>
<arg>abc123</arg>
<arg>Ocorreu um erro ao fazer login, cheque as credenciais.</arg>
</arguments>
<kw name="Acesso a página Login" library="kws">
<kw name="Go To" library="SeleniumLibrary">
<doc>Navigates the current browser window to the provided ``url``.</doc>
<arguments>
<arg>http://zepalheta-web:3000</arg>
</arguments>
<msg timestamp="20201005 21:51:21.913" level="INFO">Opening url 'http://zepalheta-web:3000'</msg>
<status status="PASS" starttime="20201005 21:51:21.913" endtime="20201005 21:51:22.725"></status>
</kw>
<status status="PASS" starttime="20201005 21:51:21.913" endtime="20201005 21:51:22.726"></status>
</kw>
<kw name="Submeto minhas credenciais" library="kws">
<arguments>
<arg>${input_email}</arg>
<arg>${input_senha}</arg>
</arguments>
<kw name="Input Text" library="SeleniumLibrary">
<doc>Types the given ``text`` into the text field identified by ``locator``.</doc>
<arguments>
<arg>id:txtEmail</arg>
<arg>${email}</arg>
</arguments>
<msg timestamp="20201005 21:51:22.728" level="INFO">Typing text 'admin@zepalheta.com.br' into text field 'id:txtEmail'.</msg>
<status status="PASS" starttime="20201005 21:51:22.728" endtime="20201005 21:51:23.105"></status>
</kw>
<kw name="Input Text" library="SeleniumLibrary">
<doc>Types the given ``text`` into the text field identified by ``locator``.</doc>
<arguments>
<arg>css:input[placeholder=Senha]</arg>
<arg>${password}</arg>
</arguments>
<msg timestamp="20201005 21:51:23.106" level="INFO">Typing text 'abc123' into text field 'css:input[placeholder=Senha]'.</msg>
<status status="PASS" starttime="20201005 21:51:23.105" endtime="20201005 21:51:23.184"></status>
</kw>
<kw name="Click Element" library="SeleniumLibrary">
<doc>Click the element identified by ``locator``.</doc>
<arguments>
<arg>xpath://button[text()='Entrar']</arg>
</arguments>
<msg timestamp="20201005 21:51:23.185" level="INFO">Clicking element 'xpath://button[text()='Entrar']'.</msg>
<status status="PASS" starttime="20201005 21:51:23.185" endtime="20201005 21:51:23.234"></status>
</kw>
<status status="PASS" starttime="20201005 21:51:22.727" endtime="20201005 21:51:23.234"></status>
</kw>
<kw name="Devo ver um toaster com a mensagem" library="kws">
<arguments>
<arg>${output_mensagem}</arg>
</arguments>
<kw name="Wait Until Element Contains" library="SeleniumLibrary">
<doc>Waits until the element ``locator`` contains ``text``.</doc>
<arguments>
<arg>css:div[type=error] p</arg>
<arg>${expect_message}</arg>
</arguments>
<status status="PASS" starttime="20201005 21:51:23.234" endtime="20201005 21:51:23.465"></status>
</kw>
<status status="PASS" starttime="20201005 21:51:23.234" endtime="20201005 21:51:23.466"></status>
</kw>
<status status="PASS" starttime="20201005 21:51:21.912" endtime="20201005 21:51:23.466"></status>
</kw>
<kw name="Finish Session" library="hooks" type="teardown">
<kw name="Close Browser" library="SeleniumLibrary">
<doc>Closes the current browser.</doc>
<status status="PASS" starttime="20201005 21:51:23.467" endtime="20201005 21:51:25.665"></status>
</kw>
<status status="PASS" starttime="20201005 21:51:23.466" endtime="20201005 21:51:25.665"></status>
</kw>
<status status="PASS" starttime="20201005 21:51:16.642" endtime="20201005 21:51:25.667" critical="yes"></status>
</test>
<test id="s1-s2-t2" name="Senha em branco">
<kw name="Start Session" library="hooks" type="setup">
<kw name="Open Browser" library="SeleniumLibrary">
<doc>Opens a new browser instance to the optional ``url``.</doc>
<arguments>
<arg>about:blank</arg>
<arg>chrome</arg>
</arguments>
<msg timestamp="20201005 21:51:25.673" level="INFO">Opening browser 'chrome' to base url 'about:blank'.</msg>
<status status="PASS" starttime="20201005 21:51:25.673" endtime="20201005 21:51:28.806"></status>
</kw>
<kw name="Maximize Browser Window" library="SeleniumLibrary">
<doc>Maximizes current browser window.</doc>
<status status="PASS" starttime="20201005 21:51:28.807" endtime="20201005 21:51:30.924"></status>
</kw>
<status status="PASS" starttime="20201005 21:51:25.673" endtime="20201005 21:51:30.924"></status>
</kw>
<kw name="Tentativa de login">
<arguments>
<arg>joao@gmail.com</arg>
<arg>${EMPTY}</arg>
<arg>O campo senha é obrigatório!</arg>
</arguments>
<kw name="Acesso a página Login" library="kws">
<kw name="Go To" library="SeleniumLibrary">
<doc>Navigates the current browser window to the provided ``url``.</doc>
<arguments>
<arg>http://zepalheta-web:3000</arg>
</arguments>
<msg timestamp="20201005 21:51:30.926" level="INFO">Opening url 'http://zepalheta-web:3000'</msg>
<status status="PASS" starttime="20201005 21:51:30.926" endtime="20201005 21:51:31.607"></status>
</kw>
<status status="PASS" starttime="20201005 21:51:30.926" endtime="20201005 21:51:31.607"></status>
</kw>
<kw name="Submeto minhas credenciais" library="kws">
<arguments>
<arg>${input_email}</arg>
<arg>${input_senha}</arg>
</arguments>
<kw name="Input Text" library="SeleniumLibrary">
<doc>Types the given ``text`` into the text field identified by ``locator``.</doc>
<arguments>
<arg>id:txtEmail</arg>
<arg>${email}</arg>
</arguments>
<msg timestamp="20201005 21:51:31.608" level="INFO">Typing text 'joao@gmail.com' into text field 'id:txtEmail'.</msg>
<status status="PASS" starttime="20201005 21:51:31.608" endtime="20201005 21:51:31.986"></status>
</kw>
<kw name="Input Text" library="SeleniumLibrary">
<doc>Types the given ``text`` into the text field identified by ``locator``.</doc>
<arguments>
<arg>css:input[placeholder=Senha]</arg>
<arg>${password}</arg>
</arguments>
<msg timestamp="20201005 21:51:31.987" level="INFO">Typing text '' into text field 'css:input[placeholder=Senha]'.</msg>
<status status="PASS" starttime="20201005 21:51:31.986" endtime="20201005 21:51:32.060"></status>
</kw>
<kw name="Click Element" library="SeleniumLibrary">
<doc>Click the element identified by ``locator``.</doc>
<arguments>
<arg>xpath://button[text()='Entrar']</arg>
</arguments>
<msg timestamp="20201005 21:51:32.060" level="INFO">Clicking element 'xpath://button[text()='Entrar']'.</msg>
<status status="PASS" starttime="20201005 21:51:32.060" endtime="20201005 21:51:32.116"></status>
</kw>
<status status="PASS" starttime="20201005 21:51:31.607" endtime="20201005 21:51:32.116"></status>
</kw>
<kw name="Devo ver um toaster com a mensagem" library="kws">
<arguments>
<arg>${output_mensagem}</arg>
</arguments>
<kw name="Wait Until Element Contains" library="SeleniumLibrary">
<doc>Waits until the element ``locator`` contains ``text``.</doc>
<arguments>
<arg>css:div[type=error] p</arg>
<arg>${expect_message}</arg>
</arguments>
<status status="PASS" starttime="20201005 21:51:32.117" endtime="20201005 21:51:32.567"></status>
</kw>
<status status="PASS" starttime="20201005 21:51:32.117" endtime="20201005 21:51:32.568"></status>
</kw>
<status status="PASS" starttime="20201005 21:51:30.925" endtime="20201005 21:51:32.568"></status>
</kw>
<kw name="Finish Session" library="hooks" type="teardown">
<kw name="Close Browser" library="SeleniumLibrary">
<doc>Closes the current browser.</doc>
<status status="PASS" starttime="20201005 21:51:32.570" endtime="20201005 21:51:35.751"></status>
</kw>
<status status="PASS" starttime="20201005 21:51:32.569" endtime="20201005 21:51:35.751"></status>
</kw>
<status status="PASS" starttime="20201005 21:51:25.672" endtime="20201005 21:51:35.752" critical="yes"></status>
</test>
<test id="s1-s2-t3" name="Email em branco">
<kw name="Start Session" library="hooks" type="setup">
<kw name="Open Browser" library="SeleniumLibrary">
<doc>Opens a new browser instance to the optional ``url``.</doc>
<arguments>
<arg>about:blank</arg>
<arg>chrome</arg>
</arguments>
<msg timestamp="20201005 21:51:35.754" level="INFO">Opening browser 'chrome' to base url 'about:blank'.</msg>
<status status="PASS" starttime="20201005 21:51:35.754" endtime="20201005 21:51:38.930"></status>
</kw>
<kw name="Maximize Browser Window" library="SeleniumLibrary">
<doc>Maximizes current browser window.</doc>
<status status="PASS" starttime="20201005 21:51:38.930" endtime="20201005 21:51:41.042"></status>
</kw>
<status status="PASS" starttime="20201005 21:51:35.754" endtime="20201005 21:51:41.042"></status>
</kw>
<kw name="Tentativa de login">
<arguments>
<arg>${EMPTY}</arg>
<arg>123456</arg>
<arg>O campo email é obrigatório!</arg>
</arguments>
<kw name="Acesso a página Login" library="kws">
<kw name="Go To" library="SeleniumLibrary">
<doc>Navigates the current browser window to the provided ``url``.</doc>
<arguments>
<arg>http://zepalheta-web:3000</arg>
</arguments>
<msg timestamp="20201005 21:51:41.044" level="INFO">Opening url 'http://zepalheta-web:3000'</msg>
<status status="PASS" starttime="20201005 21:51:41.043" endtime="20201005 21:51:41.726"></status>
</kw>
<status status="PASS" starttime="20201005 21:51:41.043" endtime="20201005 21:51:41.726"></status>
</kw>
<kw name="Submeto minhas credenciais" library="kws">
<arguments>
<arg>${input_email}</arg>
<arg>${input_senha}</arg>
</arguments>
<kw name="Input Text" library="SeleniumLibrary">
<doc>Types the given ``text`` into the text field identified by ``locator``.</doc>
<arguments>
<arg>id:txtEmail</arg>
<arg>${email}</arg>
</arguments>
<msg timestamp="20201005 21:51:41.727" level="INFO">Typing text '' into text field 'id:txtEmail'.</msg>
<status status="PASS" starttime="20201005 21:51:41.727" endtime="20201005 21:51:41.792"></status>
</kw>
<kw name="Input Text" library="SeleniumLibrary">
<doc>Types the given ``text`` into the text field identified by ``locator``.</doc>
<arguments>
<arg>css:input[placeholder=Senha]</arg>
<arg>${password}</arg>
</arguments>
<msg timestamp="20201005 21:51:41.793" level="INFO">Typing text '123456' into text field 'css:input[placeholder=Senha]'.</msg>
<status status="PASS" starttime="20201005 21:51:41.792" endtime="20201005 21:51:42.150"></status>
</kw>
<kw name="Click Element" library="SeleniumLibrary">
<doc>Click the element identified by ``locator``.</doc>
<arguments>
<arg>xpath://button[text()='Entrar']</arg>
</arguments>
<msg timestamp="20201005 21:51:42.150" level="INFO">Clicking element 'xpath://button[text()='Entrar']'.</msg>
<status status="PASS" starttime="20201005 21:51:42.150" endtime="20201005 21:51:42.207"></status>
</kw>
<status status="PASS" starttime="20201005 21:51:41.726" endtime="20201005 21:51:42.207"></status>
</kw>
<kw name="Devo ver um toaster com a mensagem" library="kws">
<arguments>
<arg>${output_mensagem}</arg>
</arguments>
<kw name="Wait Until Element Contains" library="SeleniumLibrary">
<doc>Waits until the element ``locator`` contains ``text``.</doc>
<arguments>
<arg>css:div[type=error] p</arg>
<arg>${expect_message}</arg>
</arguments>
<status status="PASS" starttime="20201005 21:51:42.208" endtime="20201005 21:51:42.879"></status>
</kw>
<status status="PASS" starttime="20201005 21:51:42.208" endtime="20201005 21:51:42.879"></status>
</kw>
<status status="PASS" starttime="20201005 21:51:41.043" endtime="20201005 21:51:42.879"></status>
</kw>
<kw name="Finish Session" library="hooks" type="teardown">
<kw name="Close Browser" library="SeleniumLibrary">
<doc>Closes the current browser.</doc>
<status status="PASS" starttime="20201005 21:51:42.880" endtime="20201005 21:51:45.030"></status>
</kw>
<status status="PASS" starttime="20201005 21:51:42.880" endtime="20201005 21:51:45.030"></status>
</kw>
<status status="PASS" starttime="20201005 21:51:35.753" endtime="20201005 21:51:45.031" critical="yes"></status>
</test>
<test id="s1-s2-t4" name="Email e senha em branco">
<kw name="Start Session" library="hooks" type="setup">
<kw name="Open Browser" library="SeleniumLibrary">
<doc>Opens a new browser instance to the optional ``url``.</doc>
<arguments>
<arg>about:blank</arg>
<arg>chrome</arg>
</arguments>
<msg timestamp="20201005 21:51:45.035" level="INFO">Opening browser 'chrome' to base url 'about:blank'.</msg>
<status status="PASS" starttime="20201005 21:51:45.034" endtime="20201005 21:51:48.277"></status>
</kw>
<kw name="Maximize Browser Window" library="SeleniumLibrary">
<doc>Maximizes current browser window.</doc>
<status status="PASS" starttime="20201005 21:51:48.277" endtime="20201005 21:51:50.408"></status>
</kw>
<status status="PASS" starttime="20201005 21:51:45.034" endtime="20201005 21:51:50.408"></status>
</kw>
<kw name="Tentativa de login">
<arguments>
<arg>${EMPTY}</arg>
<arg>${EMPTY}</arg>
<arg>Os campos email e senha não foram preenchidos!</arg>
</arguments>
<kw name="Acesso a página Login" library="kws">
<kw name="Go To" library="SeleniumLibrary">
<doc>Navigates the current browser window to the provided ``url``.</doc>
<arguments>
<arg>http://zepalheta-web:3000</arg>
</arguments>
<msg timestamp="20201005 21:51:50.410" level="INFO">Opening url 'http://zepalheta-web:3000'</msg>
<status status="PASS" starttime="20201005 21:51:50.410" endtime="20201005 21:51:51.146"></status>
</kw>
<status status="PASS" starttime="20201005 21:51:50.409" endtime="20201005 21:51:51.146"></status>
</kw>
<kw name="Submeto minhas credenciais" library="kws">
<arguments>
<arg>${input_email}</arg>
<arg>${input_senha}</arg>
</arguments>
<kw name="Input Text" library="SeleniumLibrary">
<doc>Types the given ``text`` into the text field identified by ``locator``.</doc>
<arguments>
<arg>id:txtEmail</arg>
<arg>${email}</arg>
</arguments>
<msg timestamp="20201005 21:51:51.148" level="INFO">Typing text '' into text field 'id:txtEmail'.</msg>
<status status="PASS" starttime="20201005 21:51:51.147" endtime="20201005 21:51:51.212"></status>
</kw>
<kw name="Input Text" library="SeleniumLibrary">
<doc>Types the given ``text`` into the text field identified by ``locator``.</doc>
<arguments>
<arg>css:input[placeholder=Senha]</arg>
<arg>${password}</arg>
</arguments>
<msg timestamp="20201005 21:51:51.212" level="INFO">Typing text '' into text field 'css:input[placeholder=Senha]'.</msg>
<status status="PASS" starttime="20201005 21:51:51.212" endtime="20201005 21:51:51.552"></status>
</kw>
<kw name="Click Element" library="SeleniumLibrary">
<doc>Click the element identified by ``locator``.</doc>
<arguments>
<arg>xpath://button[text()='Entrar']</arg>
</arguments>
<msg timestamp="20201005 21:51:51.553" level="INFO">Clicking element 'xpath://button[text()='Entrar']'.</msg>
<status status="PASS" starttime="20201005 21:51:51.552" endtime="20201005 21:51:51.611"></status>
</kw>
<status status="PASS" starttime="20201005 21:51:51.147" endtime="20201005 21:51:51.611"></status>
</kw>
<kw name="Devo ver um toaster com a mensagem" library="kws">
<arguments>
<arg>${output_mensagem}</arg>
</arguments>
<kw name="Wait Until Element Contains" library="SeleniumLibrary">
<doc>Waits until the element ``locator`` contains ``text``.</doc>
<arguments>
<arg>css:div[type=error] p</arg>
<arg>${expect_message}</arg>
</arguments>
<status status="PASS" starttime="20201005 21:51:51.612" endtime="20201005 21:51:52.280"></status>
</kw>
<status status="PASS" starttime="20201005 21:51:51.611" endtime="20201005 21:51:52.280"></status>
</kw>
<status status="PASS" starttime="20201005 21:51:50.409" endtime="20201005 21:51:52.280"></status>
</kw>
<kw name="Finish Session" library="hooks" type="teardown">
<kw name="Close Browser" library="SeleniumLibrary">
<doc>Closes the current browser.</doc>
<status status="PASS" starttime="20201005 21:51:52.282" endtime="20201005 21:51:54.446"></status>
</kw>
<status status="PASS" starttime="20201005 21:51:52.281" endtime="20201005 21:51:54.447"></status>
</kw>
<status status="PASS" starttime="20201005 21:51:45.033" endtime="20201005 21:51:54.449" critical="yes"></status>
</test>
<test id="s1-s2-t5" name="Login incorreto">
<kw name="Start Session" library="hooks" type="setup">
<kw name="Open Browser" library="SeleniumLibrary">
<doc>Opens a new browser instance to the optional ``url``.</doc>
<arguments>
<arg>about:blank</arg>
<arg>chrome</arg>
</arguments>
<msg timestamp="20201005 21:51:54.459" level="INFO">Opening browser 'chrome' to base url 'about:blank'.</msg>
<status status="PASS" starttime="20201005 21:51:54.458" endtime="20201005 21:51:57.520"></status>
</kw>
<kw name="Maximize Browser Window" library="SeleniumLibrary">
<doc>Maximizes current browser window.</doc>
<status status="PASS" starttime="20201005 21:51:57.520" endtime="20201005 21:51:59.640"></status>
</kw>
<status status="PASS" starttime="20201005 21:51:54.457" endtime="20201005 21:51:59.640"></status>
</kw>
<kw name="Tentativa de login">
<arguments>
<arg>admin&amp;gmail.com</arg>
<arg>abc123</arg>
<arg>Ocorreu um erro ao fazer login, cheque as credenciais.</arg>
</arguments>
<kw name="Acesso a página Login" library="kws">
<kw name="Go To" library="SeleniumLibrary">
<doc>Navigates the current browser window to the provided ``url``.</doc>
<arguments>
<arg>http://zepalheta-web:3000</arg>
</arguments>
<msg timestamp="20201005 21:51:59.642" level="INFO">Opening url 'http://zepalheta-web:3000'</msg>
<status status="PASS" starttime="20201005 21:51:59.641" endtime="20201005 21:52:00.310"></status>
</kw>
<status status="PASS" starttime="20201005 21:51:59.641" endtime="20201005 21:52:00.310"></status>
</kw>
<kw name="Submeto minhas credenciais" library="kws">
<arguments>
<arg>${input_email}</arg>
<arg>${input_senha}</arg>
</arguments>
<kw name="Input Text" library="SeleniumLibrary">
<doc>Types the given ``text`` into the text field identified by ``locator``.</doc>
<arguments>
<arg>id:txtEmail</arg>
<arg>${email}</arg>
</arguments>
<msg timestamp="20201005 21:52:00.311" level="INFO">Typing text 'admin&amp;gmail.com' into text field 'id:txtEmail'.</msg>
<status status="PASS" starttime="20201005 21:52:00.310" endtime="20201005 21:52:00.691"></status>
</kw>
<kw name="Input Text" library="SeleniumLibrary">
<doc>Types the given ``text`` into the text field identified by ``locator``.</doc>
<arguments>
<arg>css:input[placeholder=Senha]</arg>
<arg>${password}</arg>
</arguments>
<msg timestamp="20201005 21:52:00.692" level="INFO">Typing text 'abc123' into text field 'css:input[placeholder=Senha]'.</msg>
<status status="PASS" starttime="20201005 21:52:00.692" endtime="20201005 21:52:00.776"></status>
</kw>
<kw name="Click Element" library="SeleniumLibrary">
<doc>Click the element identified by ``locator``.</doc>
<arguments>
<arg>xpath://button[text()='Entrar']</arg>
</arguments>
<msg timestamp="20201005 21:52:00.777" level="INFO">Clicking element 'xpath://button[text()='Entrar']'.</msg>
<status status="PASS" starttime="20201005 21:52:00.776" endtime="20201005 21:52:00.824"></status>
</kw>
<status status="PASS" starttime="20201005 21:52:00.310" endtime="20201005 21:52:00.824"></status>
</kw>
<kw name="Devo ver um toaster com a mensagem" library="kws">
<arguments>
<arg>${output_mensagem}</arg>
</arguments>
<kw name="Wait Until Element Contains" library="SeleniumLibrary">
<doc>Waits until the element ``locator`` contains ``text``.</doc>
<arguments>
<arg>css:div[type=error] p</arg>
<arg>${expect_message}</arg>
</arguments>
<status status="PASS" starttime="20201005 21:52:00.825" endtime="20201005 21:52:01.063"></status>
</kw>
<status status="PASS" starttime="20201005 21:52:00.824" endtime="20201005 21:52:01.063"></status>
</kw>
<status status="PASS" starttime="20201005 21:51:59.641" endtime="20201005 21:52:01.064"></status>
</kw>
<kw name="Finish Session" library="hooks" type="teardown">
<kw name="Close Browser" library="SeleniumLibrary">
<doc>Closes the current browser.</doc>
<status status="PASS" starttime="20201005 21:52:01.065" endtime="20201005 21:52:03.214"></status>
</kw>
<status status="PASS" starttime="20201005 21:52:01.064" endtime="20201005 21:52:03.214"></status>
</kw>
<status status="PASS" starttime="20201005 21:51:54.454" endtime="20201005 21:52:03.215" critical="yes"></status>
</test>
<doc>Login Tentativa</doc>
<status status="PASS" starttime="20201005 21:51:16.635" endtime="20201005 21:52:03.221"></status>
</suite>
<status status="PASS" starttime="20201005 21:51:06.553" endtime="20201005 21:52:03.225"></status>
</suite>
<statistics>
<total>
<stat pass="6" fail="0">Critical Tests</stat>
<stat pass="6" fail="0">All Tests</stat>
</total>
<tag>
</tag>
<suite>
<stat pass="6" fail="0" id="s1" name="Tests">Tests</stat>
<stat pass="1" fail="0" id="s1-s1" name="Login">Tests.Login</stat>
<stat pass="5" fail="0" id="s1-s2" name="Login Tentativa">Tests.Login Tentativa</stat>
</suite>
</statistics>
<errors>
</errors>
</robot>
