<?xml version="1.0" encoding="UTF-8"?>
<robot generator="Robot 3.2.1 (Python 3.8.5 on win32)" generated="20210705 22:54:34.171" rpa="false">
<suite id="s1" name="Tests" source="c:\qaninja\ze-palheta\tests">
<suite id="s1-s1" name="Cadastro Cliente" source="c:\qaninja\ze-palheta\tests\cadastro_cliente.robot">
<kw name="Login Session" library="hooks" type="setup">
<kw name="Start Session" library="hooks">
<kw name="Open Browser" library="SeleniumLibrary">
<doc>Opens a new browser instance to the optional ``url``.</doc>
<arguments>
<arg>about:blank</arg>
<arg>chrome</arg>
</arguments>
<msg timestamp="20210705 22:54:34.481" level="INFO">Opening browser 'chrome' to base url 'about:blank'.</msg>
<status status="PASS" starttime="20210705 22:54:34.481" endtime="20210705 22:54:35.789"></status>
</kw>
<kw name="Maximize Browser Window" library="SeleniumLibrary">
<doc>Maximizes current browser window.</doc>
<status status="PASS" starttime="20210705 22:54:35.790" endtime="20210705 22:54:35.905"></status>
</kw>
<status status="PASS" starttime="20210705 22:54:34.480" endtime="20210705 22:54:35.905"></status>
</kw>
<kw name="Go To" library="SeleniumLibrary">
<doc>Navigates the current browser window to the provided ``url``.</doc>
<arguments>
<arg>${base_url}</arg>
</arguments>
<msg timestamp="20210705 22:54:35.905" level="INFO">Opening url 'http://zepalheta-web:3000'</msg>
<status status="PASS" starttime="20210705 22:54:35.905" endtime="20210705 22:54:38.031"></status>
</kw>
<kw name="Login With" library="LoginPage">
<arguments>
<arg>${admin_user}</arg>
<arg>${admin_pass}</arg>
</arguments>
<kw name="Input Text" library="SeleniumLibrary">
<doc>Types the given ``text`` into the text field identified by ``locator``.</doc>
<arguments>
<arg>id:txtEmail</arg>
<arg>${email}</arg>
</arguments>
<msg timestamp="20210705 22:54:38.031" level="INFO">Typing text 'admin@zepalheta.com.br' into text field 'id:txtEmail'.</msg>
<status status="PASS" starttime="20210705 22:54:38.031" endtime="20210705 22:54:38.169"></status>
</kw>
<kw name="Input Text" library="SeleniumLibrary">
<doc>Types the given ``text`` into the text field identified by ``locator``.</doc>
<arguments>
<arg>css:input[placeholder=Senha]</arg>
<arg>${password}</arg>
</arguments>
<msg timestamp="20210705 22:54:38.170" level="INFO">Typing text 'pwd123' into text field 'css:input[placeholder=Senha]'.</msg>
<status status="PASS" starttime="20210705 22:54:38.169" endtime="20210705 22:54:38.255"></status>
</kw>
<kw name="Click Element" library="SeleniumLibrary">
<doc>Click the element identified by ``locator``.</doc>
<arguments>
<arg>xpath://button[text()='Entrar']</arg>
</arguments>
<msg timestamp="20210705 22:54:38.256" level="INFO">Clicking element 'xpath://button[text()='Entrar']'.</msg>
<status status="PASS" starttime="20210705 22:54:38.255" endtime="20210705 22:54:38.310"></status>
</kw>
<status status="PASS" starttime="20210705 22:54:38.031" endtime="20210705 22:54:38.310"></status>
</kw>
<status status="PASS" starttime="20210705 22:54:34.480" endtime="20210705 22:54:38.310"></status>
</kw>
<test id="s1-s1-t1" name="Novo cliente">
<kw name="Dado que acesso o formulário do cadastro de clientes" library="kws">
<kw name="Go To Customers" library="Sidebar">
<kw name="Wait Until Element Is Visible" library="SeleniumLibrary">
<doc>Waits until the element ``locator`` is visible.</doc>
<arguments>
<arg>${NAV_CUSTOMERS}</arg>
<arg>5</arg>
</arguments>
<status status="PASS" starttime="20210705 22:54:38.314" endtime="20210705 22:54:38.542"></status>
</kw>
<kw name="Click Element" library="SeleniumLibrary">
<doc>Click the element identified by ``locator``.</doc>
<arguments>
<arg>${NAV_CUSTOMERS}</arg>
</arguments>
<msg timestamp="20210705 22:54:38.542" level="INFO">Clicking element 'css:a[href$=customers]'.</msg>
<status status="PASS" starttime="20210705 22:54:38.542" endtime="20210705 22:54:38.582"></status>
</kw>
<status status="PASS" starttime="20210705 22:54:38.314" endtime="20210705 22:54:38.582"></status>
</kw>
<kw name="Wait Until Element Is Visible" library="SeleniumLibrary">
<doc>Waits until the element ``locator`` is visible.</doc>
<arguments>
<arg>${CUSTOMER_FORM}</arg>
<arg>5</arg>
</arguments>
<status status="PASS" starttime="20210705 22:54:38.582" endtime="20210705 22:54:38.608"></status>
</kw>
<kw name="Click Element" library="SeleniumLibrary">
<doc>Click the element identified by ``locator``.</doc>
<arguments>
<arg>${CUSTOMER_FORM}</arg>
</arguments>
<msg timestamp="20210705 22:54:38.608" level="INFO">Clicking element 'css:a[href$=register]'.</msg>
<status status="PASS" starttime="20210705 22:54:38.608" endtime="20210705 22:54:38.655"></status>
</kw>
<status status="PASS" starttime="20210705 22:54:38.313" endtime="20210705 22:54:38.655"></status>
</kw>
<kw name="E que eu tenho o seguinte cliente:" library="kws">
<arguments>
<arg>Bon Jovi</arg>
<arg>00000001406</arg>
<arg>Rua dos Bugs, 1000</arg>
<arg>51999999999</arg>
</arguments>
<kw name="Remove Customer By Cpf" library="db">
<arguments>
<arg>${cpf}</arg>
</arguments>
<msg timestamp="20210705 22:54:38.671" level="INFO">delete from public.customers where cpf = '000.000.014-06';</msg>
<status status="PASS" starttime="20210705 22:54:38.656" endtime="20210705 22:54:38.671"></status>
</kw>
<kw name="Set Test Variable" library="BuiltIn">
<doc>Makes a variable available everywhere within the scope of the current test.</doc>
<arguments>
<arg>${name}</arg>
</arguments>
<msg timestamp="20210705 22:54:38.672" level="INFO">${name} = Bon Jovi</msg>
<status status="PASS" starttime="20210705 22:54:38.671" endtime="20210705 22:54:38.672"></status>
</kw>
<kw name="Set Test Variable" library="BuiltIn">
<doc>Makes a variable available everywhere within the scope of the current test.</doc>
<arguments>
<arg>${cpf}</arg>
</arguments>
<msg timestamp="20210705 22:54:38.672" level="INFO">${cpf} = 00000001406</msg>
<status status="PASS" starttime="20210705 22:54:38.672" endtime="20210705 22:54:38.672"></status>
</kw>
<kw name="Set Test Variable" library="BuiltIn">
<doc>Makes a variable available everywhere within the scope of the current test.</doc>
<arguments>
<arg>${address}</arg>
</arguments>
<msg timestamp="20210705 22:54:38.672" level="INFO">${address} = Rua dos Bugs, 1000</msg>
<status status="PASS" starttime="20210705 22:54:38.672" endtime="20210705 22:54:38.672"></status>
</kw>
<kw name="Set Test Variable" library="BuiltIn">
<doc>Makes a variable available everywhere within the scope of the current test.</doc>
<arguments>
<arg>${phone_number}</arg>
</arguments>
<msg timestamp="20210705 22:54:38.673" level="INFO">${phone_number} = 51999999999</msg>
<status status="PASS" starttime="20210705 22:54:38.673" endtime="20210705 22:54:38.673"></status>
</kw>
<status status="PASS" starttime="20210705 22:54:38.656" endtime="20210705 22:54:38.673"></status>
</kw>
<kw name="Quando Faço A Inclusão Deste Cliente" library="kws">
<kw name="Register New Customer" library="CustomersPage">
<arguments>
<arg>${name}</arg>
<arg>${cpf}</arg>
<arg>${address}</arg>
<arg>${phone_number}</arg>
</arguments>
<kw name="Input Text" library="SeleniumLibrary">
<doc>Types the given ``text`` into the text field identified by ``locator``.</doc>
<arguments>
<arg>id:name</arg>
<arg>${name}</arg>
</arguments>
<msg timestamp="20210705 22:54:38.675" level="INFO">Typing text 'Bon Jovi' into text field 'id:name'.</msg>
<status status="PASS" starttime="20210705 22:54:38.675" endtime="20210705 22:54:38.744"></status>
</kw>
<kw name="Input Text" library="SeleniumLibrary">
<doc>Types the given ``text`` into the text field identified by ``locator``.</doc>
<arguments>
<arg>id:cpf</arg>
<arg>${cpf}</arg>
</arguments>
<msg timestamp="20210705 22:54:38.745" level="INFO">Typing text '00000001406' into text field 'id:cpf'.</msg>
<status status="PASS" starttime="20210705 22:54:38.744" endtime="20210705 22:54:38.825"></status>
</kw>
<kw name="Input Text" library="SeleniumLibrary">
<doc>Types the given ``text`` into the text field identified by ``locator``.</doc>
<arguments>
<arg>id:address</arg>
<arg>${address}</arg>
</arguments>
<msg timestamp="20210705 22:54:38.825" level="INFO">Typing text 'Rua dos Bugs, 1000' into text field 'id:address'.</msg>
<status status="PASS" starttime="20210705 22:54:38.825" endtime="20210705 22:54:38.925"></status>
</kw>
<kw name="Input Text" library="SeleniumLibrary">
<doc>Types the given ``text`` into the text field identified by ``locator``.</doc>
<arguments>
<arg>id:phone_number</arg>
<arg>${phone_number}</arg>
</arguments>
<msg timestamp="20210705 22:54:38.926" level="INFO">Typing text '51999999999' into text field 'id:phone_number'.</msg>
<status status="PASS" starttime="20210705 22:54:38.925" endtime="20210705 22:54:39.013"></status>
</kw>
<kw name="Click Element" library="SeleniumLibrary">
<doc>Click the element identified by ``locator``.</doc>
<arguments>
<arg>xpath://button[text()='CADASTRAR']</arg>
</arguments>
<msg timestamp="20210705 22:54:39.013" level="INFO">Clicking element 'xpath://button[text()='CADASTRAR']'.</msg>
<status status="PASS" starttime="20210705 22:54:39.013" endtime="20210705 22:54:39.082"></status>
</kw>
<status status="PASS" starttime="20210705 22:54:38.674" endtime="20210705 22:54:39.082"></status>
</kw>
<status status="PASS" starttime="20210705 22:54:38.674" endtime="20210705 22:54:39.082"></status>
</kw>
<kw name="Então devo ver a notificação:" library="kws">
<arguments>
<arg>Cliente cadastrado com sucesso!</arg>
</arguments>
<kw name="Wait Until Element Contains" library="SeleniumLibrary">
<doc>Waits until the element ``locator`` contains ``text``.</doc>
<arguments>
<arg>${TOASTER_SUCCESS}</arg>
<arg>${expect_notice}</arg>
<arg>5</arg>
</arguments>
<status status="PASS" starttime="20210705 22:54:39.084" endtime="20210705 22:54:39.349"></status>
</kw>
<status status="PASS" starttime="20210705 22:54:39.083" endtime="20210705 22:54:39.349"></status>
</kw>
<kw name="E esse cliente deve ser exibido na lista" library="kws">
<kw name="Format Cpf" library="db">
<arguments>
<arg>${cpf}</arg>
</arguments>
<assign>
<var>${cpf_formatado}</var>
</assign>
<msg timestamp="20210705 22:54:39.350" level="INFO">${cpf_formatado} = 000.000.014-06</msg>
<status status="PASS" starttime="20210705 22:54:39.350" endtime="20210705 22:54:39.350"></status>
</kw>
<kw name="Go Back" library="SeleniumLibrary">
<doc>Simulates the user clicking the back button on their browser.</doc>
<status status="PASS" starttime="20210705 22:54:39.351" endtime="20210705 22:54:39.361"></status>
</kw>
<kw name="Wait Until Element Is Visible" library="SeleniumLibrary">
<doc>Waits until the element ``locator`` is visible.</doc>
<arguments>
<arg>${CUSTOMER_LIST}</arg>
<arg>5</arg>
</arguments>
<status status="PASS" starttime="20210705 22:54:39.362" endtime="20210705 22:54:39.388"></status>
</kw>
<kw name="Table Should Contain" library="SeleniumLibrary">
<doc>Verifies table contains text ``expected``.</doc>
<arguments>
<arg>${CUSTOMER_LIST}</arg>
<arg>${cpf_formatado}</arg>
</arguments>
<status status="PASS" starttime="20210705 22:54:39.388" endtime="20210705 22:54:39.518"></status>
</kw>
<status status="PASS" starttime="20210705 22:54:39.350" endtime="20210705 22:54:39.518"></status>
</kw>
<tags>
<tag>Smoke</tag>
</tags>
<status status="PASS" starttime="20210705 22:54:38.311" endtime="20210705 22:54:39.518" critical="yes"></status>
</test>
<kw name="Finish Session" library="hooks" type="teardown">
<kw name="Close Browser" library="SeleniumLibrary">
<doc>Closes the current browser.</doc>
<status status="PASS" starttime="20210705 22:54:39.520" endtime="20210705 22:54:41.784"></status>
</kw>
<status status="PASS" starttime="20210705 22:54:39.520" endtime="20210705 22:54:41.784"></status>
</kw>
<doc>Cadastro de clientes</doc>
<status status="PASS" starttime="20210705 22:54:34.205" endtime="20210705 22:54:41.784"></status>
</suite>
<status status="PASS" starttime="20210705 22:54:34.173" endtime="20210705 22:54:41.798"></status>
</suite>
<statistics>
<total>
<stat pass="1" fail="0">Critical Tests</stat>
<stat pass="1" fail="0">All Tests</stat>
</total>
<tag>
<stat pass="1" fail="0">Smoke</stat>
</tag>
<suite>
<stat pass="1" fail="0" id="s1" name="Tests">Tests</stat>
<stat pass="1" fail="0" id="s1-s1" name="Cadastro Cliente">Tests.Cadastro Cliente</stat>
</suite>
</statistics>
<errors>
</errors>
</robot>
