<?xml version="1.0" encoding="UTF-8"?>
<robot generator="Robot 3.2.1 (Python 3.8.5 on win32)" generated="20200821 09:13:34.891" rpa="false">
<suite id="s1" name="Tests" source="c:\qaninja\ze-palheta\tests">
<suite id="s1-s1" name="Login" source="c:\qaninja\ze-palheta\tests\login.robot">
<test id="s1-s1-t1" name="Senha incorreta">
<kw name="Acesso a página Login" library="kws">
<kw name="Open Browser" library="SeleniumLibrary">
<doc>Opens a new browser instance to the optional ``url``.</doc>
<arguments>
<arg>http://zepalheta-web:3000/</arg>
<arg>chrome</arg>
</arguments>
<msg timestamp="20200821 09:13:35.117" level="INFO">Opening browser 'chrome' to base url 'http://zepalheta-web:3000/'.</msg>
<status status="PASS" starttime="20200821 09:13:35.117" endtime="20200821 09:13:38.952"></status>
</kw>
<kw name="Maximize Browser Window" library="SeleniumLibrary">
<doc>Maximizes current browser window.</doc>
<status status="PASS" starttime="20200821 09:13:38.953" endtime="20200821 09:13:41.093"></status>
</kw>
<status status="PASS" starttime="20200821 09:13:35.116" endtime="20200821 09:13:41.093"></status>
</kw>
<kw name="Submeto minhas credenciais" library="kws">
<arguments>
<arg>admin@zepalheta.com.br</arg>
<arg>abc123</arg>
</arguments>
<kw name="Input Text" library="SeleniumLibrary">
<doc>Types the given ``text`` into the text field identified by ``locator``.</doc>
<arguments>
<arg>id:txtEmail</arg>
<arg>${email}</arg>
</arguments>
<msg timestamp="20200821 09:13:41.094" level="INFO">Typing text 'admin@zepalheta.com.br' into text field 'id:txtEmail'.</msg>
<status status="PASS" starttime="20200821 09:13:41.094" endtime="20200821 09:13:41.189"></status>
</kw>
<kw name="Input Text" library="SeleniumLibrary">
<doc>Types the given ``text`` into the text field identified by ``locator``.</doc>
<arguments>
<arg>css:input[placeholder=Senha]</arg>
<arg>${password}</arg>
</arguments>
<msg timestamp="20200821 09:13:41.189" level="INFO">Typing text 'abc123' into text field 'css:input[placeholder=Senha]'.</msg>
<status status="PASS" starttime="20200821 09:13:41.189" endtime="20200821 09:13:41.271"></status>
</kw>
<kw name="Click Element" library="SeleniumLibrary">
<doc>Click the element identified by ``locator``.</doc>
<arguments>
<arg>xpath://button[text()='Entrar']</arg>
</arguments>
<msg timestamp="20200821 09:13:41.271" level="INFO">Clicking element 'xpath://button[text()='Entrar']'.</msg>
<status status="PASS" starttime="20200821 09:13:41.271" endtime="20200821 09:13:41.321"></status>
</kw>
<status status="PASS" starttime="20200821 09:13:41.094" endtime="20200821 09:13:41.321"></status>
</kw>
<kw name="Devo ver um toaster com a mensagem" library="kws">
<arguments>
<arg>Ocorreu um erro ao fazer login, cheque as credenciais.</arg>
</arguments>
<kw name="Wait Until Element Contains" library="SeleniumLibrary">
<doc>Waits until the element ``locator`` contains ``text``.</doc>
<arguments>
<arg>css:div[type=error] p</arg>
<arg>${expect_message}</arg>
</arguments>
<status status="PASS" starttime="20200821 09:13:41.322" endtime="20200821 09:13:41.778"></status>
</kw>
<kw name="Close Browser" library="SeleniumLibrary">
<doc>Closes the current browser.</doc>
<status status="PASS" starttime="20200821 09:13:41.778" endtime="20200821 09:13:43.922"></status>
</kw>
<status status="PASS" starttime="20200821 09:13:41.322" endtime="20200821 09:13:43.923"></status>
</kw>
<tags>
<tag>inv_login</tag>
</tags>
<status status="PASS" starttime="20200821 09:13:35.115" endtime="20200821 09:13:43.924" critical="yes"></status>
</test>
<test id="s1-s1-t2" name="Senha em branco">
<kw name="Acesso a página Login" library="kws">
<kw name="Open Browser" library="SeleniumLibrary">
<doc>Opens a new browser instance to the optional ``url``.</doc>
<arguments>
<arg>http://zepalheta-web:3000/</arg>
<arg>chrome</arg>
</arguments>
<msg timestamp="20200821 09:13:43.928" level="INFO">Opening browser 'chrome' to base url 'http://zepalheta-web:3000/'.</msg>
<status status="PASS" starttime="20200821 09:13:43.927" endtime="20200821 09:13:47.793"></status>
</kw>
<kw name="Maximize Browser Window" library="SeleniumLibrary">
<doc>Maximizes current browser window.</doc>
<status status="PASS" starttime="20200821 09:13:47.794" endtime="20200821 09:13:49.916"></status>
</kw>
<status status="PASS" starttime="20200821 09:13:43.927" endtime="20200821 09:13:49.917"></status>
</kw>
<kw name="Submeto minhas credenciais" library="kws">
<arguments>
<arg>joao@gmail.com</arg>
<arg>${EMPTY}</arg>
</arguments>
<kw name="Input Text" library="SeleniumLibrary">
<doc>Types the given ``text`` into the text field identified by ``locator``.</doc>
<arguments>
<arg>id:txtEmail</arg>
<arg>${email}</arg>
</arguments>
<msg timestamp="20200821 09:13:49.919" level="INFO">Typing text 'joao@gmail.com' into text field 'id:txtEmail'.</msg>
<status status="PASS" starttime="20200821 09:13:49.918" endtime="20200821 09:13:50.008"></status>
</kw>
<kw name="Input Text" library="SeleniumLibrary">
<doc>Types the given ``text`` into the text field identified by ``locator``.</doc>
<arguments>
<arg>css:input[placeholder=Senha]</arg>
<arg>${password}</arg>
</arguments>
<msg timestamp="20200821 09:13:50.008" level="INFO">Typing text '' into text field 'css:input[placeholder=Senha]'.</msg>
<status status="PASS" starttime="20200821 09:13:50.008" endtime="20200821 09:13:50.084"></status>
</kw>
<kw name="Click Element" library="SeleniumLibrary">
<doc>Click the element identified by ``locator``.</doc>
<arguments>
<arg>xpath://button[text()='Entrar']</arg>
</arguments>
<msg timestamp="20200821 09:13:50.085" level="INFO">Clicking element 'xpath://button[text()='Entrar']'.</msg>
<status status="PASS" starttime="20200821 09:13:50.084" endtime="20200821 09:13:50.147"></status>
</kw>
<status status="PASS" starttime="20200821 09:13:49.918" endtime="20200821 09:13:50.147"></status>
</kw>
<kw name="Devo ver um toaster com a mensagem" library="kws">
<arguments>
<arg>O campo senha é obrigatório!</arg>
</arguments>
<kw name="Wait Until Element Contains" library="SeleniumLibrary">
<doc>Waits until the element ``locator`` contains ``text``.</doc>
<arguments>
<arg>css:div[type=error] p</arg>
<arg>${expect_message}</arg>
</arguments>
<status status="PASS" starttime="20200821 09:13:50.149" endtime="20200821 09:13:50.396"></status>
</kw>
<kw name="Close Browser" library="SeleniumLibrary">
<doc>Closes the current browser.</doc>
<status status="PASS" starttime="20200821 09:13:50.397" endtime="20200821 09:13:52.562"></status>
</kw>
<status status="PASS" starttime="20200821 09:13:50.148" endtime="20200821 09:13:52.562"></status>
</kw>
<tags>
<tag>inv_login</tag>
</tags>
<status status="PASS" starttime="20200821 09:13:43.927" endtime="20200821 09:13:52.563" critical="yes"></status>
</test>
<test id="s1-s1-t3" name="Email em branco">
<kw name="Acesso a página Login" library="kws">
<kw name="Open Browser" library="SeleniumLibrary">
<doc>Opens a new browser instance to the optional ``url``.</doc>
<arguments>
<arg>http://zepalheta-web:3000/</arg>
<arg>chrome</arg>
</arguments>
<msg timestamp="20200821 09:13:52.568" level="INFO">Opening browser 'chrome' to base url 'http://zepalheta-web:3000/'.</msg>
<status status="PASS" starttime="20200821 09:13:52.568" endtime="20200821 09:13:56.720"></status>
</kw>
<kw name="Maximize Browser Window" library="SeleniumLibrary">
<doc>Maximizes current browser window.</doc>
<status status="PASS" starttime="20200821 09:13:56.721" endtime="20200821 09:13:58.837"></status>
</kw>
<status status="PASS" starttime="20200821 09:13:52.567" endtime="20200821 09:13:58.837"></status>
</kw>
<kw name="Submeto minhas credenciais" library="kws">
<arguments>
<arg>${EMPTY}</arg>
<arg>123456</arg>
</arguments>
<kw name="Input Text" library="SeleniumLibrary">
<doc>Types the given ``text`` into the text field identified by ``locator``.</doc>
<arguments>
<arg>id:txtEmail</arg>
<arg>${email}</arg>
</arguments>
<msg timestamp="20200821 09:13:58.838" level="INFO">Typing text '' into text field 'id:txtEmail'.</msg>
<status status="PASS" starttime="20200821 09:13:58.838" endtime="20200821 09:13:58.903"></status>
</kw>
<kw name="Input Text" library="SeleniumLibrary">
<doc>Types the given ``text`` into the text field identified by ``locator``.</doc>
<arguments>
<arg>css:input[placeholder=Senha]</arg>
<arg>${password}</arg>
</arguments>
<msg timestamp="20200821 09:13:58.904" level="INFO">Typing text '123456' into text field 'css:input[placeholder=Senha]'.</msg>
<status status="PASS" starttime="20200821 09:13:58.903" endtime="20200821 09:13:58.986"></status>
</kw>
<kw name="Click Element" library="SeleniumLibrary">
<doc>Click the element identified by ``locator``.</doc>
<arguments>
<arg>xpath://button[text()='Entrar']</arg>
</arguments>
<msg timestamp="20200821 09:13:58.986" level="INFO">Clicking element 'xpath://button[text()='Entrar']'.</msg>
<status status="PASS" starttime="20200821 09:13:58.986" endtime="20200821 09:13:59.046"></status>
</kw>
<status status="PASS" starttime="20200821 09:13:58.838" endtime="20200821 09:13:59.047"></status>
</kw>
<kw name="Devo ver um toaster com a mensagem" library="kws">
<arguments>
<arg>O campo email é obrigatório!</arg>
</arguments>
<kw name="Wait Until Element Contains" library="SeleniumLibrary">
<doc>Waits until the element ``locator`` contains ``text``.</doc>
<arguments>
<arg>css:div[type=error] p</arg>
<arg>${expect_message}</arg>
</arguments>
<status status="PASS" starttime="20200821 09:13:59.048" endtime="20200821 09:13:59.283"></status>
</kw>
<kw name="Close Browser" library="SeleniumLibrary">
<doc>Closes the current browser.</doc>
<status status="PASS" starttime="20200821 09:13:59.283" endtime="20200821 09:14:02.490"></status>
</kw>
<status status="PASS" starttime="20200821 09:13:59.048" endtime="20200821 09:14:02.491"></status>
</kw>
<tags>
<tag>inv_login</tag>
</tags>
<status status="PASS" starttime="20200821 09:13:52.567" endtime="20200821 09:14:02.491" critical="yes"></status>
</test>
<test id="s1-s1-t4" name="Email e senha em branco">
<kw name="Acesso a página Login" library="kws">
<kw name="Open Browser" library="SeleniumLibrary">
<doc>Opens a new browser instance to the optional ``url``.</doc>
<arguments>
<arg>http://zepalheta-web:3000/</arg>
<arg>chrome</arg>
</arguments>
<msg timestamp="20200821 09:14:02.494" level="INFO">Opening browser 'chrome' to base url 'http://zepalheta-web:3000/'.</msg>
<status status="PASS" starttime="20200821 09:14:02.494" endtime="20200821 09:14:06.427"></status>
</kw>
<kw name="Maximize Browser Window" library="SeleniumLibrary">
<doc>Maximizes current browser window.</doc>
<status status="PASS" starttime="20200821 09:14:06.427" endtime="20200821 09:14:08.554"></status>
</kw>
<status status="PASS" starttime="20200821 09:14:02.493" endtime="20200821 09:14:08.555"></status>
</kw>
<kw name="Submeto minhas credenciais" library="kws">
<arguments>
<arg>${EMPTY}</arg>
<arg>${EMPTY}</arg>
</arguments>
<kw name="Input Text" library="SeleniumLibrary">
<doc>Types the given ``text`` into the text field identified by ``locator``.</doc>
<arguments>
<arg>id:txtEmail</arg>
<arg>${email}</arg>
</arguments>
<msg timestamp="20200821 09:14:08.556" level="INFO">Typing text '' into text field 'id:txtEmail'.</msg>
<status status="PASS" starttime="20200821 09:14:08.556" endtime="20200821 09:14:08.621"></status>
</kw>
<kw name="Input Text" library="SeleniumLibrary">
<doc>Types the given ``text`` into the text field identified by ``locator``.</doc>
<arguments>
<arg>css:input[placeholder=Senha]</arg>
<arg>${password}</arg>
</arguments>
<msg timestamp="20200821 09:14:08.622" level="INFO">Typing text '' into text field 'css:input[placeholder=Senha]'.</msg>
<status status="PASS" starttime="20200821 09:14:08.621" endtime="20200821 09:14:08.698"></status>
</kw>
<kw name="Click Element" library="SeleniumLibrary">
<doc>Click the element identified by ``locator``.</doc>
<arguments>
<arg>xpath://button[text()='Entrar']</arg>
</arguments>
<msg timestamp="20200821 09:14:08.698" level="INFO">Clicking element 'xpath://button[text()='Entrar']'.</msg>
<status status="PASS" starttime="20200821 09:14:08.698" endtime="20200821 09:14:08.754"></status>
</kw>
<status status="PASS" starttime="20200821 09:14:08.555" endtime="20200821 09:14:08.754"></status>
</kw>
<kw name="Devo ver um toaster com a mensagem" library="kws">
<arguments>
<arg>Os campos email e senha não foram preenchidos!</arg>
</arguments>
<kw name="Wait Until Element Contains" library="SeleniumLibrary">
<doc>Waits until the element ``locator`` contains ``text``.</doc>
<arguments>
<arg>css:div[type=error] p</arg>
<arg>${expect_message}</arg>
</arguments>
<status status="PASS" starttime="20200821 09:14:08.755" endtime="20200821 09:14:08.991"></status>
</kw>
<kw name="Close Browser" library="SeleniumLibrary">
<doc>Closes the current browser.</doc>
<status status="PASS" starttime="20200821 09:14:08.991" endtime="20200821 09:14:11.168"></status>
</kw>
<status status="PASS" starttime="20200821 09:14:08.754" endtime="20200821 09:14:11.168"></status>
</kw>
<tags>
<tag>inv_login</tag>
</tags>
<status status="PASS" starttime="20200821 09:14:02.493" endtime="20200821 09:14:11.169" critical="yes"></status>
</test>
<doc>Login</doc>
<status status="PASS" starttime="20200821 09:13:34.917" endtime="20200821 09:14:11.171"></status>
</suite>
<status status="PASS" starttime="20200821 09:13:34.893" endtime="20200821 09:14:11.175"></status>
</suite>
<statistics>
<total>
<stat pass="4" fail="0">Critical Tests</stat>
<stat pass="4" fail="0">All Tests</stat>
</total>
<tag>
<stat pass="4" fail="0">inv_login</stat>
</tag>
<suite>
<stat pass="4" fail="0" id="s1" name="Tests">Tests</stat>
<stat pass="4" fail="0" id="s1-s1" name="Login">Tests.Login</stat>
</suite>
</statistics>
<errors>
</errors>
</robot>
