<?xml version="1.0" encoding="UTF-8"?>
<robot generator="Robot 3.2.1 (Python 3.8.5 on win32)" generated="20201005 23:44:16.357" rpa="false">
<suite id="s1" name="Tests" source="c:\qaninja\ze-palheta\tests">
<suite id="s1-s1" name="Login" source="c:\qaninja\ze-palheta\tests\login.robot">
<test id="s1-s1-t1" name="Login do Administrador">
<kw name="Start Session" library="hooks" type="setup">
<kw name="Open Browser" library="SeleniumLibrary">
<doc>Opens a new browser instance to the optional ``url``.</doc>
<arguments>
<arg>about:blank</arg>
<arg>chrome</arg>
</arguments>
<msg timestamp="20201005 23:44:16.588" level="INFO">Opening browser 'chrome' to base url 'about:blank'.</msg>
<status status="PASS" starttime="20201005 23:44:16.588" endtime="20201005 23:44:19.643"></status>
</kw>
<kw name="Maximize Browser Window" library="SeleniumLibrary">
<doc>Maximizes current browser window.</doc>
<status status="PASS" starttime="20201005 23:44:19.644" endtime="20201005 23:44:21.758"></status>
</kw>
<status status="PASS" starttime="20201005 23:44:16.588" endtime="20201005 23:44:21.758"></status>
</kw>
<kw name="Acesso a página Login" library="kws">
<kw name="Go To" library="SeleniumLibrary">
<doc>Navigates the current browser window to the provided ``url``.</doc>
<arguments>
<arg>http://zepalheta-web:3000</arg>
</arguments>
<msg timestamp="20201005 23:44:21.759" level="INFO">Opening url 'http://zepalheta-web:3000'</msg>
<status status="PASS" starttime="20201005 23:44:21.759" endtime="20201005 23:44:22.442"></status>
</kw>
<status status="PASS" starttime="20201005 23:44:21.759" endtime="20201005 23:44:22.442"></status>
</kw>
<kw name="Submeto minhas credenciais" library="kws">
<arguments>
<arg>admin@zepalheta.com.br</arg>
<arg>pwd123</arg>
</arguments>
<kw name="Input Text" library="SeleniumLibrary">
<doc>Types the given ``text`` into the text field identified by ``locator``.</doc>
<arguments>
<arg>id:txtEmail</arg>
<arg>${email}</arg>
</arguments>
<msg timestamp="20201005 23:44:22.444" level="INFO">Typing text 'admin@zepalheta.com.br' into text field 'id:txtEmail'.</msg>
<status status="PASS" starttime="20201005 23:44:22.444" endtime="20201005 23:44:22.844"></status>
</kw>
<kw name="Input Text" library="SeleniumLibrary">
<doc>Types the given ``text`` into the text field identified by ``locator``.</doc>
<arguments>
<arg>css:input[placeholder=Senha]</arg>
<arg>${password}</arg>
</arguments>
<msg timestamp="20201005 23:44:22.847" level="INFO">Typing text 'pwd123' into text field 'css:input[placeholder=Senha]'.</msg>
<status status="PASS" starttime="20201005 23:44:22.845" endtime="20201005 23:44:22.924"></status>
</kw>
<kw name="Click Element" library="SeleniumLibrary">
<doc>Click the element identified by ``locator``.</doc>
<arguments>
<arg>xpath://button[text()='Entrar']</arg>
</arguments>
<msg timestamp="20201005 23:44:22.924" level="INFO">Clicking element 'xpath://button[text()='Entrar']'.</msg>
<status status="PASS" starttime="20201005 23:44:22.924" endtime="20201005 23:44:22.970"></status>
</kw>
<status status="PASS" starttime="20201005 23:44:22.443" endtime="20201005 23:44:22.971"></status>
</kw>
<kw name="Devo ver a área logada" library="kws">
<kw name="Wait Until Page Contains" library="SeleniumLibrary">
<doc>Waits until ``text`` appears on the current page.</doc>
<arguments>
<arg>Aluguéis</arg>
<arg>10</arg>
</arguments>
<status status="PASS" starttime="20201005 23:44:22.972" endtime="20201005 23:44:23.190"></status>
</kw>
<status status="PASS" starttime="20201005 23:44:22.971" endtime="20201005 23:44:23.190"></status>
</kw>
<kw name="Finish Session" library="hooks" type="teardown">
<kw name="Close Browser" library="SeleniumLibrary">
<doc>Closes the current browser.</doc>
<status status="PASS" starttime="20201005 23:44:23.192" endtime="20201005 23:44:25.379"></status>
</kw>
<status status="PASS" starttime="20201005 23:44:23.191" endtime="20201005 23:44:25.379"></status>
</kw>
<status status="PASS" starttime="20201005 23:44:16.587" endtime="20201005 23:44:25.380" critical="yes"></status>
</test>
<doc>Login</doc>
<status status="PASS" starttime="20201005 23:44:16.386" endtime="20201005 23:44:25.381"></status>
</suite>
<suite id="s1-s2" name="Login Tentativa" source="c:\qaninja\ze-palheta\tests\login_tentativa.robot">
<kw name="Start Session" library="hooks" type="setup">
<kw name="Open Browser" library="SeleniumLibrary">
<doc>Opens a new browser instance to the optional ``url``.</doc>
<arguments>
<arg>about:blank</arg>
<arg>chrome</arg>
</arguments>
<msg timestamp="20201005 23:44:25.390" level="INFO">Opening browser 'chrome' to base url 'about:blank'.</msg>
<status status="PASS" starttime="20201005 23:44:25.389" endtime="20201005 23:44:28.508"></status>
</kw>
<kw name="Maximize Browser Window" library="SeleniumLibrary">
<doc>Maximizes current browser window.</doc>
<status status="PASS" starttime="20201005 23:44:28.508" endtime="20201005 23:44:30.638"></status>
</kw>
<status status="PASS" starttime="20201005 23:44:25.389" endtime="20201005 23:44:30.638"></status>
</kw>
<test id="s1-s2-t1" name="Senha incorreta">
<kw name="Tentativa de login">
<arguments>
<arg>admin@zepalheta.com.br</arg>
<arg>abc123</arg>
<arg>Ocorreu um erro ao fazer login, cheque as credenciais.</arg>
</arguments>
<kw name="Acesso a página Login" library="kws">
<kw name="Go To" library="SeleniumLibrary">
<doc>Navigates the current browser window to the provided ``url``.</doc>
<arguments>
<arg>http://zepalheta-web:3000</arg>
</arguments>
<msg timestamp="20201005 23:44:30.640" level="INFO">Opening url 'http://zepalheta-web:3000'</msg>
<status status="PASS" starttime="20201005 23:44:30.639" endtime="20201005 23:44:31.689"></status>
</kw>
<status status="PASS" starttime="20201005 23:44:30.639" endtime="20201005 23:44:31.689"></status>
</kw>
<kw name="Submeto minhas credenciais" library="kws">
<arguments>
<arg>${input_email}</arg>
<arg>${input_senha}</arg>
</arguments>
<kw name="Input Text" library="SeleniumLibrary">
<doc>Types the given ``text`` into the text field identified by ``locator``.</doc>
<arguments>
<arg>id:txtEmail</arg>
<arg>${email}</arg>
</arguments>
<msg timestamp="20201005 23:44:31.691" level="INFO">Typing text 'admin@zepalheta.com.br' into text field 'id:txtEmail'.</msg>
<status status="PASS" starttime="20201005 23:44:31.690" endtime="20201005 23:44:31.777"></status>
</kw>
<kw name="Input Text" library="SeleniumLibrary">
<doc>Types the given ``text`` into the text field identified by ``locator``.</doc>
<arguments>
<arg>css:input[placeholder=Senha]</arg>
<arg>${password}</arg>
</arguments>
<msg timestamp="20201005 23:44:31.777" level="INFO">Typing text 'abc123' into text field 'css:input[placeholder=Senha]'.</msg>
<status status="PASS" starttime="20201005 23:44:31.777" endtime="20201005 23:44:31.852"></status>
</kw>
<kw name="Click Element" library="SeleniumLibrary">
<doc>Click the element identified by ``locator``.</doc>
<arguments>
<arg>xpath://button[text()='Entrar']</arg>
</arguments>
<msg timestamp="20201005 23:44:31.852" level="INFO">Clicking element 'xpath://button[text()='Entrar']'.</msg>
<status status="PASS" starttime="20201005 23:44:31.852" endtime="20201005 23:44:31.901"></status>
</kw>
<status status="PASS" starttime="20201005 23:44:31.689" endtime="20201005 23:44:31.901"></status>
</kw>
<kw name="Devo ver um toaster com a mensagem" library="kws">
<arguments>
<arg>${output_mensagem}</arg>
</arguments>
<kw name="Wait Until Element Contains" library="SeleniumLibrary">
<doc>Waits until the element ``locator`` contains ``text``.</doc>
<arguments>
<arg>css:div[type=error] p</arg>
<arg>${expect_message}</arg>
</arguments>
<status status="PASS" starttime="20201005 23:44:31.902" endtime="20201005 23:44:32.131"></status>
</kw>
<status status="PASS" starttime="20201005 23:44:31.901" endtime="20201005 23:44:32.131"></status>
</kw>
<status status="PASS" starttime="20201005 23:44:30.639" endtime="20201005 23:44:32.131"></status>
</kw>
<status status="PASS" starttime="20201005 23:44:30.638" endtime="20201005 23:44:32.132" critical="yes"></status>
</test>
<test id="s1-s2-t2" name="Senha em branco">
<kw name="Tentativa de login">
<arguments>
<arg>joao@gmail.com</arg>
<arg>${EMPTY}</arg>
<arg>O campo senha é obrigatório!</arg>
</arguments>
<kw name="Acesso a página Login" library="kws">
<kw name="Go To" library="SeleniumLibrary">
<doc>Navigates the current browser window to the provided ``url``.</doc>
<arguments>
<arg>http://zepalheta-web:3000</arg>
</arguments>
<msg timestamp="20201005 23:44:32.135" level="INFO">Opening url 'http://zepalheta-web:3000'</msg>
<status status="PASS" starttime="20201005 23:44:32.135" endtime="20201005 23:44:32.188"></status>
</kw>
<status status="PASS" starttime="20201005 23:44:32.135" endtime="20201005 23:44:32.189"></status>
</kw>
<kw name="Submeto minhas credenciais" library="kws">
<arguments>
<arg>${input_email}</arg>
<arg>${input_senha}</arg>
</arguments>
<kw name="Input Text" library="SeleniumLibrary">
<doc>Types the given ``text`` into the text field identified by ``locator``.</doc>
<arguments>
<arg>id:txtEmail</arg>
<arg>${email}</arg>
</arguments>
<msg timestamp="20201005 23:44:32.189" level="INFO">Typing text 'joao@gmail.com' into text field 'id:txtEmail'.</msg>
<status status="PASS" starttime="20201005 23:44:32.189" endtime="20201005 23:44:32.608"></status>
</kw>
<kw name="Input Text" library="SeleniumLibrary">
<doc>Types the given ``text`` into the text field identified by ``locator``.</doc>
<arguments>
<arg>css:input[placeholder=Senha]</arg>
<arg>${password}</arg>
</arguments>
<msg timestamp="20201005 23:44:32.609" level="INFO">Typing text '' into text field 'css:input[placeholder=Senha]'.</msg>
<status status="PASS" starttime="20201005 23:44:32.608" endtime="20201005 23:44:32.681"></status>
</kw>
<kw name="Click Element" library="SeleniumLibrary">
<doc>Click the element identified by ``locator``.</doc>
<arguments>
<arg>xpath://button[text()='Entrar']</arg>
</arguments>
<msg timestamp="20201005 23:44:32.681" level="INFO">Clicking element 'xpath://button[text()='Entrar']'.</msg>
<status status="PASS" starttime="20201005 23:44:32.681" endtime="20201005 23:44:32.724"></status>
</kw>
<status status="PASS" starttime="20201005 23:44:32.189" endtime="20201005 23:44:32.724"></status>
</kw>
<kw name="Devo ver um toaster com a mensagem" library="kws">
<arguments>
<arg>${output_mensagem}</arg>
</arguments>
<kw name="Wait Until Element Contains" library="SeleniumLibrary">
<doc>Waits until the element ``locator`` contains ``text``.</doc>
<arguments>
<arg>css:div[type=error] p</arg>
<arg>${expect_message}</arg>
</arguments>
<status status="PASS" starttime="20201005 23:44:32.724" endtime="20201005 23:44:32.954"></status>
</kw>
<status status="PASS" starttime="20201005 23:44:32.724" endtime="20201005 23:44:32.954"></status>
</kw>
<status status="PASS" starttime="20201005 23:44:32.134" endtime="20201005 23:44:32.954"></status>
</kw>
<status status="PASS" starttime="20201005 23:44:32.134" endtime="20201005 23:44:32.955" critical="yes"></status>
</test>
<test id="s1-s2-t3" name="Email em branco">
<kw name="Tentativa de login">
<arguments>
<arg>${EMPTY}</arg>
<arg>123456</arg>
<arg>O campo email é obrigatório!</arg>
</arguments>
<kw name="Acesso a página Login" library="kws">
<kw name="Go To" library="SeleniumLibrary">
<doc>Navigates the current browser window to the provided ``url``.</doc>
<arguments>
<arg>http://zepalheta-web:3000</arg>
</arguments>
<msg timestamp="20201005 23:44:32.958" level="INFO">Opening url 'http://zepalheta-web:3000'</msg>
<status status="PASS" starttime="20201005 23:44:32.958" endtime="20201005 23:44:33.027"></status>
</kw>
<status status="PASS" starttime="20201005 23:44:32.957" endtime="20201005 23:44:33.028"></status>
</kw>
<kw name="Submeto minhas credenciais" library="kws">
<arguments>
<arg>${input_email}</arg>
<arg>${input_senha}</arg>
</arguments>
<kw name="Input Text" library="SeleniumLibrary">
<doc>Types the given ``text`` into the text field identified by ``locator``.</doc>
<arguments>
<arg>id:txtEmail</arg>
<arg>${email}</arg>
</arguments>
<msg timestamp="20201005 23:44:33.030" level="INFO">Typing text '' into text field 'id:txtEmail'.</msg>
<status status="PASS" starttime="20201005 23:44:33.030" endtime="20201005 23:44:33.083"></status>
</kw>
<kw name="Input Text" library="SeleniumLibrary">
<doc>Types the given ``text`` into the text field identified by ``locator``.</doc>
<arguments>
<arg>css:input[placeholder=Senha]</arg>
<arg>${password}</arg>
</arguments>
<msg timestamp="20201005 23:44:33.083" level="INFO">Typing text '123456' into text field 'css:input[placeholder=Senha]'.</msg>
<status status="PASS" starttime="20201005 23:44:33.083" endtime="20201005 23:44:33.155"></status>
</kw>
<kw name="Click Element" library="SeleniumLibrary">
<doc>Click the element identified by ``locator``.</doc>
<arguments>
<arg>xpath://button[text()='Entrar']</arg>
</arguments>
<msg timestamp="20201005 23:44:33.155" level="INFO">Clicking element 'xpath://button[text()='Entrar']'.</msg>
<status status="PASS" starttime="20201005 23:44:33.155" endtime="20201005 23:44:33.217"></status>
</kw>
<status status="PASS" starttime="20201005 23:44:33.029" endtime="20201005 23:44:33.218"></status>
</kw>
<kw name="Devo ver um toaster com a mensagem" library="kws">
<arguments>
<arg>${output_mensagem}</arg>
</arguments>
<kw name="Wait Until Element Contains" library="SeleniumLibrary">
<doc>Waits until the element ``locator`` contains ``text``.</doc>
<arguments>
<arg>css:div[type=error] p</arg>
<arg>${expect_message}</arg>
</arguments>
<status status="PASS" starttime="20201005 23:44:33.218" endtime="20201005 23:44:33.454"></status>
</kw>
<status status="PASS" starttime="20201005 23:44:33.218" endtime="20201005 23:44:33.454"></status>
</kw>
<status status="PASS" starttime="20201005 23:44:32.957" endtime="20201005 23:44:33.455"></status>
</kw>
<status status="PASS" starttime="20201005 23:44:32.956" endtime="20201005 23:44:33.455" critical="yes"></status>
</test>
<test id="s1-s2-t4" name="Email e senha em branco">
<kw name="Tentativa de login">
<arguments>
<arg>${EMPTY}</arg>
<arg>${EMPTY}</arg>
<arg>Os campos email e senha não foram preenchidos!</arg>
</arguments>
<kw name="Acesso a página Login" library="kws">
<kw name="Go To" library="SeleniumLibrary">
<doc>Navigates the current browser window to the provided ``url``.</doc>
<arguments>
<arg>http://zepalheta-web:3000</arg>
</arguments>
<msg timestamp="20201005 23:44:33.457" level="INFO">Opening url 'http://zepalheta-web:3000'</msg>
<status status="PASS" starttime="20201005 23:44:33.457" endtime="20201005 23:44:33.876"></status>
</kw>
<status status="PASS" starttime="20201005 23:44:33.457" endtime="20201005 23:44:33.876"></status>
</kw>
<kw name="Submeto minhas credenciais" library="kws">
<arguments>
<arg>${input_email}</arg>
<arg>${input_senha}</arg>
</arguments>
<kw name="Input Text" library="SeleniumLibrary">
<doc>Types the given ``text`` into the text field identified by ``locator``.</doc>
<arguments>
<arg>id:txtEmail</arg>
<arg>${email}</arg>
</arguments>
<msg timestamp="20201005 23:44:33.880" level="INFO">Typing text '' into text field 'id:txtEmail'.</msg>
<status status="PASS" starttime="20201005 23:44:33.878" endtime="20201005 23:44:33.939"></status>
</kw>
<kw name="Input Text" library="SeleniumLibrary">
<doc>Types the given ``text`` into the text field identified by ``locator``.</doc>
<arguments>
<arg>css:input[placeholder=Senha]</arg>
<arg>${password}</arg>
</arguments>
<msg timestamp="20201005 23:44:33.939" level="INFO">Typing text '' into text field 'css:input[placeholder=Senha]'.</msg>
<status status="PASS" starttime="20201005 23:44:33.939" endtime="20201005 23:44:34.004"></status>
</kw>
<kw name="Click Element" library="SeleniumLibrary">
<doc>Click the element identified by ``locator``.</doc>
<arguments>
<arg>xpath://button[text()='Entrar']</arg>
</arguments>
<msg timestamp="20201005 23:44:34.005" level="INFO">Clicking element 'xpath://button[text()='Entrar']'.</msg>
<status status="PASS" starttime="20201005 23:44:34.004" endtime="20201005 23:44:34.047"></status>
</kw>
<status status="PASS" starttime="20201005 23:44:33.876" endtime="20201005 23:44:34.048"></status>
</kw>
<kw name="Devo ver um toaster com a mensagem" library="kws">
<arguments>
<arg>${output_mensagem}</arg>
</arguments>
<kw name="Wait Until Element Contains" library="SeleniumLibrary">
<doc>Waits until the element ``locator`` contains ``text``.</doc>
<arguments>
<arg>css:div[type=error] p</arg>
<arg>${expect_message}</arg>
</arguments>
<status status="PASS" starttime="20201005 23:44:34.049" endtime="20201005 23:44:34.281"></status>
</kw>
<status status="PASS" starttime="20201005 23:44:34.048" endtime="20201005 23:44:34.281"></status>
</kw>
<status status="PASS" starttime="20201005 23:44:33.456" endtime="20201005 23:44:34.281"></status>
</kw>
<status status="PASS" starttime="20201005 23:44:33.456" endtime="20201005 23:44:34.282" critical="yes"></status>
</test>
<test id="s1-s2-t5" name="Login incorreto">
<kw name="Tentativa de login">
<arguments>
<arg>admin&amp;gmail.com</arg>
<arg>abc123</arg>
<arg>Ocorreu um erro ao fazer login, cheque as credenciais.</arg>
</arguments>
<kw name="Acesso a página Login" library="kws">
<kw name="Go To" library="SeleniumLibrary">
<doc>Navigates the current browser window to the provided ``url``.</doc>
<arguments>
<arg>http://zepalheta-web:3000</arg>
</arguments>
<msg timestamp="20201005 23:44:34.285" level="INFO">Opening url 'http://zepalheta-web:3000'</msg>
<status status="PASS" starttime="20201005 23:44:34.285" endtime="20201005 23:44:34.706"></status>
</kw>
<status status="PASS" starttime="20201005 23:44:34.285" endtime="20201005 23:44:34.706"></status>
</kw>
<kw name="Submeto minhas credenciais" library="kws">
<arguments>
<arg>${input_email}</arg>
<arg>${input_senha}</arg>
</arguments>
<kw name="Input Text" library="SeleniumLibrary">
<doc>Types the given ``text`` into the text field identified by ``locator``.</doc>
<arguments>
<arg>id:txtEmail</arg>
<arg>${email}</arg>
</arguments>
<msg timestamp="20201005 23:44:34.707" level="INFO">Typing text 'admin&amp;gmail.com' into text field 'id:txtEmail'.</msg>
<status status="PASS" starttime="20201005 23:44:34.707" endtime="20201005 23:44:34.780"></status>
</kw>
<kw name="Input Text" library="SeleniumLibrary">
<doc>Types the given ``text`` into the text field identified by ``locator``.</doc>
<arguments>
<arg>css:input[placeholder=Senha]</arg>
<arg>${password}</arg>
</arguments>
<msg timestamp="20201005 23:44:34.780" level="INFO">Typing text 'abc123' into text field 'css:input[placeholder=Senha]'.</msg>
<status status="PASS" starttime="20201005 23:44:34.780" endtime="20201005 23:44:34.850"></status>
</kw>
<kw name="Click Element" library="SeleniumLibrary">
<doc>Click the element identified by ``locator``.</doc>
<arguments>
<arg>xpath://button[text()='Entrar']</arg>
</arguments>
<msg timestamp="20201005 23:44:34.850" level="INFO">Clicking element 'xpath://button[text()='Entrar']'.</msg>
<status status="PASS" starttime="20201005 23:44:34.850" endtime="20201005 23:44:34.890"></status>
</kw>
<status status="PASS" starttime="20201005 23:44:34.706" endtime="20201005 23:44:34.891"></status>
</kw>
<kw name="Devo ver um toaster com a mensagem" library="kws">
<arguments>
<arg>${output_mensagem}</arg>
</arguments>
<kw name="Wait Until Element Contains" library="SeleniumLibrary">
<doc>Waits until the element ``locator`` contains ``text``.</doc>
<arguments>
<arg>css:div[type=error] p</arg>
<arg>${expect_message}</arg>
</arguments>
<status status="PASS" starttime="20201005 23:44:34.891" endtime="20201005 23:44:35.137"></status>
</kw>
<status status="PASS" starttime="20201005 23:44:34.891" endtime="20201005 23:44:35.137"></status>
</kw>
<status status="PASS" starttime="20201005 23:44:34.284" endtime="20201005 23:44:35.137"></status>
</kw>
<status status="PASS" starttime="20201005 23:44:34.284" endtime="20201005 23:44:35.138" critical="yes"></status>
</test>
<kw name="Finish Session" library="hooks" type="teardown">
<kw name="Close Browser" library="SeleniumLibrary">
<doc>Closes the current browser.</doc>
<status status="PASS" starttime="20201005 23:44:35.140" endtime="20201005 23:44:37.262"></status>
</kw>
<status status="PASS" starttime="20201005 23:44:35.140" endtime="20201005 23:44:37.262"></status>
</kw>
<doc>Login Tentativa</doc>
<status status="PASS" starttime="20201005 23:44:25.383" endtime="20201005 23:44:37.262"></status>
</suite>
<status status="PASS" starttime="20201005 23:44:16.359" endtime="20201005 23:44:37.268"></status>
</suite>
<statistics>
<total>
<stat pass="6" fail="0">Critical Tests</stat>
<stat pass="6" fail="0">All Tests</stat>
</total>
<tag>
</tag>
<suite>
<stat pass="6" fail="0" id="s1" name="Tests">Tests</stat>
<stat pass="1" fail="0" id="s1-s1" name="Login">Tests.Login</stat>
<stat pass="5" fail="0" id="s1-s2" name="Login Tentativa">Tests.Login Tentativa</stat>
</suite>
</statistics>
<errors>
</errors>
</robot>
