<?xml version="1.0" encoding="UTF-8"?>
<robot generator="Robot 3.2.1 (Python 3.8.5 on win32)" generated="20210719 23:03:00.325" rpa="false">
<suite id="s1" name="Delete Customers" source="c:\qaninja\ze-palheta\tests\api\customers\delete_customers.robot">
<test id="s1-t1" name="Delete Customer">
<kw name="Get Json" library="helpers">
<arguments>
<arg>customers/delete.json</arg>
</arguments>
<assign>
<var>${origin}</var>
</assign>
<kw name="Get File" library="OperatingSystem">
<doc>Returns the contents of a specified file.</doc>
<arguments>
<arg>${EXECDIR}/resources/fixtures/${file_name}</arg>
</arguments>
<assign>
<var>${json_file}</var>
</assign>
<msg timestamp="20210719 23:03:00.490" level="INFO" html="yes">Getting file '&lt;a href="file://c:\qaninja\ze-palheta\resources\fixtures\customers\delete.json"&gt;c:\qaninja\ze-palheta\resources\fixtures\customers\delete.json&lt;/a&gt;'.</msg>
<msg timestamp="20210719 23:03:00.490" level="INFO">${json_file} = {
	"name":"Chimbinha",
	"cpf":"797.777.777-77",
	"address":"Rua dos Bugs, 1000",
	"phone_number":"(51) 9.9988-6633"
}</msg>
<status status="PASS" starttime="20210719 23:03:00.490" endtime="20210719 23:03:00.490"></status>
</kw>
<kw name="Evaluate" library="BuiltIn">
<doc>Evaluates the given expression in Python and returns the result.</doc>
<arguments>
<arg>json.loads($json_file)</arg>
<arg>json</arg>
</arguments>
<assign>
<var>${json_dict}</var>
</assign>
<msg timestamp="20210719 23:03:00.494" level="INFO">${json_dict} = {'name': 'Chimbinha', 'cpf': '797.777.777-77', 'address': 'Rua dos Bugs, 1000', 'phone_number': '(51) 9.9988-6633'}</msg>
<status status="PASS" starttime="20210719 23:03:00.491" endtime="20210719 23:03:00.494"></status>
</kw>
<msg timestamp="20210719 23:03:00.495" level="INFO">${origin} = {'name': 'Chimbinha', 'cpf': '797.777.777-77', 'address': 'Rua dos Bugs, 1000', 'phone_number': '(51) 9.9988-6633'}</msg>
<status status="PASS" starttime="20210719 23:03:00.489" endtime="20210719 23:03:00.495"></status>
</kw>
<kw name="Delete Customer" library="services">
<arguments>
<arg>${origin['cpf']}</arg>
</arguments>
<kw name="Get Session Token" library="services">
<assign>
<var>${token}</var>
</assign>
<kw name="Post Session" library="services">
<arguments>
<arg>admin@zepalheta.com.br</arg>
<arg>pwd123</arg>
</arguments>
<assign>
<var>${resp}</var>
</assign>
<kw name="Create Session" library="RequestsLibrary">
<doc>Create Session: create a HTTP session to a server</doc>
<arguments>
<arg>zp-api</arg>
<arg>${base_url_api}</arg>
</arguments>
<msg timestamp="20210719 23:03:00.497" level="INFO">Creating Session using : alias=zp-api, url=http://zepalheta-api:3333, headers={},                     cookies={}, auth=None, timeout=None, proxies=None, verify=False,                     debug=0 </msg>
<status status="PASS" starttime="20210719 23:03:00.497" endtime="20210719 23:03:00.497"></status>
</kw>
<kw name="Create Dictionary" library="BuiltIn">
<doc>Creates and returns a dictionary based on the given ``items``.</doc>
<arguments>
<arg>Content-Type=application/json</arg>
</arguments>
<assign>
<var>&amp;{headers}</var>
</assign>
<msg timestamp="20210719 23:03:00.498" level="INFO">&amp;{headers} = { Content-Type=application/json }</msg>
<status status="PASS" starttime="20210719 23:03:00.497" endtime="20210719 23:03:00.498"></status>
</kw>
<kw name="Create Dictionary" library="BuiltIn">
<doc>Creates and returns a dictionary based on the given ``items``.</doc>
<arguments>
<arg>email=${email}</arg>
<arg>password=${password}</arg>
</arguments>
<assign>
<var>&amp;{payload}</var>
</assign>
<msg timestamp="20210719 23:03:00.498" level="INFO">&amp;{payload} = { email=admin@zepalheta.com.br | password=pwd123 }</msg>
<status status="PASS" starttime="20210719 23:03:00.498" endtime="20210719 23:03:00.498"></status>
</kw>
<kw name="Post Request" library="RequestsLibrary">
<doc>Send a POST request on the session object found using the
given `alias`</doc>
<arguments>
<arg>zp-api</arg>
<arg>/sessions</arg>
<arg>data=${payload}</arg>
<arg>headers=${headers}</arg>
</arguments>
<assign>
<var>${resp}</var>
</assign>
<msg timestamp="20210719 23:03:00.542" level="INFO">POST Request : url=http://zepalheta-api:3333/sessions 
 path_url=/sessions 
 headers={'User-Agent': 'python-requests/2.24.0', 'Accept-Encoding': 'gzip, deflate', 'Accept': '*/*', 'Connection': 'keep-alive', 'Content-Type': 'application/json', 'Content-Length': '57'} 
 body={"email": "admin@zepalheta.com.br", "password": "pwd123"} 
 </msg>
<msg timestamp="20210719 23:03:00.543" level="INFO">POST Response : url=http://zepalheta-api:3333/sessions 
 status=200, reason=OK 
 body={"user":{"id":"a3ab268e-c2d5-4ec0-83da-f35ee1652ce4","name":"Admin","email":"admin@zepalheta.com.br","password_hash":"$2a$08$eJ60B4RsaLSbSLF2acHICu2aFoslT8KUwkw/ph9khYwyNNUIHx6qK","created_at":"2021-07-20T01:25:43.542Z","updated_at":"2021-07-20T01:25:43.542Z"},"token":"eyJhbGciOiJIUzI1NiIsInR5cCI6IkpXVCJ9.eyJpYXQiOjE2MjY3NDY1ODAsImV4cCI6MTYyNjgzMjk4MCwic3ViIjoiYTNhYjI2OGUtYzJkNS00ZWMwLTgzZGEtZjM1ZWUxNjUyY2U0In0.fZGCU4Kw-ZsfWCPTJOTxEIYDCUFCv0iT0_7o7V5_nNs"} 
 </msg>
<msg timestamp="20210719 23:03:00.543" level="INFO">${resp} = &lt;Response [200]&gt;</msg>
<status status="PASS" starttime="20210719 23:03:00.498" endtime="20210719 23:03:00.543"></status>
</kw>
<msg timestamp="20210719 23:03:00.543" level="INFO">${resp} = &lt;Response [200]&gt;</msg>
<status status="PASS" starttime="20210719 23:03:00.496" endtime="20210719 23:03:00.543"></status>
</kw>
<kw name="Convert To String" library="BuiltIn">
<doc>Converts the given item to a Unicode string.</doc>
<arguments>
<arg>Bearer ${resp.json()['token']}</arg>
</arguments>
<assign>
<var>${token}</var>
</assign>
<msg timestamp="20210719 23:03:00.544" level="INFO">${token} = Bearer eyJhbGciOiJIUzI1NiIsInR5cCI6IkpXVCJ9.eyJpYXQiOjE2MjY3NDY1ODAsImV4cCI6MTYyNjgzMjk4MCwic3ViIjoiYTNhYjI2OGUtYzJkNS00ZWMwLTgzZGEtZjM1ZWUxNjUyY2U0In0.fZGCU4Kw-ZsfWCPTJOTxEIYDCUFCv0iT0_7o7V5_nNs</msg>
<status status="PASS" starttime="20210719 23:03:00.544" endtime="20210719 23:03:00.544"></status>
</kw>
<msg timestamp="20210719 23:03:00.545" level="INFO">${token} = Bearer eyJhbGciOiJIUzI1NiIsInR5cCI6IkpXVCJ9.eyJpYXQiOjE2MjY3NDY1ODAsImV4cCI6MTYyNjgzMjk4MCwic3ViIjoiYTNhYjI2OGUtYzJkNS00ZWMwLTgzZGEtZjM1ZWUxNjUyY2U0In0.fZGCU4Kw-ZsfWCPTJOTxEIYDCUFCv0iT0_7o7V5_nNs</msg>
<status status="PASS" starttime="20210719 23:03:00.496" endtime="20210719 23:03:00.545"></status>
</kw>
<kw name="Create Dictionary" library="BuiltIn">
<doc>Creates and returns a dictionary based on the given ``items``.</doc>
<arguments>
<arg>content-type=application/jason</arg>
<arg>authorization=${token}</arg>
</arguments>
<assign>
<var>&amp;{headers}</var>
</assign>
<msg timestamp="20210719 23:03:00.546" level="INFO">&amp;{headers} = { content-type=application/jason | authorization=Bearer eyJhbGciOiJIUzI1NiIsInR5cCI6IkpXVCJ9.eyJpYXQiOjE2MjY3NDY1ODAsImV4cCI6MTYyNjgzMjk4MCwic3ViIjoiYTNhYjI2OGUtYzJkNS00ZWMwLTgzZGEtZjM1ZWUxNjUyY2U0In0...</msg>
<status status="PASS" starttime="20210719 23:03:00.545" endtime="20210719 23:03:00.546"></status>
</kw>
<kw name="Delete Request" library="RequestsLibrary">
<doc>Send a DELETE request on the session object found using the
given `alias`</doc>
<arguments>
<arg>zp-api</arg>
<arg>/customers/${cpf}</arg>
<arg>headers=${headers}</arg>
</arguments>
<msg timestamp="20210719 23:03:00.554" level="INFO">DELETE Request : url=http://zepalheta-api:3333/customers/797.777.777-77 
 path_url=/customers/797.777.777-77 
 headers={'User-Agent': 'python-requests/2.24.0', 'Accept-Encoding': 'gzip, deflate', 'Accept': '*/*', 'Connection': 'keep-alive', 'content-type': 'application/jason', 'authorization': 'Bearer eyJhbGciOiJIUzI1NiIsInR5cCI6IkpXVCJ9.eyJpYXQiOjE2MjY3NDY1ODAsImV4cCI6MTYyNjgzMjk4MCwic3ViIjoiYTNhYjI2OGUtYzJkNS00ZWMwLTgzZGEtZjM1ZWUxNjUyY2U0In0.fZGCU4Kw-ZsfWCPTJOTxEIYDCUFCv0iT0_7o7V5_nNs', 'Content-Length': '0'} 
 body=None 
 </msg>
<msg timestamp="20210719 23:03:00.554" level="INFO">DELETE Response : url=http://zepalheta-api:3333/customers/797.777.777-77 
 status=404, reason=Not Found 
 body={"status":"error","message":"Customer not found"} 
 </msg>
<status status="PASS" starttime="20210719 23:03:00.546" endtime="20210719 23:03:00.554"></status>
</kw>
<status status="PASS" starttime="20210719 23:03:00.496" endtime="20210719 23:03:00.554"></status>
</kw>
<kw name="Post Customer" library="services">
<arguments>
<arg>${origin}</arg>
</arguments>
<assign>
<var>${resp}</var>
</assign>
<kw name="Create Session" library="RequestsLibrary">
<doc>Create Session: create a HTTP session to a server</doc>
<arguments>
<arg>zp-api</arg>
<arg>${base_url_api}</arg>
</arguments>
<msg timestamp="20210719 23:03:00.555" level="INFO">Creating Session using : alias=zp-api, url=http://zepalheta-api:3333, headers={},                     cookies={}, auth=None, timeout=None, proxies=None, verify=False,                     debug=0 </msg>
<status status="PASS" starttime="20210719 23:03:00.555" endtime="20210719 23:03:00.556"></status>
</kw>
<kw name="Get Session Token" library="services">
<assign>
<var>${token}</var>
</assign>
<kw name="Post Session" library="services">
<arguments>
<arg>admin@zepalheta.com.br</arg>
<arg>pwd123</arg>
</arguments>
<assign>
<var>${resp}</var>
</assign>
<kw name="Create Session" library="RequestsLibrary">
<doc>Create Session: create a HTTP session to a server</doc>
<arguments>
<arg>zp-api</arg>
<arg>${base_url_api}</arg>
</arguments>
<msg timestamp="20210719 23:03:00.557" level="INFO">Creating Session using : alias=zp-api, url=http://zepalheta-api:3333, headers={},                     cookies={}, auth=None, timeout=None, proxies=None, verify=False,                     debug=0 </msg>
<status status="PASS" starttime="20210719 23:03:00.556" endtime="20210719 23:03:00.557"></status>
</kw>
<kw name="Create Dictionary" library="BuiltIn">
<doc>Creates and returns a dictionary based on the given ``items``.</doc>
<arguments>
<arg>Content-Type=application/json</arg>
</arguments>
<assign>
<var>&amp;{headers}</var>
</assign>
<msg timestamp="20210719 23:03:00.557" level="INFO">&amp;{headers} = { Content-Type=application/json }</msg>
<status status="PASS" starttime="20210719 23:03:00.557" endtime="20210719 23:03:00.557"></status>
</kw>
<kw name="Create Dictionary" library="BuiltIn">
<doc>Creates and returns a dictionary based on the given ``items``.</doc>
<arguments>
<arg>email=${email}</arg>
<arg>password=${password}</arg>
</arguments>
<assign>
<var>&amp;{payload}</var>
</assign>
<msg timestamp="20210719 23:03:00.558" level="INFO">&amp;{payload} = { email=admin@zepalheta.com.br | password=pwd123 }</msg>
<status status="PASS" starttime="20210719 23:03:00.557" endtime="20210719 23:03:00.558"></status>
</kw>
<kw name="Post Request" library="RequestsLibrary">
<doc>Send a POST request on the session object found using the
given `alias`</doc>
<arguments>
<arg>zp-api</arg>
<arg>/sessions</arg>
<arg>data=${payload}</arg>
<arg>headers=${headers}</arg>
</arguments>
<assign>
<var>${resp}</var>
</assign>
<msg timestamp="20210719 23:03:00.587" level="INFO">POST Request : url=http://zepalheta-api:3333/sessions 
 path_url=/sessions 
 headers={'User-Agent': 'python-requests/2.24.0', 'Accept-Encoding': 'gzip, deflate', 'Accept': '*/*', 'Connection': 'keep-alive', 'Content-Type': 'application/json', 'Content-Length': '57'} 
 body={"email": "admin@zepalheta.com.br", "password": "pwd123"} 
 </msg>
<msg timestamp="20210719 23:03:00.587" level="INFO">POST Response : url=http://zepalheta-api:3333/sessions 
 status=200, reason=OK 
 body={"user":{"id":"a3ab268e-c2d5-4ec0-83da-f35ee1652ce4","name":"Admin","email":"admin@zepalheta.com.br","password_hash":"$2a$08$eJ60B4RsaLSbSLF2acHICu2aFoslT8KUwkw/ph9khYwyNNUIHx6qK","created_at":"2021-07-20T01:25:43.542Z","updated_at":"2021-07-20T01:25:43.542Z"},"token":"eyJhbGciOiJIUzI1NiIsInR5cCI6IkpXVCJ9.eyJpYXQiOjE2MjY3NDY1ODAsImV4cCI6MTYyNjgzMjk4MCwic3ViIjoiYTNhYjI2OGUtYzJkNS00ZWMwLTgzZGEtZjM1ZWUxNjUyY2U0In0.fZGCU4Kw-ZsfWCPTJOTxEIYDCUFCv0iT0_7o7V5_nNs"} 
 </msg>
<msg timestamp="20210719 23:03:00.588" level="INFO">${resp} = &lt;Response [200]&gt;</msg>
<status status="PASS" starttime="20210719 23:03:00.558" endtime="20210719 23:03:00.588"></status>
</kw>
<msg timestamp="20210719 23:03:00.589" level="INFO">${resp} = &lt;Response [200]&gt;</msg>
<status status="PASS" starttime="20210719 23:03:00.556" endtime="20210719 23:03:00.589"></status>
</kw>
<kw name="Convert To String" library="BuiltIn">
<doc>Converts the given item to a Unicode string.</doc>
<arguments>
<arg>Bearer ${resp.json()['token']}</arg>
</arguments>
<assign>
<var>${token}</var>
</assign>
<msg timestamp="20210719 23:03:00.591" level="INFO">${token} = Bearer eyJhbGciOiJIUzI1NiIsInR5cCI6IkpXVCJ9.eyJpYXQiOjE2MjY3NDY1ODAsImV4cCI6MTYyNjgzMjk4MCwic3ViIjoiYTNhYjI2OGUtYzJkNS00ZWMwLTgzZGEtZjM1ZWUxNjUyY2U0In0.fZGCU4Kw-ZsfWCPTJOTxEIYDCUFCv0iT0_7o7V5_nNs</msg>
<status status="PASS" starttime="20210719 23:03:00.589" endtime="20210719 23:03:00.591"></status>
</kw>
<msg timestamp="20210719 23:03:00.591" level="INFO">${token} = Bearer eyJhbGciOiJIUzI1NiIsInR5cCI6IkpXVCJ9.eyJpYXQiOjE2MjY3NDY1ODAsImV4cCI6MTYyNjgzMjk4MCwic3ViIjoiYTNhYjI2OGUtYzJkNS00ZWMwLTgzZGEtZjM1ZWUxNjUyY2U0In0.fZGCU4Kw-ZsfWCPTJOTxEIYDCUFCv0iT0_7o7V5_nNs</msg>
<status status="PASS" starttime="20210719 23:03:00.556" endtime="20210719 23:03:00.591"></status>
</kw>
<kw name="Create Dictionary" library="BuiltIn">
<doc>Creates and returns a dictionary based on the given ``items``.</doc>
<arguments>
<arg>content-type=application/jason</arg>
<arg>authorization=${token}</arg>
</arguments>
<assign>
<var>&amp;{headers}</var>
</assign>
<msg timestamp="20210719 23:03:00.592" level="INFO">&amp;{headers} = { content-type=application/jason | authorization=Bearer eyJhbGciOiJIUzI1NiIsInR5cCI6IkpXVCJ9.eyJpYXQiOjE2MjY3NDY1ODAsImV4cCI6MTYyNjgzMjk4MCwic3ViIjoiYTNhYjI2OGUtYzJkNS00ZWMwLTgzZGEtZjM1ZWUxNjUyY2U0In0...</msg>
<status status="PASS" starttime="20210719 23:03:00.592" endtime="20210719 23:03:00.592"></status>
</kw>
<kw name="Post Request" library="RequestsLibrary">
<doc>Send a POST request on the session object found using the
given `alias`</doc>
<arguments>
<arg>zp-api</arg>
<arg>/customers</arg>
<arg>data=${payload}</arg>
<arg>headers=${headers}</arg>
</arguments>
<assign>
<var>${resp}</var>
</assign>
<msg timestamp="20210719 23:03:00.596" level="INFO">POST Request : url=http://zepalheta-api:3333/customers 
 path_url=/customers 
 headers={'User-Agent': 'python-requests/2.24.0', 'Accept-Encoding': 'gzip, deflate', 'Accept': '*/*', 'Connection': 'keep-alive', 'content-type': 'application/jason', 'authorization': 'Bearer eyJhbGciOiJIUzI1NiIsInR5cCI6IkpXVCJ9.eyJpYXQiOjE2MjY3NDY1ODAsImV4cCI6MTYyNjgzMjk4MCwic3ViIjoiYTNhYjI2OGUtYzJkNS00ZWMwLTgzZGEtZjM1ZWUxNjUyY2U0In0.fZGCU4Kw-ZsfWCPTJOTxEIYDCUFCv0iT0_7o7V5_nNs', 'Content-Length': '96'} 
 body=name=Chimbinha&amp;cpf=797.777.777-77&amp;address=Rua+dos+Bugs%2C+1000&amp;phone_number=%2851%29+9.9988-6633 
 </msg>
<msg timestamp="20210719 23:03:00.596" level="INFO">POST Response : url=http://zepalheta-api:3333/customers 
 status=400, reason=Bad Request 
 body={"statusCode":400,"error":"Bad Request","message":"\"name\" is required","validation":{"source":"body","keys":["name"]}} 
 </msg>
<msg timestamp="20210719 23:03:00.596" level="INFO">${resp} = &lt;Response [400]&gt;</msg>
<status status="PASS" starttime="20210719 23:03:00.592" endtime="20210719 23:03:00.596"></status>
</kw>
<msg timestamp="20210719 23:03:00.597" level="INFO">${resp} = &lt;Response [400]&gt;</msg>
<status status="PASS" starttime="20210719 23:03:00.555" endtime="20210719 23:03:00.597"></status>
</kw>
<kw name="Delete Customer" library="services">
<arguments>
<arg>${origin['cpf']}</arg>
</arguments>
<assign>
<var>${resp}</var>
</assign>
<kw name="Get Session Token" library="services">
<assign>
<var>${token}</var>
</assign>
<kw name="Post Session" library="services">
<arguments>
<arg>admin@zepalheta.com.br</arg>
<arg>pwd123</arg>
</arguments>
<assign>
<var>${resp}</var>
</assign>
<kw name="Create Session" library="RequestsLibrary">
<doc>Create Session: create a HTTP session to a server</doc>
<arguments>
<arg>zp-api</arg>
<arg>${base_url_api}</arg>
</arguments>
<msg timestamp="20210719 23:03:00.599" level="INFO">Creating Session using : alias=zp-api, url=http://zepalheta-api:3333, headers={},                     cookies={}, auth=None, timeout=None, proxies=None, verify=False,                     debug=0 </msg>
<status status="PASS" starttime="20210719 23:03:00.598" endtime="20210719 23:03:00.599"></status>
</kw>
<kw name="Create Dictionary" library="BuiltIn">
<doc>Creates and returns a dictionary based on the given ``items``.</doc>
<arguments>
<arg>Content-Type=application/json</arg>
</arguments>
<assign>
<var>&amp;{headers}</var>
</assign>
<msg timestamp="20210719 23:03:00.599" level="INFO">&amp;{headers} = { Content-Type=application/json }</msg>
<status status="PASS" starttime="20210719 23:03:00.599" endtime="20210719 23:03:00.599"></status>
</kw>
<kw name="Create Dictionary" library="BuiltIn">
<doc>Creates and returns a dictionary based on the given ``items``.</doc>
<arguments>
<arg>email=${email}</arg>
<arg>password=${password}</arg>
</arguments>
<assign>
<var>&amp;{payload}</var>
</assign>
<msg timestamp="20210719 23:03:00.600" level="INFO">&amp;{payload} = { email=admin@zepalheta.com.br | password=pwd123 }</msg>
<status status="PASS" starttime="20210719 23:03:00.599" endtime="20210719 23:03:00.600"></status>
</kw>
<kw name="Post Request" library="RequestsLibrary">
<doc>Send a POST request on the session object found using the
given `alias`</doc>
<arguments>
<arg>zp-api</arg>
<arg>/sessions</arg>
<arg>data=${payload}</arg>
<arg>headers=${headers}</arg>
</arguments>
<assign>
<var>${resp}</var>
</assign>
<msg timestamp="20210719 23:03:00.628" level="INFO">POST Request : url=http://zepalheta-api:3333/sessions 
 path_url=/sessions 
 headers={'User-Agent': 'python-requests/2.24.0', 'Accept-Encoding': 'gzip, deflate', 'Accept': '*/*', 'Connection': 'keep-alive', 'Content-Type': 'application/json', 'Content-Length': '57'} 
 body={"email": "admin@zepalheta.com.br", "password": "pwd123"} 
 </msg>
<msg timestamp="20210719 23:03:00.628" level="INFO">POST Response : url=http://zepalheta-api:3333/sessions 
 status=200, reason=OK 
 body={"user":{"id":"a3ab268e-c2d5-4ec0-83da-f35ee1652ce4","name":"Admin","email":"admin@zepalheta.com.br","password_hash":"$2a$08$eJ60B4RsaLSbSLF2acHICu2aFoslT8KUwkw/ph9khYwyNNUIHx6qK","created_at":"2021-07-20T01:25:43.542Z","updated_at":"2021-07-20T01:25:43.542Z"},"token":"eyJhbGciOiJIUzI1NiIsInR5cCI6IkpXVCJ9.eyJpYXQiOjE2MjY3NDY1ODAsImV4cCI6MTYyNjgzMjk4MCwic3ViIjoiYTNhYjI2OGUtYzJkNS00ZWMwLTgzZGEtZjM1ZWUxNjUyY2U0In0.fZGCU4Kw-ZsfWCPTJOTxEIYDCUFCv0iT0_7o7V5_nNs"} 
 </msg>
<msg timestamp="20210719 23:03:00.628" level="INFO">${resp} = &lt;Response [200]&gt;</msg>
<status status="PASS" starttime="20210719 23:03:00.600" endtime="20210719 23:03:00.628"></status>
</kw>
<msg timestamp="20210719 23:03:00.628" level="INFO">${resp} = &lt;Response [200]&gt;</msg>
<status status="PASS" starttime="20210719 23:03:00.598" endtime="20210719 23:03:00.628"></status>
</kw>
<kw name="Convert To String" library="BuiltIn">
<doc>Converts the given item to a Unicode string.</doc>
<arguments>
<arg>Bearer ${resp.json()['token']}</arg>
</arguments>
<assign>
<var>${token}</var>
</assign>
<msg timestamp="20210719 23:03:00.629" level="INFO">${token} = Bearer eyJhbGciOiJIUzI1NiIsInR5cCI6IkpXVCJ9.eyJpYXQiOjE2MjY3NDY1ODAsImV4cCI6MTYyNjgzMjk4MCwic3ViIjoiYTNhYjI2OGUtYzJkNS00ZWMwLTgzZGEtZjM1ZWUxNjUyY2U0In0.fZGCU4Kw-ZsfWCPTJOTxEIYDCUFCv0iT0_7o7V5_nNs</msg>
<status status="PASS" starttime="20210719 23:03:00.628" endtime="20210719 23:03:00.629"></status>
</kw>
<msg timestamp="20210719 23:03:00.629" level="INFO">${token} = Bearer eyJhbGciOiJIUzI1NiIsInR5cCI6IkpXVCJ9.eyJpYXQiOjE2MjY3NDY1ODAsImV4cCI6MTYyNjgzMjk4MCwic3ViIjoiYTNhYjI2OGUtYzJkNS00ZWMwLTgzZGEtZjM1ZWUxNjUyY2U0In0.fZGCU4Kw-ZsfWCPTJOTxEIYDCUFCv0iT0_7o7V5_nNs</msg>
<status status="PASS" starttime="20210719 23:03:00.598" endtime="20210719 23:03:00.629"></status>
</kw>
<kw name="Create Dictionary" library="BuiltIn">
<doc>Creates and returns a dictionary based on the given ``items``.</doc>
<arguments>
<arg>content-type=application/jason</arg>
<arg>authorization=${token}</arg>
</arguments>
<assign>
<var>&amp;{headers}</var>
</assign>
<msg timestamp="20210719 23:03:00.629" level="INFO">&amp;{headers} = { content-type=application/jason | authorization=Bearer eyJhbGciOiJIUzI1NiIsInR5cCI6IkpXVCJ9.eyJpYXQiOjE2MjY3NDY1ODAsImV4cCI6MTYyNjgzMjk4MCwic3ViIjoiYTNhYjI2OGUtYzJkNS00ZWMwLTgzZGEtZjM1ZWUxNjUyY2U0In0...</msg>
<status status="PASS" starttime="20210719 23:03:00.629" endtime="20210719 23:03:00.630"></status>
</kw>
<kw name="Delete Request" library="RequestsLibrary">
<doc>Send a DELETE request on the session object found using the
given `alias`</doc>
<arguments>
<arg>zp-api</arg>
<arg>/customers/${cpf}</arg>
<arg>headers=${headers}</arg>
</arguments>
<msg timestamp="20210719 23:03:00.636" level="INFO">DELETE Request : url=http://zepalheta-api:3333/customers/797.777.777-77 
 path_url=/customers/797.777.777-77 
 headers={'User-Agent': 'python-requests/2.24.0', 'Accept-Encoding': 'gzip, deflate', 'Accept': '*/*', 'Connection': 'keep-alive', 'content-type': 'application/jason', 'authorization': 'Bearer eyJhbGciOiJIUzI1NiIsInR5cCI6IkpXVCJ9.eyJpYXQiOjE2MjY3NDY1ODAsImV4cCI6MTYyNjgzMjk4MCwic3ViIjoiYTNhYjI2OGUtYzJkNS00ZWMwLTgzZGEtZjM1ZWUxNjUyY2U0In0.fZGCU4Kw-ZsfWCPTJOTxEIYDCUFCv0iT0_7o7V5_nNs', 'Content-Length': '0'} 
 body=None 
 </msg>
<msg timestamp="20210719 23:03:00.636" level="INFO">DELETE Response : url=http://zepalheta-api:3333/customers/797.777.777-77 
 status=404, reason=Not Found 
 body={"status":"error","message":"Customer not found"} 
 </msg>
<status status="PASS" starttime="20210719 23:03:00.630" endtime="20210719 23:03:00.636"></status>
</kw>
<msg timestamp="20210719 23:03:00.636" level="INFO">${resp} = None</msg>
<status status="PASS" starttime="20210719 23:03:00.597" endtime="20210719 23:03:00.636"></status>
</kw>
<kw name="Status Should Be" library="RequestsLibrary">
<doc>Fails if response status code is different than the expected.</doc>
<arguments>
<arg>204</arg>
<arg>${resp}</arg>
</arguments>
<msg timestamp="20210719 23:03:00.638" level="FAIL">InvalidResponse: None</msg>
<status status="FAIL" starttime="20210719 23:03:00.637" endtime="20210719 23:03:00.639"></status>
</kw>
<status status="FAIL" starttime="20210719 23:03:00.489" endtime="20210719 23:03:00.641" critical="yes">InvalidResponse: None</status>
</test>
<test id="s1-t2" name="Customer Not Found">
<kw name="Delete Customer" library="services">
<arguments>
<arg>698dc19d489c4e4db73e28a713eab07b</arg>
</arguments>
<assign>
<var>${resp}</var>
</assign>
<kw name="Get Session Token" library="services">
<assign>
<var>${token}</var>
</assign>
<kw name="Post Session" library="services">
<arguments>
<arg>admin@zepalheta.com.br</arg>
<arg>pwd123</arg>
</arguments>
<assign>
<var>${resp}</var>
</assign>
<kw name="Create Session" library="RequestsLibrary">
<doc>Create Session: create a HTTP session to a server</doc>
<arguments>
<arg>zp-api</arg>
<arg>${base_url_api}</arg>
</arguments>
<msg timestamp="20210719 23:03:00.645" level="INFO">Creating Session using : alias=zp-api, url=http://zepalheta-api:3333, headers={},                     cookies={}, auth=None, timeout=None, proxies=None, verify=False,                     debug=0 </msg>
<status status="PASS" starttime="20210719 23:03:00.645" endtime="20210719 23:03:00.645"></status>
</kw>
<kw name="Create Dictionary" library="BuiltIn">
<doc>Creates and returns a dictionary based on the given ``items``.</doc>
<arguments>
<arg>Content-Type=application/json</arg>
</arguments>
<assign>
<var>&amp;{headers}</var>
</assign>
<msg timestamp="20210719 23:03:00.646" level="INFO">&amp;{headers} = { Content-Type=application/json }</msg>
<status status="PASS" starttime="20210719 23:03:00.645" endtime="20210719 23:03:00.646"></status>
</kw>
<kw name="Create Dictionary" library="BuiltIn">
<doc>Creates and returns a dictionary based on the given ``items``.</doc>
<arguments>
<arg>email=${email}</arg>
<arg>password=${password}</arg>
</arguments>
<assign>
<var>&amp;{payload}</var>
</assign>
<msg timestamp="20210719 23:03:00.646" level="INFO">&amp;{payload} = { email=admin@zepalheta.com.br | password=pwd123 }</msg>
<status status="PASS" starttime="20210719 23:03:00.646" endtime="20210719 23:03:00.646"></status>
</kw>
<kw name="Post Request" library="RequestsLibrary">
<doc>Send a POST request on the session object found using the
given `alias`</doc>
<arguments>
<arg>zp-api</arg>
<arg>/sessions</arg>
<arg>data=${payload}</arg>
<arg>headers=${headers}</arg>
</arguments>
<assign>
<var>${resp}</var>
</assign>
<msg timestamp="20210719 23:03:00.675" level="INFO">POST Request : url=http://zepalheta-api:3333/sessions 
 path_url=/sessions 
 headers={'User-Agent': 'python-requests/2.24.0', 'Accept-Encoding': 'gzip, deflate', 'Accept': '*/*', 'Connection': 'keep-alive', 'Content-Type': 'application/json', 'Content-Length': '57'} 
 body={"email": "admin@zepalheta.com.br", "password": "pwd123"} 
 </msg>
<msg timestamp="20210719 23:03:00.675" level="INFO">POST Response : url=http://zepalheta-api:3333/sessions 
 status=200, reason=OK 
 body={"user":{"id":"a3ab268e-c2d5-4ec0-83da-f35ee1652ce4","name":"Admin","email":"admin@zepalheta.com.br","password_hash":"$2a$08$eJ60B4RsaLSbSLF2acHICu2aFoslT8KUwkw/ph9khYwyNNUIHx6qK","created_at":"2021-07-20T01:25:43.542Z","updated_at":"2021-07-20T01:25:43.542Z"},"token":"eyJhbGciOiJIUzI1NiIsInR5cCI6IkpXVCJ9.eyJpYXQiOjE2MjY3NDY1ODAsImV4cCI6MTYyNjgzMjk4MCwic3ViIjoiYTNhYjI2OGUtYzJkNS00ZWMwLTgzZGEtZjM1ZWUxNjUyY2U0In0.fZGCU4Kw-ZsfWCPTJOTxEIYDCUFCv0iT0_7o7V5_nNs"} 
 </msg>
<msg timestamp="20210719 23:03:00.676" level="INFO">${resp} = &lt;Response [200]&gt;</msg>
<status status="PASS" starttime="20210719 23:03:00.646" endtime="20210719 23:03:00.676"></status>
</kw>
<msg timestamp="20210719 23:03:00.676" level="INFO">${resp} = &lt;Response [200]&gt;</msg>
<status status="PASS" starttime="20210719 23:03:00.644" endtime="20210719 23:03:00.676"></status>
</kw>
<kw name="Convert To String" library="BuiltIn">
<doc>Converts the given item to a Unicode string.</doc>
<arguments>
<arg>Bearer ${resp.json()['token']}</arg>
</arguments>
<assign>
<var>${token}</var>
</assign>
<msg timestamp="20210719 23:03:00.676" level="INFO">${token} = Bearer eyJhbGciOiJIUzI1NiIsInR5cCI6IkpXVCJ9.eyJpYXQiOjE2MjY3NDY1ODAsImV4cCI6MTYyNjgzMjk4MCwic3ViIjoiYTNhYjI2OGUtYzJkNS00ZWMwLTgzZGEtZjM1ZWUxNjUyY2U0In0.fZGCU4Kw-ZsfWCPTJOTxEIYDCUFCv0iT0_7o7V5_nNs</msg>
<status status="PASS" starttime="20210719 23:03:00.676" endtime="20210719 23:03:00.676"></status>
</kw>
<msg timestamp="20210719 23:03:00.677" level="INFO">${token} = Bearer eyJhbGciOiJIUzI1NiIsInR5cCI6IkpXVCJ9.eyJpYXQiOjE2MjY3NDY1ODAsImV4cCI6MTYyNjgzMjk4MCwic3ViIjoiYTNhYjI2OGUtYzJkNS00ZWMwLTgzZGEtZjM1ZWUxNjUyY2U0In0.fZGCU4Kw-ZsfWCPTJOTxEIYDCUFCv0iT0_7o7V5_nNs</msg>
<status status="PASS" starttime="20210719 23:03:00.644" endtime="20210719 23:03:00.677"></status>
</kw>
<kw name="Create Dictionary" library="BuiltIn">
<doc>Creates and returns a dictionary based on the given ``items``.</doc>
<arguments>
<arg>content-type=application/jason</arg>
<arg>authorization=${token}</arg>
</arguments>
<assign>
<var>&amp;{headers}</var>
</assign>
<msg timestamp="20210719 23:03:00.677" level="INFO">&amp;{headers} = { content-type=application/jason | authorization=Bearer eyJhbGciOiJIUzI1NiIsInR5cCI6IkpXVCJ9.eyJpYXQiOjE2MjY3NDY1ODAsImV4cCI6MTYyNjgzMjk4MCwic3ViIjoiYTNhYjI2OGUtYzJkNS00ZWMwLTgzZGEtZjM1ZWUxNjUyY2U0In0...</msg>
<status status="PASS" starttime="20210719 23:03:00.677" endtime="20210719 23:03:00.677"></status>
</kw>
<kw name="Delete Request" library="RequestsLibrary">
<doc>Send a DELETE request on the session object found using the
given `alias`</doc>
<arguments>
<arg>zp-api</arg>
<arg>/customers/${cpf}</arg>
<arg>headers=${headers}</arg>
</arguments>
<msg timestamp="20210719 23:03:00.682" level="INFO">DELETE Request : url=http://zepalheta-api:3333/customers/698dc19d489c4e4db73e28a713eab07b 
 path_url=/customers/698dc19d489c4e4db73e28a713eab07b 
 headers={'User-Agent': 'python-requests/2.24.0', 'Accept-Encoding': 'gzip, deflate', 'Accept': '*/*', 'Connection': 'keep-alive', 'content-type': 'application/jason', 'authorization': 'Bearer eyJhbGciOiJIUzI1NiIsInR5cCI6IkpXVCJ9.eyJpYXQiOjE2MjY3NDY1ODAsImV4cCI6MTYyNjgzMjk4MCwic3ViIjoiYTNhYjI2OGUtYzJkNS00ZWMwLTgzZGEtZjM1ZWUxNjUyY2U0In0.fZGCU4Kw-ZsfWCPTJOTxEIYDCUFCv0iT0_7o7V5_nNs', 'Content-Length': '0'} 
 body=None 
 </msg>
<msg timestamp="20210719 23:03:00.683" level="INFO">DELETE Response : url=http://zepalheta-api:3333/customers/698dc19d489c4e4db73e28a713eab07b 
 status=404, reason=Not Found 
 body={"status":"error","message":"Customer not found"} 
 </msg>
<status status="PASS" starttime="20210719 23:03:00.677" endtime="20210719 23:03:00.683"></status>
</kw>
<msg timestamp="20210719 23:03:00.683" level="INFO">${resp} = None</msg>
<status status="PASS" starttime="20210719 23:03:00.644" endtime="20210719 23:03:00.683"></status>
</kw>
<kw name="Status Should Be" library="RequestsLibrary">
<doc>Fails if response status code is different than the expected.</doc>
<arguments>
<arg>404</arg>
<arg>${resp}</arg>
</arguments>
<msg timestamp="20210719 23:03:00.684" level="FAIL">InvalidResponse: None</msg>
<status status="FAIL" starttime="20210719 23:03:00.683" endtime="20210719 23:03:00.684"></status>
</kw>
<status status="FAIL" starttime="20210719 23:03:00.643" endtime="20210719 23:03:00.684" critical="yes">InvalidResponse: None</status>
</test>
<status status="FAIL" starttime="20210719 23:03:00.326" endtime="20210719 23:03:00.686"></status>
</suite>
<statistics>
<total>
<stat pass="0" fail="2">Critical Tests</stat>
<stat pass="0" fail="2">All Tests</stat>
</total>
<tag>
</tag>
<suite>
<stat pass="0" fail="2" id="s1" name="Delete Customers">Delete Customers</stat>
</suite>
</statistics>
<errors>
</errors>
</robot>
