<?xml version="1.0" encoding="UTF-8"?>
<robot generator="Robot 3.2.1 (Python 3.8.5 on win32)" generated="20200821 09:10:26.478" rpa="false">
<suite id="s1" name="Tests" source="c:\qaninja\ze-palheta\tests">
<suite id="s1-s1" name="Login" source="c:\qaninja\ze-palheta\tests\login.robot">
<test id="s1-s1-t1" name="Senha incorreta">
<kw name="Acesso a página Login" library="kws">
<kw name="Open Browser" library="SeleniumLibrary">
<doc>Opens a new browser instance to the optional ``url``.</doc>
<arguments>
<arg>http://zepalheta-web:3000/</arg>
<arg>chrome</arg>
</arguments>
<msg timestamp="20200821 09:10:27.376" level="INFO">Opening browser 'chrome' to base url 'http://zepalheta-web:3000/'.</msg>
<status status="PASS" starttime="20200821 09:10:27.376" endtime="20200821 09:10:34.168"></status>
</kw>
<kw name="Maximize Browser Window" library="SeleniumLibrary">
<doc>Maximizes current browser window.</doc>
<status status="PASS" starttime="20200821 09:10:34.168" endtime="20200821 09:10:36.287"></status>
</kw>
<status status="PASS" starttime="20200821 09:10:27.375" endtime="20200821 09:10:36.287"></status>
</kw>
<kw name="Submeto minhas credenciais" library="kws">
<arguments>
<arg>admin@zepalheta.com.br</arg>
<arg>abc123</arg>
</arguments>
<kw name="Input Text" library="SeleniumLibrary">
<doc>Types the given ``text`` into the text field identified by ``locator``.</doc>
<arguments>
<arg>id:txtEmail</arg>
<arg>${email}</arg>
</arguments>
<msg timestamp="20200821 09:10:36.288" level="INFO">Typing text 'admin@zepalheta.com.br' into text field 'id:txtEmail'.</msg>
<status status="PASS" starttime="20200821 09:10:36.288" endtime="20200821 09:10:36.525"></status>
</kw>
<kw name="Input Text" library="SeleniumLibrary">
<doc>Types the given ``text`` into the text field identified by ``locator``.</doc>
<arguments>
<arg>css:input[placeholder=Senha]</arg>
<arg>${password}</arg>
</arguments>
<msg timestamp="20200821 09:10:36.526" level="INFO">Typing text 'abc123' into text field 'css:input[placeholder=Senha]'.</msg>
<status status="PASS" starttime="20200821 09:10:36.526" endtime="20200821 09:10:36.633"></status>
</kw>
<kw name="Click Element" library="SeleniumLibrary">
<doc>Click the element identified by ``locator``.</doc>
<arguments>
<arg>xpath://button[text()='Entrar']</arg>
</arguments>
<msg timestamp="20200821 09:10:36.633" level="INFO">Clicking element 'xpath://button[text()='Entrar']'.</msg>
<status status="PASS" starttime="20200821 09:10:36.633" endtime="20200821 09:10:36.759"></status>
</kw>
<status status="PASS" starttime="20200821 09:10:36.288" endtime="20200821 09:10:36.759"></status>
</kw>
<kw name="Devo ver um toaster com a mensagem" library="kws">
<arguments>
<arg>Ocorreu um erro ao fazer login, cheque as credenciais.</arg>
</arguments>
<kw name="Wait Until Element Contains" library="SeleniumLibrary">
<doc>Waits until the element ``locator`` contains ``text``.</doc>
<arguments>
<arg>css:div[type=error] p</arg>
<arg>${expect_message}</arg>
</arguments>
<status status="PASS" starttime="20200821 09:10:36.760" endtime="20200821 09:10:38.711"></status>
</kw>
<kw name="Close Browser" library="SeleniumLibrary">
<doc>Closes the current browser.</doc>
<status status="PASS" starttime="20200821 09:10:38.711" endtime="20200821 09:10:40.863"></status>
</kw>
<status status="PASS" starttime="20200821 09:10:36.760" endtime="20200821 09:10:40.863"></status>
</kw>
<tags>
<tag>inv_pass</tag>
</tags>
<status status="PASS" starttime="20200821 09:10:27.375" endtime="20200821 09:10:40.863" critical="yes"></status>
</test>
<test id="s1-s1-t2" name="Senha em branco">
<kw name="Acesso a página Login" library="kws">
<kw name="Open Browser" library="SeleniumLibrary">
<doc>Opens a new browser instance to the optional ``url``.</doc>
<arguments>
<arg>http://zepalheta-web:3000/</arg>
<arg>chrome</arg>
</arguments>
<msg timestamp="20200821 09:10:40.867" level="INFO">Opening browser 'chrome' to base url 'http://zepalheta-web:3000/'.</msg>
<status status="PASS" starttime="20200821 09:10:40.866" endtime="20200821 09:10:44.762"></status>
</kw>
<kw name="Maximize Browser Window" library="SeleniumLibrary">
<doc>Maximizes current browser window.</doc>
<status status="PASS" starttime="20200821 09:10:44.762" endtime="20200821 09:10:46.883"></status>
</kw>
<status status="PASS" starttime="20200821 09:10:40.866" endtime="20200821 09:10:46.883"></status>
</kw>
<kw name="Submeto minhas credenciais" library="kws">
<arguments>
<arg>joao@gmail.com</arg>
<arg>${EMPTY}</arg>
</arguments>
<kw name="Input Text" library="SeleniumLibrary">
<doc>Types the given ``text`` into the text field identified by ``locator``.</doc>
<arguments>
<arg>id:txtEmail</arg>
<arg>${email}</arg>
</arguments>
<msg timestamp="20200821 09:10:46.886" level="INFO">Typing text 'joao@gmail.com' into text field 'id:txtEmail'.</msg>
<status status="PASS" starttime="20200821 09:10:46.886" endtime="20200821 09:10:46.994"></status>
</kw>
<kw name="Input Text" library="SeleniumLibrary">
<doc>Types the given ``text`` into the text field identified by ``locator``.</doc>
<arguments>
<arg>css:input[placeholder=Senha]</arg>
<arg>${password}</arg>
</arguments>
<msg timestamp="20200821 09:10:46.995" level="INFO">Typing text '' into text field 'css:input[placeholder=Senha]'.</msg>
<status status="PASS" starttime="20200821 09:10:46.994" endtime="20200821 09:10:47.070"></status>
</kw>
<kw name="Click Element" library="SeleniumLibrary">
<doc>Click the element identified by ``locator``.</doc>
<arguments>
<arg>xpath://button[text()='Entrar']</arg>
</arguments>
<msg timestamp="20200821 09:10:47.070" level="INFO">Clicking element 'xpath://button[text()='Entrar']'.</msg>
<status status="PASS" starttime="20200821 09:10:47.070" endtime="20200821 09:10:47.133"></status>
</kw>
<status status="PASS" starttime="20200821 09:10:46.884" endtime="20200821 09:10:47.133"></status>
</kw>
<kw name="Devo ver um toaster com a mensagem" library="kws">
<arguments>
<arg>O campo senha é obrigatório!</arg>
</arguments>
<kw name="Wait Until Element Contains" library="SeleniumLibrary">
<doc>Waits until the element ``locator`` contains ``text``.</doc>
<arguments>
<arg>css:div[type=error] p</arg>
<arg>${expect_message}</arg>
</arguments>
<status status="PASS" starttime="20200821 09:10:47.134" endtime="20200821 09:10:47.370"></status>
</kw>
<kw name="Close Browser" library="SeleniumLibrary">
<doc>Closes the current browser.</doc>
<status status="PASS" starttime="20200821 09:10:47.370" endtime="20200821 09:10:49.522"></status>
</kw>
<status status="PASS" starttime="20200821 09:10:47.133" endtime="20200821 09:10:49.522"></status>
</kw>
<tags>
<tag>inv_pass</tag>
</tags>
<status status="PASS" starttime="20200821 09:10:40.866" endtime="20200821 09:10:49.523" critical="yes"></status>
</test>
<test id="s1-s1-t3" name="Email em branco">
<kw name="Acesso a página Login" library="kws">
<kw name="Open Browser" library="SeleniumLibrary">
<doc>Opens a new browser instance to the optional ``url``.</doc>
<arguments>
<arg>http://zepalheta-web:3000/</arg>
<arg>chrome</arg>
</arguments>
<msg timestamp="20200821 09:10:49.526" level="INFO">Opening browser 'chrome' to base url 'http://zepalheta-web:3000/'.</msg>
<status status="PASS" starttime="20200821 09:10:49.526" endtime="20200821 09:10:53.827"></status>
</kw>
<kw name="Maximize Browser Window" library="SeleniumLibrary">
<doc>Maximizes current browser window.</doc>
<status status="PASS" starttime="20200821 09:10:53.827" endtime="20200821 09:10:55.950"></status>
</kw>
<status status="PASS" starttime="20200821 09:10:49.526" endtime="20200821 09:10:55.950"></status>
</kw>
<kw name="Submeto minhas credenciais" library="kws">
<arguments>
<arg>${EMPTY}</arg>
<arg>123456</arg>
</arguments>
<kw name="Input Text" library="SeleniumLibrary">
<doc>Types the given ``text`` into the text field identified by ``locator``.</doc>
<arguments>
<arg>id:txtEmail</arg>
<arg>${email}</arg>
</arguments>
<msg timestamp="20200821 09:10:55.951" level="INFO">Typing text '' into text field 'id:txtEmail'.</msg>
<status status="PASS" starttime="20200821 09:10:55.951" endtime="20200821 09:10:56.027"></status>
</kw>
<kw name="Input Text" library="SeleniumLibrary">
<doc>Types the given ``text`` into the text field identified by ``locator``.</doc>
<arguments>
<arg>css:input[placeholder=Senha]</arg>
<arg>${password}</arg>
</arguments>
<msg timestamp="20200821 09:10:56.028" level="INFO">Typing text '123456' into text field 'css:input[placeholder=Senha]'.</msg>
<status status="PASS" starttime="20200821 09:10:56.027" endtime="20200821 09:10:56.113"></status>
</kw>
<kw name="Click Element" library="SeleniumLibrary">
<doc>Click the element identified by ``locator``.</doc>
<arguments>
<arg>xpath://button[text()='Entrar']</arg>
</arguments>
<msg timestamp="20200821 09:10:56.113" level="INFO">Clicking element 'xpath://button[text()='Entrar']'.</msg>
<status status="PASS" starttime="20200821 09:10:56.113" endtime="20200821 09:10:56.171"></status>
</kw>
<status status="PASS" starttime="20200821 09:10:55.951" endtime="20200821 09:10:56.171"></status>
</kw>
<kw name="Devo ver um toaster com a mensagem" library="kws">
<arguments>
<arg>O campo email é obrigatório!</arg>
</arguments>
<kw name="Wait Until Element Contains" library="SeleniumLibrary">
<doc>Waits until the element ``locator`` contains ``text``.</doc>
<arguments>
<arg>css:div[type=error] p</arg>
<arg>${expect_message}</arg>
</arguments>
<status status="PASS" starttime="20200821 09:10:56.172" endtime="20200821 09:10:56.407"></status>
</kw>
<kw name="Close Browser" library="SeleniumLibrary">
<doc>Closes the current browser.</doc>
<status status="PASS" starttime="20200821 09:10:56.407" endtime="20200821 09:10:58.554"></status>
</kw>
<status status="PASS" starttime="20200821 09:10:56.171" endtime="20200821 09:10:58.554"></status>
</kw>
<tags>
<tag>inv_pass</tag>
</tags>
<status status="PASS" starttime="20200821 09:10:49.525" endtime="20200821 09:10:58.557" critical="yes"></status>
</test>
<test id="s1-s1-t4" name="Email e senha em branco">
<kw name="Acesso a página Login" library="kws">
<kw name="Open Browser" library="SeleniumLibrary">
<doc>Opens a new browser instance to the optional ``url``.</doc>
<arguments>
<arg>http://zepalheta-web:3000/</arg>
<arg>chrome</arg>
</arguments>
<msg timestamp="20200821 09:10:58.561" level="INFO">Opening browser 'chrome' to base url 'http://zepalheta-web:3000/'.</msg>
<status status="PASS" starttime="20200821 09:10:58.561" endtime="20200821 09:11:02.570"></status>
</kw>
<kw name="Maximize Browser Window" library="SeleniumLibrary">
<doc>Maximizes current browser window.</doc>
<status status="PASS" starttime="20200821 09:11:02.570" endtime="20200821 09:11:04.705"></status>
</kw>
<status status="PASS" starttime="20200821 09:10:58.561" endtime="20200821 09:11:04.705"></status>
</kw>
<kw name="Submeto minhas credenciais" library="kws">
<arguments>
<arg>${EMPTY}</arg>
<arg>${EMPTY}</arg>
</arguments>
<kw name="Input Text" library="SeleniumLibrary">
<doc>Types the given ``text`` into the text field identified by ``locator``.</doc>
<arguments>
<arg>id:txtEmail</arg>
<arg>${email}</arg>
</arguments>
<msg timestamp="20200821 09:11:04.709" level="INFO">Typing text '' into text field 'id:txtEmail'.</msg>
<status status="PASS" starttime="20200821 09:11:04.709" endtime="20200821 09:11:04.785"></status>
</kw>
<kw name="Input Text" library="SeleniumLibrary">
<doc>Types the given ``text`` into the text field identified by ``locator``.</doc>
<arguments>
<arg>css:input[placeholder=Senha]</arg>
<arg>${password}</arg>
</arguments>
<msg timestamp="20200821 09:11:04.785" level="INFO">Typing text '' into text field 'css:input[placeholder=Senha]'.</msg>
<status status="PASS" starttime="20200821 09:11:04.785" endtime="20200821 09:11:04.859"></status>
</kw>
<kw name="Click Element" library="SeleniumLibrary">
<doc>Click the element identified by ``locator``.</doc>
<arguments>
<arg>xpath://button[text()='Entrar']</arg>
</arguments>
<msg timestamp="20200821 09:11:04.860" level="INFO">Clicking element 'xpath://button[text()='Entrar']'.</msg>
<status status="PASS" starttime="20200821 09:11:04.859" endtime="20200821 09:11:04.921"></status>
</kw>
<status status="PASS" starttime="20200821 09:11:04.708" endtime="20200821 09:11:04.921"></status>
</kw>
<kw name="Devo ver um toaster com a mensagem" library="kws">
<arguments>
<arg>Os campos email e senha não foram preenchidos!</arg>
</arguments>
<kw name="Wait Until Element Contains" library="SeleniumLibrary">
<doc>Waits until the element ``locator`` contains ``text``.</doc>
<arguments>
<arg>css:div[type=error] p</arg>
<arg>${expect_message}</arg>
</arguments>
<status status="PASS" starttime="20200821 09:11:04.922" endtime="20200821 09:11:05.164"></status>
</kw>
<kw name="Close Browser" library="SeleniumLibrary">
<doc>Closes the current browser.</doc>
<status status="PASS" starttime="20200821 09:11:05.164" endtime="20200821 09:11:07.324"></status>
</kw>
<status status="PASS" starttime="20200821 09:11:04.922" endtime="20200821 09:11:07.324"></status>
</kw>
<tags>
<tag>inv_pass</tag>
</tags>
<status status="PASS" starttime="20200821 09:10:58.560" endtime="20200821 09:11:07.325" critical="yes"></status>
</test>
<doc>Login</doc>
<status status="PASS" starttime="20200821 09:10:26.507" endtime="20200821 09:11:07.328"></status>
</suite>
<status status="PASS" starttime="20200821 09:10:26.480" endtime="20200821 09:11:07.332"></status>
</suite>
<statistics>
<total>
<stat pass="4" fail="0">Critical Tests</stat>
<stat pass="4" fail="0">All Tests</stat>
</total>
<tag>
<stat pass="4" fail="0">inv_pass</stat>
</tag>
<suite>
<stat pass="4" fail="0" id="s1" name="Tests">Tests</stat>
<stat pass="4" fail="0" id="s1-s1" name="Login">Tests.Login</stat>
</suite>
</statistics>
<errors>
</errors>
</robot>
